[2022-01-11 15:37:10,189] {taskinstance.py:1032} INFO - Dependencies all met for <TaskInstance: stocks_dag.get_tickers_2_ manual__2022-01-11T15:37:06.016197+00:00 [queued]>
[2022-01-11 15:37:10,201] {taskinstance.py:1032} INFO - Dependencies all met for <TaskInstance: stocks_dag.get_tickers_2_ manual__2022-01-11T15:37:06.016197+00:00 [queued]>
[2022-01-11 15:37:10,202] {taskinstance.py:1238} INFO - 
--------------------------------------------------------------------------------
[2022-01-11 15:37:10,203] {taskinstance.py:1239} INFO - Starting attempt 1 of 4
[2022-01-11 15:37:10,204] {taskinstance.py:1240} INFO - 
--------------------------------------------------------------------------------
[2022-01-11 15:37:10,219] {taskinstance.py:1259} INFO - Executing <Task(PythonOperator): get_tickers_2_> on 2022-01-11 15:37:06.016197+00:00
[2022-01-11 15:37:10,224] {standard_task_runner.py:52} INFO - Started process 1016 to run task
[2022-01-11 15:37:10,229] {standard_task_runner.py:76} INFO - Running: ['***', 'tasks', 'run', 'stocks_dag', 'get_tickers_2_', 'manual__2022-01-11T15:37:06.016197+00:00', '--job-id', '141', '--raw', '--subdir', 'DAGS_FOLDER/stocks_dag.py', '--cfg-path', '/tmp/tmph2hzv76j', '--error-file', '/tmp/tmpdvllf0qm']
[2022-01-11 15:37:10,230] {standard_task_runner.py:77} INFO - Job 141: Subtask get_tickers_2_
[2022-01-11 15:37:10,287] {logging_mixin.py:109} INFO - Running <TaskInstance: stocks_dag.get_tickers_2_ manual__2022-01-11T15:37:06.016197+00:00 [running]> on host 36edd51a2216
[2022-01-11 15:37:10,332] {taskinstance.py:1426} INFO - Exporting the following env vars:
AIRFLOW_CTX_DAG_EMAIL=mcgaritym@gmail.com
AIRFLOW_CTX_DAG_OWNER=***
AIRFLOW_CTX_DAG_ID=stocks_dag
AIRFLOW_CTX_TASK_ID=get_tickers_2_
AIRFLOW_CTX_EXECUTION_DATE=2022-01-11T15:37:06.016197+00:00
AIRFLOW_CTX_DAG_RUN_ID=manual__2022-01-11T15:37:06.016197+00:00
[2022-01-11 15:37:10,334] {logging_mixin.py:109} INFO - Parent Directory:  /opt
[2022-01-11 15:37:10,335] {logging_mixin.py:109} INFO - Data Directory:  /opt/data
[2022-01-11 15:37:10,336] {logging_mixin.py:109} INFO - Current Working Directory:  /opt/***
[2022-01-11 15:37:10,337] {logging_mixin.py:109} INFO - Current Files in WD:  ['logs', 'dags', '***-worker.pid', '***.cfg', 'plugins', 'webserver_config.py', 'requirements.txt']
[2022-01-11 15:37:10,337] {logging_mixin.py:109} INFO - []
[2022-01-11 15:37:10,338] {python.py:175} INFO - Done. Returned value was: None
[2022-01-11 15:37:10,349] {taskinstance.py:1277} INFO - Marking task as SUCCESS. dag_id=stocks_dag, task_id=get_tickers_2_, execution_date=20220111T153706, start_date=20220111T153710, end_date=20220111T153710
[2022-01-11 15:37:10,403] {local_task_job.py:154} INFO - Task exited with return code 0
[2022-01-11 15:37:10,436] {local_task_job.py:264} INFO - 1 downstream tasks scheduled from follow-on schedule check
