[2022-01-15 20:03:41,539] {taskinstance.py:1032} INFO - Dependencies all met for <TaskInstance: stocks_dag.print_date manual__2022-01-15T20:03:40.207453+00:00 [queued]>
[2022-01-15 20:03:41,554] {taskinstance.py:1032} INFO - Dependencies all met for <TaskInstance: stocks_dag.print_date manual__2022-01-15T20:03:40.207453+00:00 [queued]>
[2022-01-15 20:03:41,555] {taskinstance.py:1238} INFO - 
--------------------------------------------------------------------------------
[2022-01-15 20:03:41,555] {taskinstance.py:1239} INFO - Starting attempt 1 of 4
[2022-01-15 20:03:41,556] {taskinstance.py:1240} INFO - 
--------------------------------------------------------------------------------
[2022-01-15 20:03:41,568] {taskinstance.py:1259} INFO - Executing <Task(BashOperator): print_date> on 2022-01-15 20:03:40.207453+00:00
[2022-01-15 20:03:41,573] {standard_task_runner.py:52} INFO - Started process 904 to run task
[2022-01-15 20:03:41,577] {standard_task_runner.py:76} INFO - Running: ['***', 'tasks', 'run', 'stocks_dag', 'print_date', 'manual__2022-01-15T20:03:40.207453+00:00', '--job-id', '460', '--raw', '--subdir', 'DAGS_FOLDER/stocks_dag.py', '--cfg-path', '/tmp/tmpfaueup4d', '--error-file', '/tmp/tmpoljtmbl4']
[2022-01-15 20:03:41,578] {standard_task_runner.py:77} INFO - Job 460: Subtask print_date
[2022-01-15 20:03:41,646] {logging_mixin.py:109} INFO - Running <TaskInstance: stocks_dag.print_date manual__2022-01-15T20:03:40.207453+00:00 [running]> on host 241ebeaac988
[2022-01-15 20:03:41,717] {taskinstance.py:1426} INFO - Exporting the following env vars:
AIRFLOW_CTX_DAG_EMAIL=mcgaritym@gmail.com
AIRFLOW_CTX_DAG_OWNER=***
AIRFLOW_CTX_DAG_ID=stocks_dag
AIRFLOW_CTX_TASK_ID=print_date
AIRFLOW_CTX_EXECUTION_DATE=2022-01-15T20:03:40.207453+00:00
AIRFLOW_CTX_DAG_RUN_ID=manual__2022-01-15T20:03:40.207453+00:00
[2022-01-15 20:03:41,719] {subprocess.py:62} INFO - Tmp dir root location: 
 /tmp
[2022-01-15 20:03:41,721] {subprocess.py:74} INFO - Running command: ['bash', '-c', 'date']
[2022-01-15 20:03:41,738] {subprocess.py:85} INFO - Output:
[2022-01-15 20:03:41,743] {subprocess.py:89} INFO - Sat Jan 15 20:03:41 UTC 2022
[2022-01-15 20:03:41,745] {subprocess.py:93} INFO - Command exited with return code 0
[2022-01-15 20:03:41,788] {taskinstance.py:1277} INFO - Marking task as SUCCESS. dag_id=stocks_dag, task_id=print_date, execution_date=20220115T200340, start_date=20220115T200341, end_date=20220115T200341
[2022-01-15 20:03:41,836] {local_task_job.py:154} INFO - Task exited with return code 0
[2022-01-15 20:03:41,885] {local_task_job.py:264} INFO - 0 downstream tasks scheduled from follow-on schedule check
