[2022-01-15 19:46:43,357] {taskinstance.py:1032} INFO - Dependencies all met for <TaskInstance: stocks_dag.print_date manual__2022-01-15T19:46:41.501513+00:00 [queued]>
[2022-01-15 19:46:43,374] {taskinstance.py:1032} INFO - Dependencies all met for <TaskInstance: stocks_dag.print_date manual__2022-01-15T19:46:41.501513+00:00 [queued]>
[2022-01-15 19:46:43,375] {taskinstance.py:1238} INFO - 
--------------------------------------------------------------------------------
[2022-01-15 19:46:43,376] {taskinstance.py:1239} INFO - Starting attempt 1 of 4
[2022-01-15 19:46:43,377] {taskinstance.py:1240} INFO - 
--------------------------------------------------------------------------------
[2022-01-15 19:46:43,396] {taskinstance.py:1259} INFO - Executing <Task(BashOperator): print_date> on 2022-01-15 19:46:41.501513+00:00
[2022-01-15 19:46:43,405] {standard_task_runner.py:52} INFO - Started process 138 to run task
[2022-01-15 19:46:43,417] {standard_task_runner.py:76} INFO - Running: ['***', 'tasks', 'run', 'stocks_dag', 'print_date', 'manual__2022-01-15T19:46:41.501513+00:00', '--job-id', '454', '--raw', '--subdir', 'DAGS_FOLDER/stocks_dag.py', '--cfg-path', '/tmp/tmppky_5tmv', '--error-file', '/tmp/tmpgj_33_q6']
[2022-01-15 19:46:43,435] {standard_task_runner.py:77} INFO - Job 454: Subtask print_date
[2022-01-15 19:46:43,560] {logging_mixin.py:109} INFO - Running <TaskInstance: stocks_dag.print_date manual__2022-01-15T19:46:41.501513+00:00 [running]> on host 241ebeaac988
[2022-01-15 19:46:43,651] {taskinstance.py:1426} INFO - Exporting the following env vars:
AIRFLOW_CTX_DAG_EMAIL=mcgaritym@gmail.com
AIRFLOW_CTX_DAG_OWNER=***
AIRFLOW_CTX_DAG_ID=stocks_dag
AIRFLOW_CTX_TASK_ID=print_date
AIRFLOW_CTX_EXECUTION_DATE=2022-01-15T19:46:41.501513+00:00
AIRFLOW_CTX_DAG_RUN_ID=manual__2022-01-15T19:46:41.501513+00:00
[2022-01-15 19:46:43,653] {subprocess.py:62} INFO - Tmp dir root location: 
 /tmp
[2022-01-15 19:46:43,654] {subprocess.py:74} INFO - Running command: ['bash', '-c', 'date']
[2022-01-15 19:46:43,676] {subprocess.py:85} INFO - Output:
[2022-01-15 19:46:43,689] {subprocess.py:89} INFO - Sat Jan 15 19:46:43 UTC 2022
[2022-01-15 19:46:43,690] {subprocess.py:93} INFO - Command exited with return code 0
[2022-01-15 19:46:43,737] {taskinstance.py:1277} INFO - Marking task as SUCCESS. dag_id=stocks_dag, task_id=print_date, execution_date=20220115T194641, start_date=20220115T194643, end_date=20220115T194643
[2022-01-15 19:46:43,794] {local_task_job.py:154} INFO - Task exited with return code 0
[2022-01-15 19:46:43,835] {local_task_job.py:264} INFO - 0 downstream tasks scheduled from follow-on schedule check
