[2022-01-11 16:45:30,071] {taskinstance.py:1032} INFO - Dependencies all met for <TaskInstance: stocks_dag.get_tickers_2_ manual__2022-01-11T16:45:28.975900+00:00 [queued]>
[2022-01-11 16:45:30,083] {taskinstance.py:1032} INFO - Dependencies all met for <TaskInstance: stocks_dag.get_tickers_2_ manual__2022-01-11T16:45:28.975900+00:00 [queued]>
[2022-01-11 16:45:30,084] {taskinstance.py:1238} INFO - 
--------------------------------------------------------------------------------
[2022-01-11 16:45:30,084] {taskinstance.py:1239} INFO - Starting attempt 1 of 4
[2022-01-11 16:45:30,085] {taskinstance.py:1240} INFO - 
--------------------------------------------------------------------------------
[2022-01-11 16:45:30,098] {taskinstance.py:1259} INFO - Executing <Task(PythonOperator): get_tickers_2_> on 2022-01-11 16:45:28.975900+00:00
[2022-01-11 16:45:30,103] {standard_task_runner.py:52} INFO - Started process 699 to run task
[2022-01-11 16:45:30,107] {standard_task_runner.py:76} INFO - Running: ['***', 'tasks', 'run', 'stocks_dag', 'get_tickers_2_', 'manual__2022-01-11T16:45:28.975900+00:00', '--job-id', '230', '--raw', '--subdir', 'DAGS_FOLDER/stocks_dag.py', '--cfg-path', '/tmp/tmpha1x4_ae', '--error-file', '/tmp/tmpvfiwd33c']
[2022-01-11 16:45:30,109] {standard_task_runner.py:77} INFO - Job 230: Subtask get_tickers_2_
[2022-01-11 16:45:30,177] {logging_mixin.py:109} INFO - Running <TaskInstance: stocks_dag.get_tickers_2_ manual__2022-01-11T16:45:28.975900+00:00 [running]> on host 05378dffc570
[2022-01-11 16:45:30,236] {taskinstance.py:1426} INFO - Exporting the following env vars:
AIRFLOW_CTX_DAG_EMAIL=mcgaritym@gmail.com
AIRFLOW_CTX_DAG_OWNER=***
AIRFLOW_CTX_DAG_ID=stocks_dag
AIRFLOW_CTX_TASK_ID=get_tickers_2_
AIRFLOW_CTX_EXECUTION_DATE=2022-01-11T16:45:28.975900+00:00
AIRFLOW_CTX_DAG_RUN_ID=manual__2022-01-11T16:45:28.975900+00:00
[2022-01-11 16:45:30,238] {logging_mixin.py:109} INFO - Parent Directory:  /opt
[2022-01-11 16:45:30,239] {logging_mixin.py:109} INFO - Data Directory:  /opt/data
[2022-01-11 16:45:30,240] {logging_mixin.py:109} INFO - Current Working Directory:  /opt/***
[2022-01-11 16:45:30,241] {logging_mixin.py:109} INFO - Current Files in WD:  ['logs', 'dags', '***-worker.pid', 'data', '***.cfg', 'plugins', 'webserver_config.py', 'requirements.txt']
[2022-01-11 16:45:30,242] {logging_mixin.py:109} INFO - []
[2022-01-11 16:45:30,243] {python.py:175} INFO - Done. Returned value was: None
[2022-01-11 16:45:30,257] {taskinstance.py:1277} INFO - Marking task as SUCCESS. dag_id=stocks_dag, task_id=get_tickers_2_, execution_date=20220111T164528, start_date=20220111T164530, end_date=20220111T164530
[2022-01-11 16:45:30,281] {local_task_job.py:154} INFO - Task exited with return code 0
[2022-01-11 16:45:30,336] {local_task_job.py:264} INFO - 1 downstream tasks scheduled from follow-on schedule check
