[2022-01-11 17:17:22,984] {taskinstance.py:1032} INFO - Dependencies all met for <TaskInstance: stocks_dag.print_date manual__2022-01-11T17:17:21.839180+00:00 [queued]>
[2022-01-11 17:17:23,011] {taskinstance.py:1032} INFO - Dependencies all met for <TaskInstance: stocks_dag.print_date manual__2022-01-11T17:17:21.839180+00:00 [queued]>
[2022-01-11 17:17:23,013] {taskinstance.py:1238} INFO - 
--------------------------------------------------------------------------------
[2022-01-11 17:17:23,014] {taskinstance.py:1239} INFO - Starting attempt 1 of 4
[2022-01-11 17:17:23,016] {taskinstance.py:1240} INFO - 
--------------------------------------------------------------------------------
[2022-01-11 17:17:23,037] {taskinstance.py:1259} INFO - Executing <Task(BashOperator): print_date> on 2022-01-11 17:17:21.839180+00:00
[2022-01-11 17:17:23,048] {standard_task_runner.py:52} INFO - Started process 412 to run task
[2022-01-11 17:17:23,054] {standard_task_runner.py:76} INFO - Running: ['***', 'tasks', 'run', 'stocks_dag', 'print_date', 'manual__2022-01-11T17:17:21.839180+00:00', '--job-id', '362', '--raw', '--subdir', 'DAGS_FOLDER/stocks_dag.py', '--cfg-path', '/tmp/tmp0ka1va9o', '--error-file', '/tmp/tmp7w6_v485']
[2022-01-11 17:17:23,055] {standard_task_runner.py:77} INFO - Job 362: Subtask print_date
[2022-01-11 17:17:23,146] {logging_mixin.py:109} INFO - Running <TaskInstance: stocks_dag.print_date manual__2022-01-11T17:17:21.839180+00:00 [running]> on host 10d1e29787a9
[2022-01-11 17:17:23,226] {taskinstance.py:1426} INFO - Exporting the following env vars:
AIRFLOW_CTX_DAG_EMAIL=mcgaritym@gmail.com
AIRFLOW_CTX_DAG_OWNER=***
AIRFLOW_CTX_DAG_ID=stocks_dag
AIRFLOW_CTX_TASK_ID=print_date
AIRFLOW_CTX_EXECUTION_DATE=2022-01-11T17:17:21.839180+00:00
AIRFLOW_CTX_DAG_RUN_ID=manual__2022-01-11T17:17:21.839180+00:00
[2022-01-11 17:17:23,228] {subprocess.py:62} INFO - Tmp dir root location: 
 /tmp
[2022-01-11 17:17:23,230] {subprocess.py:74} INFO - Running command: ['bash', '-c', 'date']
[2022-01-11 17:17:23,244] {subprocess.py:85} INFO - Output:
[2022-01-11 17:17:23,248] {subprocess.py:89} INFO - Tue Jan 11 17:17:23 UTC 2022
[2022-01-11 17:17:23,250] {subprocess.py:93} INFO - Command exited with return code 0
[2022-01-11 17:17:23,284] {taskinstance.py:1277} INFO - Marking task as SUCCESS. dag_id=stocks_dag, task_id=print_date, execution_date=20220111T171721, start_date=20220111T171722, end_date=20220111T171723
[2022-01-11 17:17:23,350] {local_task_job.py:154} INFO - Task exited with return code 0
[2022-01-11 17:17:23,383] {local_task_job.py:264} INFO - 0 downstream tasks scheduled from follow-on schedule check
