[2022-01-11 16:52:56,509] {taskinstance.py:1032} INFO - Dependencies all met for <TaskInstance: stocks_dag.get_tickers_2_ manual__2022-01-11T16:52:54.785760+00:00 [queued]>
[2022-01-11 16:52:56,522] {taskinstance.py:1032} INFO - Dependencies all met for <TaskInstance: stocks_dag.get_tickers_2_ manual__2022-01-11T16:52:54.785760+00:00 [queued]>
[2022-01-11 16:52:56,523] {taskinstance.py:1238} INFO - 
--------------------------------------------------------------------------------
[2022-01-11 16:52:56,524] {taskinstance.py:1239} INFO - Starting attempt 1 of 4
[2022-01-11 16:52:56,525] {taskinstance.py:1240} INFO - 
--------------------------------------------------------------------------------
[2022-01-11 16:52:56,542] {taskinstance.py:1259} INFO - Executing <Task(PythonOperator): get_tickers_2_> on 2022-01-11 16:52:54.785760+00:00
[2022-01-11 16:52:56,551] {standard_task_runner.py:52} INFO - Started process 231 to run task
[2022-01-11 16:52:56,556] {standard_task_runner.py:76} INFO - Running: ['***', 'tasks', 'run', 'stocks_dag', 'get_tickers_2_', 'manual__2022-01-11T16:52:54.785760+00:00', '--job-id', '264', '--raw', '--subdir', 'DAGS_FOLDER/stocks_dag.py', '--cfg-path', '/tmp/tmpz4jq1dz4', '--error-file', '/tmp/tmpm2rgw290']
[2022-01-11 16:52:56,560] {standard_task_runner.py:77} INFO - Job 264: Subtask get_tickers_2_
[2022-01-11 16:52:56,652] {logging_mixin.py:109} INFO - Running <TaskInstance: stocks_dag.get_tickers_2_ manual__2022-01-11T16:52:54.785760+00:00 [running]> on host 05378dffc570
[2022-01-11 16:52:56,733] {taskinstance.py:1426} INFO - Exporting the following env vars:
AIRFLOW_CTX_DAG_EMAIL=mcgaritym@gmail.com
AIRFLOW_CTX_DAG_OWNER=***
AIRFLOW_CTX_DAG_ID=stocks_dag
AIRFLOW_CTX_TASK_ID=get_tickers_2_
AIRFLOW_CTX_EXECUTION_DATE=2022-01-11T16:52:54.785760+00:00
AIRFLOW_CTX_DAG_RUN_ID=manual__2022-01-11T16:52:54.785760+00:00
[2022-01-11 16:52:56,736] {logging_mixin.py:109} INFO - Parent Directory:  /opt
[2022-01-11 16:52:56,738] {logging_mixin.py:109} INFO - Data Directory:  /opt/data
[2022-01-11 16:52:56,739] {logging_mixin.py:109} INFO - Current Working Directory:  /opt/***
[2022-01-11 16:52:56,742] {logging_mixin.py:109} INFO - Current Files in WD_:  ['logs', 'dags', '***-worker.pid', 'data', '***.cfg', 'plugins', 'webserver_config.py', 'requirements.txt']
[2022-01-11 16:52:56,744] {logging_mixin.py:109} INFO - []
[2022-01-11 16:52:56,745] {python.py:175} INFO - Done. Returned value was: None
[2022-01-11 16:52:56,771] {taskinstance.py:1277} INFO - Marking task as SUCCESS. dag_id=stocks_dag, task_id=get_tickers_2_, execution_date=20220111T165254, start_date=20220111T165256, end_date=20220111T165256
[2022-01-11 16:52:56,818] {local_task_job.py:154} INFO - Task exited with return code 0
[2022-01-11 16:52:56,925] {local_task_job.py:264} INFO - 1 downstream tasks scheduled from follow-on schedule check
