[2022-01-11 15:57:50,354] {taskinstance.py:1032} INFO - Dependencies all met for <TaskInstance: stocks_dag.get_tickers_2_ manual__2022-01-11T15:56:11.131018+00:00 [queued]>
[2022-01-11 15:57:50,367] {taskinstance.py:1032} INFO - Dependencies all met for <TaskInstance: stocks_dag.get_tickers_2_ manual__2022-01-11T15:56:11.131018+00:00 [queued]>
[2022-01-11 15:57:50,368] {taskinstance.py:1238} INFO - 
--------------------------------------------------------------------------------
[2022-01-11 15:57:50,370] {taskinstance.py:1239} INFO - Starting attempt 1 of 4
[2022-01-11 15:57:50,370] {taskinstance.py:1240} INFO - 
--------------------------------------------------------------------------------
[2022-01-11 15:57:50,385] {taskinstance.py:1259} INFO - Executing <Task(PythonOperator): get_tickers_2_> on 2022-01-11 15:56:11.131018+00:00
[2022-01-11 15:57:50,391] {standard_task_runner.py:52} INFO - Started process 160 to run task
[2022-01-11 15:57:50,396] {standard_task_runner.py:76} INFO - Running: ['***', 'tasks', 'run', 'stocks_dag', 'get_tickers_2_', 'manual__2022-01-11T15:56:11.131018+00:00', '--job-id', '169', '--raw', '--subdir', 'DAGS_FOLDER/stocks_dag.py', '--cfg-path', '/tmp/tmp20z1vl8q', '--error-file', '/tmp/tmpf1xszxu2']
[2022-01-11 15:57:50,397] {standard_task_runner.py:77} INFO - Job 169: Subtask get_tickers_2_
[2022-01-11 15:57:50,474] {logging_mixin.py:109} INFO - Running <TaskInstance: stocks_dag.get_tickers_2_ manual__2022-01-11T15:56:11.131018+00:00 [running]> on host b2689cbd0ea6
[2022-01-11 15:57:50,547] {taskinstance.py:1426} INFO - Exporting the following env vars:
AIRFLOW_CTX_DAG_EMAIL=mcgaritym@gmail.com
AIRFLOW_CTX_DAG_OWNER=***
AIRFLOW_CTX_DAG_ID=stocks_dag
AIRFLOW_CTX_TASK_ID=get_tickers_2_
AIRFLOW_CTX_EXECUTION_DATE=2022-01-11T15:56:11.131018+00:00
AIRFLOW_CTX_DAG_RUN_ID=manual__2022-01-11T15:56:11.131018+00:00
[2022-01-11 15:57:50,549] {logging_mixin.py:109} INFO - Parent Directory:  /
[2022-01-11 15:57:50,550] {logging_mixin.py:109} INFO - Data Directory:  /data
[2022-01-11 15:57:50,551] {logging_mixin.py:109} INFO - Current Working Directory:  /data
[2022-01-11 15:57:50,552] {logging_mixin.py:109} INFO - Current Files in WD:  ['nasdaq_screener_1641856343892.csv', 'opt']
[2022-01-11 15:57:50,554] {logging_mixin.py:109} INFO - ['/data/nasdaq_screener_1641856343892.csv']
[2022-01-11 15:57:50,554] {python.py:175} INFO - Done. Returned value was: None
[2022-01-11 15:57:50,569] {taskinstance.py:1277} INFO - Marking task as SUCCESS. dag_id=stocks_dag, task_id=get_tickers_2_, execution_date=20220111T155611, start_date=20220111T155750, end_date=20220111T155750
[2022-01-11 15:57:50,612] {local_task_job.py:154} INFO - Task exited with return code 0
[2022-01-11 15:57:50,663] {local_task_job.py:264} INFO - 1 downstream tasks scheduled from follow-on schedule check
