[2022-01-23 02:01:46,097] {taskinstance.py:1032} INFO - Dependencies all met for <TaskInstance: stocks_dag.sql_connect_ manual__2022-01-23T02:01:44.688961+00:00 [queued]>
[2022-01-23 02:01:46,109] {taskinstance.py:1032} INFO - Dependencies all met for <TaskInstance: stocks_dag.sql_connect_ manual__2022-01-23T02:01:44.688961+00:00 [queued]>
[2022-01-23 02:01:46,110] {taskinstance.py:1238} INFO - 
--------------------------------------------------------------------------------
[2022-01-23 02:01:46,111] {taskinstance.py:1239} INFO - Starting attempt 1 of 4
[2022-01-23 02:01:46,112] {taskinstance.py:1240} INFO - 
--------------------------------------------------------------------------------
[2022-01-23 02:01:46,128] {taskinstance.py:1259} INFO - Executing <Task(PythonOperator): sql_connect_> on 2022-01-23 02:01:44.688961+00:00
[2022-01-23 02:01:46,134] {standard_task_runner.py:52} INFO - Started process 1566 to run task
[2022-01-23 02:01:46,143] {standard_task_runner.py:76} INFO - Running: ['***', 'tasks', 'run', 'stocks_dag', 'sql_connect_', 'manual__2022-01-23T02:01:44.688961+00:00', '--job-id', '545', '--raw', '--subdir', 'DAGS_FOLDER/stocks_dag.py', '--cfg-path', '/tmp/tmp8vuujq7y', '--error-file', '/tmp/tmp3bdpd6b_']
[2022-01-23 02:01:46,145] {standard_task_runner.py:77} INFO - Job 545: Subtask sql_connect_
[2022-01-23 02:01:46,210] {logging_mixin.py:109} INFO - Running <TaskInstance: stocks_dag.sql_connect_ manual__2022-01-23T02:01:44.688961+00:00 [running]> on host 313081f76d55
[2022-01-23 02:01:46,263] {taskinstance.py:1426} INFO - Exporting the following env vars:
AIRFLOW_CTX_DAG_EMAIL=mcgaritym@gmail.com
AIRFLOW_CTX_DAG_OWNER=***
AIRFLOW_CTX_DAG_ID=stocks_dag
AIRFLOW_CTX_TASK_ID=sql_connect_
AIRFLOW_CTX_EXECUTION_DATE=2022-01-23T02:01:44.688961+00:00
AIRFLOW_CTX_DAG_RUN_ID=manual__2022-01-23T02:01:44.688961+00:00
[2022-01-23 02:01:46,265] {logging_mixin.py:109} INFO - Port:  3306
[2022-01-23 02:01:46,489] {python.py:175} INFO - Done. Returned value was: Stocks Database Created
[2022-01-23 02:01:46,516] {taskinstance.py:1277} INFO - Marking task as SUCCESS. dag_id=stocks_dag, task_id=sql_connect_, execution_date=20220123T020144, start_date=20220123T020146, end_date=20220123T020146
[2022-01-23 02:01:46,558] {local_task_job.py:154} INFO - Task exited with return code 0
[2022-01-23 02:01:46,589] {local_task_job.py:264} INFO - 0 downstream tasks scheduled from follow-on schedule check
