[2022-01-11 15:47:41,467] {taskinstance.py:1032} INFO - Dependencies all met for <TaskInstance: stocks_dag.get_tickers_2_ manual__2022-01-11T15:47:37.312935+00:00 [queued]>
[2022-01-11 15:47:41,483] {taskinstance.py:1032} INFO - Dependencies all met for <TaskInstance: stocks_dag.get_tickers_2_ manual__2022-01-11T15:47:37.312935+00:00 [queued]>
[2022-01-11 15:47:41,484] {taskinstance.py:1238} INFO - 
--------------------------------------------------------------------------------
[2022-01-11 15:47:41,486] {taskinstance.py:1239} INFO - Starting attempt 1 of 4
[2022-01-11 15:47:41,487] {taskinstance.py:1240} INFO - 
--------------------------------------------------------------------------------
[2022-01-11 15:47:41,505] {taskinstance.py:1259} INFO - Executing <Task(PythonOperator): get_tickers_2_> on 2022-01-11 15:47:37.312935+00:00
[2022-01-11 15:47:41,510] {standard_task_runner.py:52} INFO - Started process 1536 to run task
[2022-01-11 15:47:41,515] {standard_task_runner.py:76} INFO - Running: ['***', 'tasks', 'run', 'stocks_dag', 'get_tickers_2_', 'manual__2022-01-11T15:47:37.312935+00:00', '--job-id', '154', '--raw', '--subdir', 'DAGS_FOLDER/stocks_dag.py', '--cfg-path', '/tmp/tmpx7lv3203', '--error-file', '/tmp/tmpysoqnq1s']
[2022-01-11 15:47:41,517] {standard_task_runner.py:77} INFO - Job 154: Subtask get_tickers_2_
[2022-01-11 15:47:41,595] {logging_mixin.py:109} INFO - Running <TaskInstance: stocks_dag.get_tickers_2_ manual__2022-01-11T15:47:37.312935+00:00 [running]> on host 36edd51a2216
[2022-01-11 15:47:41,657] {taskinstance.py:1426} INFO - Exporting the following env vars:
AIRFLOW_CTX_DAG_EMAIL=mcgaritym@gmail.com
AIRFLOW_CTX_DAG_OWNER=***
AIRFLOW_CTX_DAG_ID=stocks_dag
AIRFLOW_CTX_TASK_ID=get_tickers_2_
AIRFLOW_CTX_EXECUTION_DATE=2022-01-11T15:47:37.312935+00:00
AIRFLOW_CTX_DAG_RUN_ID=manual__2022-01-11T15:47:37.312935+00:00
[2022-01-11 15:47:41,658] {logging_mixin.py:109} INFO - Parent Directory:  /opt
[2022-01-11 15:47:41,659] {logging_mixin.py:109} INFO - Data Directory:  /opt/data
[2022-01-11 15:47:41,660] {logging_mixin.py:109} INFO - Current Working Directory:  /opt/***
[2022-01-11 15:47:41,661] {logging_mixin.py:109} INFO - Current Files in WD:  ['logs', 'dags', '***-worker.pid', '***.cfg', 'plugins', 'webserver_config.py', 'requirements.txt']
[2022-01-11 15:47:41,662] {logging_mixin.py:109} INFO - []
[2022-01-11 15:47:41,663] {python.py:175} INFO - Done. Returned value was: None
[2022-01-11 15:47:41,678] {taskinstance.py:1277} INFO - Marking task as SUCCESS. dag_id=stocks_dag, task_id=get_tickers_2_, execution_date=20220111T154737, start_date=20220111T154741, end_date=20220111T154741
[2022-01-11 15:47:41,730] {local_task_job.py:154} INFO - Task exited with return code 0
[2022-01-11 15:47:41,768] {local_task_job.py:264} INFO - 1 downstream tasks scheduled from follow-on schedule check
