[2022-01-11 16:37:58,848] {taskinstance.py:1032} INFO - Dependencies all met for <TaskInstance: stocks_dag.sql_connect_ manual__2022-01-11T16:37:57.452979+00:00 [queued]>
[2022-01-11 16:37:58,865] {taskinstance.py:1032} INFO - Dependencies all met for <TaskInstance: stocks_dag.sql_connect_ manual__2022-01-11T16:37:57.452979+00:00 [queued]>
[2022-01-11 16:37:58,866] {taskinstance.py:1238} INFO - 
--------------------------------------------------------------------------------
[2022-01-11 16:37:58,867] {taskinstance.py:1239} INFO - Starting attempt 1 of 4
[2022-01-11 16:37:58,868] {taskinstance.py:1240} INFO - 
--------------------------------------------------------------------------------
[2022-01-11 16:37:58,883] {taskinstance.py:1259} INFO - Executing <Task(PythonOperator): sql_connect_> on 2022-01-11 16:37:57.452979+00:00
[2022-01-11 16:37:58,890] {standard_task_runner.py:52} INFO - Started process 320 to run task
[2022-01-11 16:37:58,896] {standard_task_runner.py:76} INFO - Running: ['***', 'tasks', 'run', 'stocks_dag', 'sql_connect_', 'manual__2022-01-11T16:37:57.452979+00:00', '--job-id', '214', '--raw', '--subdir', 'DAGS_FOLDER/stocks_dag.py', '--cfg-path', '/tmp/tmp610k_jt6', '--error-file', '/tmp/tmp1koc4pwn']
[2022-01-11 16:37:58,898] {standard_task_runner.py:77} INFO - Job 214: Subtask sql_connect_
[2022-01-11 16:37:58,986] {logging_mixin.py:109} INFO - Running <TaskInstance: stocks_dag.sql_connect_ manual__2022-01-11T16:37:57.452979+00:00 [running]> on host 05378dffc570
[2022-01-11 16:37:59,042] {taskinstance.py:1426} INFO - Exporting the following env vars:
AIRFLOW_CTX_DAG_EMAIL=mcgaritym@gmail.com
AIRFLOW_CTX_DAG_OWNER=***
AIRFLOW_CTX_DAG_ID=stocks_dag
AIRFLOW_CTX_TASK_ID=sql_connect_
AIRFLOW_CTX_EXECUTION_DATE=2022-01-11T16:37:57.452979+00:00
AIRFLOW_CTX_DAG_RUN_ID=manual__2022-01-11T16:37:57.452979+00:00
[2022-01-11 16:37:59,103] {python.py:175} INFO - Done. Returned value was: Stocks Database Created
[2022-01-11 16:37:59,137] {taskinstance.py:1277} INFO - Marking task as SUCCESS. dag_id=stocks_dag, task_id=sql_connect_, execution_date=20220111T163757, start_date=20220111T163758, end_date=20220111T163759
[2022-01-11 16:37:59,189] {local_task_job.py:154} INFO - Task exited with return code 0
[2022-01-11 16:37:59,222] {local_task_job.py:264} INFO - 0 downstream tasks scheduled from follow-on schedule check
