[2022-01-11 16:45:30,105] {taskinstance.py:1032} INFO - Dependencies all met for <TaskInstance: stocks_dag.print_date manual__2022-01-11T16:45:28.975900+00:00 [queued]>
[2022-01-11 16:45:30,116] {taskinstance.py:1032} INFO - Dependencies all met for <TaskInstance: stocks_dag.print_date manual__2022-01-11T16:45:28.975900+00:00 [queued]>
[2022-01-11 16:45:30,117] {taskinstance.py:1238} INFO - 
--------------------------------------------------------------------------------
[2022-01-11 16:45:30,118] {taskinstance.py:1239} INFO - Starting attempt 1 of 4
[2022-01-11 16:45:30,119] {taskinstance.py:1240} INFO - 
--------------------------------------------------------------------------------
[2022-01-11 16:45:30,133] {taskinstance.py:1259} INFO - Executing <Task(BashOperator): print_date> on 2022-01-11 16:45:28.975900+00:00
[2022-01-11 16:45:30,139] {standard_task_runner.py:52} INFO - Started process 700 to run task
[2022-01-11 16:45:30,143] {standard_task_runner.py:76} INFO - Running: ['***', 'tasks', 'run', 'stocks_dag', 'print_date', 'manual__2022-01-11T16:45:28.975900+00:00', '--job-id', '231', '--raw', '--subdir', 'DAGS_FOLDER/stocks_dag.py', '--cfg-path', '/tmp/tmp2hoevp3w', '--error-file', '/tmp/tmp4dz09vit']
[2022-01-11 16:45:30,144] {standard_task_runner.py:77} INFO - Job 231: Subtask print_date
[2022-01-11 16:45:30,208] {logging_mixin.py:109} INFO - Running <TaskInstance: stocks_dag.print_date manual__2022-01-11T16:45:28.975900+00:00 [running]> on host 05378dffc570
[2022-01-11 16:45:30,268] {taskinstance.py:1426} INFO - Exporting the following env vars:
AIRFLOW_CTX_DAG_EMAIL=mcgaritym@gmail.com
AIRFLOW_CTX_DAG_OWNER=***
AIRFLOW_CTX_DAG_ID=stocks_dag
AIRFLOW_CTX_TASK_ID=print_date
AIRFLOW_CTX_EXECUTION_DATE=2022-01-11T16:45:28.975900+00:00
AIRFLOW_CTX_DAG_RUN_ID=manual__2022-01-11T16:45:28.975900+00:00
[2022-01-11 16:45:30,270] {subprocess.py:62} INFO - Tmp dir root location: 
 /tmp
[2022-01-11 16:45:30,271] {subprocess.py:74} INFO - Running command: ['bash', '-c', 'date']
[2022-01-11 16:45:30,285] {subprocess.py:85} INFO - Output:
[2022-01-11 16:45:30,289] {subprocess.py:89} INFO - Tue Jan 11 16:45:30 UTC 2022
[2022-01-11 16:45:30,291] {subprocess.py:93} INFO - Command exited with return code 0
[2022-01-11 16:45:30,337] {taskinstance.py:1277} INFO - Marking task as SUCCESS. dag_id=stocks_dag, task_id=print_date, execution_date=20220111T164528, start_date=20220111T164530, end_date=20220111T164530
[2022-01-11 16:45:30,398] {local_task_job.py:154} INFO - Task exited with return code 0
[2022-01-11 16:45:30,434] {local_task_job.py:264} INFO - 0 downstream tasks scheduled from follow-on schedule check
