[2022-01-10 22:29:38,033] {taskinstance.py:1032} INFO - Dependencies all met for <TaskInstance: stocks_dag.sql_connect_ manual__2022-01-10T22:27:32.447976+00:00 [queued]>
[2022-01-10 22:29:38,047] {taskinstance.py:1032} INFO - Dependencies all met for <TaskInstance: stocks_dag.sql_connect_ manual__2022-01-10T22:27:32.447976+00:00 [queued]>
[2022-01-10 22:29:38,049] {taskinstance.py:1238} INFO - 
--------------------------------------------------------------------------------
[2022-01-10 22:29:38,050] {taskinstance.py:1239} INFO - Starting attempt 2 of 4
[2022-01-10 22:29:38,051] {taskinstance.py:1240} INFO - 
--------------------------------------------------------------------------------
[2022-01-10 22:29:38,194] {taskinstance.py:1259} INFO - Executing <Task(PythonOperator): sql_connect_> on 2022-01-10 22:27:32.447976+00:00
[2022-01-10 22:29:38,200] {standard_task_runner.py:52} INFO - Started process 1222 to run task
[2022-01-10 22:29:38,205] {standard_task_runner.py:76} INFO - Running: ['***', 'tasks', 'run', 'stocks_dag', 'sql_connect_', 'manual__2022-01-10T22:27:32.447976+00:00', '--job-id', '72', '--raw', '--subdir', 'DAGS_FOLDER/stocks_dag.py', '--cfg-path', '/tmp/tmpicl49_in', '--error-file', '/tmp/tmphmifvne2']
[2022-01-10 22:29:38,206] {standard_task_runner.py:77} INFO - Job 72: Subtask sql_connect_
[2022-01-10 22:29:38,275] {logging_mixin.py:109} INFO - Running <TaskInstance: stocks_dag.sql_connect_ manual__2022-01-10T22:27:32.447976+00:00 [running]> on host 6e02ffb9d96a
[2022-01-10 22:29:38,331] {taskinstance.py:1426} INFO - Exporting the following env vars:
AIRFLOW_CTX_DAG_EMAIL=mcgaritym@gmail.com
AIRFLOW_CTX_DAG_OWNER=***
AIRFLOW_CTX_DAG_ID=stocks_dag
AIRFLOW_CTX_TASK_ID=sql_connect_
AIRFLOW_CTX_EXECUTION_DATE=2022-01-10T22:27:32.447976+00:00
AIRFLOW_CTX_DAG_RUN_ID=manual__2022-01-10T22:27:32.447976+00:00
[2022-01-10 22:29:38,565] {python.py:175} INFO - Done. Returned value was: Stocks Database Created
[2022-01-10 22:29:38,911] {taskinstance.py:1277} INFO - Marking task as SUCCESS. dag_id=stocks_dag, task_id=sql_connect_, execution_date=20220110T222732, start_date=20220110T222938, end_date=20220110T222938
[2022-01-10 22:29:39,042] {local_task_job.py:154} INFO - Task exited with return code 0
[2022-01-10 22:29:39,242] {local_task_job.py:264} INFO - 0 downstream tasks scheduled from follow-on schedule check
