[2022-01-11 16:42:40,297] {taskinstance.py:1032} INFO - Dependencies all met for <TaskInstance: stocks_dag.sql_connect_ manual__2022-01-11T16:42:38.608429+00:00 [queued]>
[2022-01-11 16:42:40,308] {taskinstance.py:1032} INFO - Dependencies all met for <TaskInstance: stocks_dag.sql_connect_ manual__2022-01-11T16:42:38.608429+00:00 [queued]>
[2022-01-11 16:42:40,309] {taskinstance.py:1238} INFO - 
--------------------------------------------------------------------------------
[2022-01-11 16:42:40,310] {taskinstance.py:1239} INFO - Starting attempt 1 of 4
[2022-01-11 16:42:40,311] {taskinstance.py:1240} INFO - 
--------------------------------------------------------------------------------
[2022-01-11 16:42:40,324] {taskinstance.py:1259} INFO - Executing <Task(PythonOperator): sql_connect_> on 2022-01-11 16:42:38.608429+00:00
[2022-01-11 16:42:40,329] {standard_task_runner.py:52} INFO - Started process 550 to run task
[2022-01-11 16:42:40,336] {standard_task_runner.py:76} INFO - Running: ['***', 'tasks', 'run', 'stocks_dag', 'sql_connect_', 'manual__2022-01-11T16:42:38.608429+00:00', '--job-id', '225', '--raw', '--subdir', 'DAGS_FOLDER/stocks_dag.py', '--cfg-path', '/tmp/tmpyuj2krm3', '--error-file', '/tmp/tmph6y9smab']
[2022-01-11 16:42:40,338] {standard_task_runner.py:77} INFO - Job 225: Subtask sql_connect_
[2022-01-11 16:42:40,424] {logging_mixin.py:109} INFO - Running <TaskInstance: stocks_dag.sql_connect_ manual__2022-01-11T16:42:38.608429+00:00 [running]> on host 05378dffc570
[2022-01-11 16:42:40,481] {taskinstance.py:1426} INFO - Exporting the following env vars:
AIRFLOW_CTX_DAG_EMAIL=mcgaritym@gmail.com
AIRFLOW_CTX_DAG_OWNER=***
AIRFLOW_CTX_DAG_ID=stocks_dag
AIRFLOW_CTX_TASK_ID=sql_connect_
AIRFLOW_CTX_EXECUTION_DATE=2022-01-11T16:42:38.608429+00:00
AIRFLOW_CTX_DAG_RUN_ID=manual__2022-01-11T16:42:38.608429+00:00
[2022-01-11 16:42:40,522] {python.py:175} INFO - Done. Returned value was: Stocks Database Created
[2022-01-11 16:42:40,550] {taskinstance.py:1277} INFO - Marking task as SUCCESS. dag_id=stocks_dag, task_id=sql_connect_, execution_date=20220111T164238, start_date=20220111T164240, end_date=20220111T164240
[2022-01-11 16:42:40,589] {local_task_job.py:154} INFO - Task exited with return code 0
[2022-01-11 16:42:40,624] {local_task_job.py:264} INFO - 0 downstream tasks scheduled from follow-on schedule check
