[2022-01-11 17:05:17,847] {taskinstance.py:1032} INFO - Dependencies all met for <TaskInstance: stocks_dag.get_tickers_2_ manual__2022-01-11T17:05:16.375083+00:00 [queued]>
[2022-01-11 17:05:17,864] {taskinstance.py:1032} INFO - Dependencies all met for <TaskInstance: stocks_dag.get_tickers_2_ manual__2022-01-11T17:05:16.375083+00:00 [queued]>
[2022-01-11 17:05:17,866] {taskinstance.py:1238} INFO - 
--------------------------------------------------------------------------------
[2022-01-11 17:05:17,867] {taskinstance.py:1239} INFO - Starting attempt 1 of 4
[2022-01-11 17:05:17,868] {taskinstance.py:1240} INFO - 
--------------------------------------------------------------------------------
[2022-01-11 17:05:17,881] {taskinstance.py:1259} INFO - Executing <Task(PythonOperator): get_tickers_2_> on 2022-01-11 17:05:16.375083+00:00
[2022-01-11 17:05:17,886] {standard_task_runner.py:52} INFO - Started process 228 to run task
[2022-01-11 17:05:17,898] {standard_task_runner.py:76} INFO - Running: ['***', 'tasks', 'run', 'stocks_dag', 'get_tickers_2_', 'manual__2022-01-11T17:05:16.375083+00:00', '--job-id', '324', '--raw', '--subdir', 'DAGS_FOLDER/stocks_dag.py', '--cfg-path', '/tmp/tmp4l4gj8f1', '--error-file', '/tmp/tmp3_mcwewb']
[2022-01-11 17:05:17,900] {standard_task_runner.py:77} INFO - Job 324: Subtask get_tickers_2_
[2022-01-11 17:05:17,980] {logging_mixin.py:109} INFO - Running <TaskInstance: stocks_dag.get_tickers_2_ manual__2022-01-11T17:05:16.375083+00:00 [running]> on host 405af3592982
[2022-01-11 17:05:18,051] {taskinstance.py:1426} INFO - Exporting the following env vars:
AIRFLOW_CTX_DAG_EMAIL=mcgaritym@gmail.com
AIRFLOW_CTX_DAG_OWNER=***
AIRFLOW_CTX_DAG_ID=stocks_dag
AIRFLOW_CTX_TASK_ID=get_tickers_2_
AIRFLOW_CTX_EXECUTION_DATE=2022-01-11T17:05:16.375083+00:00
AIRFLOW_CTX_DAG_RUN_ID=manual__2022-01-11T17:05:16.375083+00:00
[2022-01-11 17:05:18,055] {logging_mixin.py:109} INFO - Parent Directory:  /opt
[2022-01-11 17:05:18,056] {logging_mixin.py:109} INFO - Data Directory:  /opt/data
[2022-01-11 17:05:18,057] {logging_mixin.py:109} INFO - Current Working Directory:  /opt/***
[2022-01-11 17:05:18,058] {logging_mixin.py:109} INFO - Current Files in WD_:  ['logs', 'dags', '***-worker.pid', '***.cfg', 'plugins', 'webserver_config.py', 'data', 'requirements.txt', 'nasdaq_screener_1641856343892.csv']
[2022-01-11 17:05:18,059] {logging_mixin.py:109} INFO - ['/opt/***/nasdaq_screener_1641856343892.csv']
[2022-01-11 17:05:18,060] {python.py:175} INFO - Done. Returned value was: None
[2022-01-11 17:05:18,081] {taskinstance.py:1277} INFO - Marking task as SUCCESS. dag_id=stocks_dag, task_id=get_tickers_2_, execution_date=20220111T170516, start_date=20220111T170517, end_date=20220111T170518
[2022-01-11 17:05:18,148] {local_task_job.py:154} INFO - Task exited with return code 0
[2022-01-11 17:05:18,225] {local_task_job.py:264} INFO - 1 downstream tasks scheduled from follow-on schedule check
