[2022-01-11 17:02:34,560] {taskinstance.py:1032} INFO - Dependencies all met for <TaskInstance: stocks_dag.get_tickers_2_ manual__2022-01-11T17:02:33.003194+00:00 [queued]>
[2022-01-11 17:02:34,569] {taskinstance.py:1032} INFO - Dependencies all met for <TaskInstance: stocks_dag.get_tickers_2_ manual__2022-01-11T17:02:33.003194+00:00 [queued]>
[2022-01-11 17:02:34,570] {taskinstance.py:1238} INFO - 
--------------------------------------------------------------------------------
[2022-01-11 17:02:34,570] {taskinstance.py:1239} INFO - Starting attempt 1 of 4
[2022-01-11 17:02:34,571] {taskinstance.py:1240} INFO - 
--------------------------------------------------------------------------------
[2022-01-11 17:02:34,595] {taskinstance.py:1259} INFO - Executing <Task(PythonOperator): get_tickers_2_> on 2022-01-11 17:02:33.003194+00:00
[2022-01-11 17:02:34,600] {standard_task_runner.py:52} INFO - Started process 80 to run task
[2022-01-11 17:02:34,604] {standard_task_runner.py:76} INFO - Running: ['***', 'tasks', 'run', 'stocks_dag', 'get_tickers_2_', 'manual__2022-01-11T17:02:33.003194+00:00', '--job-id', '315', '--raw', '--subdir', 'DAGS_FOLDER/stocks_dag.py', '--cfg-path', '/tmp/tmp27ozjzy3', '--error-file', '/tmp/tmpokv43h54']
[2022-01-11 17:02:34,605] {standard_task_runner.py:77} INFO - Job 315: Subtask get_tickers_2_
[2022-01-11 17:02:34,675] {logging_mixin.py:109} INFO - Running <TaskInstance: stocks_dag.get_tickers_2_ manual__2022-01-11T17:02:33.003194+00:00 [running]> on host 405af3592982
[2022-01-11 17:02:34,742] {taskinstance.py:1426} INFO - Exporting the following env vars:
AIRFLOW_CTX_DAG_EMAIL=mcgaritym@gmail.com
AIRFLOW_CTX_DAG_OWNER=***
AIRFLOW_CTX_DAG_ID=stocks_dag
AIRFLOW_CTX_TASK_ID=get_tickers_2_
AIRFLOW_CTX_EXECUTION_DATE=2022-01-11T17:02:33.003194+00:00
AIRFLOW_CTX_DAG_RUN_ID=manual__2022-01-11T17:02:33.003194+00:00
[2022-01-11 17:02:34,744] {logging_mixin.py:109} INFO - Parent Directory:  /opt
[2022-01-11 17:02:34,745] {logging_mixin.py:109} INFO - Data Directory:  /opt/data
[2022-01-11 17:02:34,746] {logging_mixin.py:109} INFO - Current Working Directory:  /opt/***
[2022-01-11 17:02:34,747] {logging_mixin.py:109} INFO - Current Files in WD_:  ['logs', 'dags', '***-worker.pid', '***.cfg', 'plugins', 'webserver_config.py', 'data', 'requirements.txt', 'nasdaq_screener_1641856343892.csv']
[2022-01-11 17:02:34,748] {logging_mixin.py:109} INFO - []
[2022-01-11 17:02:34,749] {python.py:175} INFO - Done. Returned value was: None
[2022-01-11 17:02:34,764] {taskinstance.py:1277} INFO - Marking task as SUCCESS. dag_id=stocks_dag, task_id=get_tickers_2_, execution_date=20220111T170233, start_date=20220111T170234, end_date=20220111T170234
[2022-01-11 17:02:34,819] {local_task_job.py:154} INFO - Task exited with return code 0
[2022-01-11 17:02:34,864] {local_task_job.py:264} INFO - 1 downstream tasks scheduled from follow-on schedule check
