[2022-01-11 16:24:24,564] {taskinstance.py:1032} INFO - Dependencies all met for <TaskInstance: stocks_dag.print_date manual__2022-01-11T16:24:22.855990+00:00 [queued]>
[2022-01-11 16:24:24,575] {taskinstance.py:1032} INFO - Dependencies all met for <TaskInstance: stocks_dag.print_date manual__2022-01-11T16:24:22.855990+00:00 [queued]>
[2022-01-11 16:24:24,576] {taskinstance.py:1238} INFO - 
--------------------------------------------------------------------------------
[2022-01-11 16:24:24,577] {taskinstance.py:1239} INFO - Starting attempt 1 of 4
[2022-01-11 16:24:24,578] {taskinstance.py:1240} INFO - 
--------------------------------------------------------------------------------
[2022-01-11 16:24:24,589] {taskinstance.py:1259} INFO - Executing <Task(BashOperator): print_date> on 2022-01-11 16:24:22.855990+00:00
[2022-01-11 16:24:24,597] {standard_task_runner.py:52} INFO - Started process 126 to run task
[2022-01-11 16:24:24,601] {standard_task_runner.py:76} INFO - Running: ['***', 'tasks', 'run', 'stocks_dag', 'print_date', 'manual__2022-01-11T16:24:22.855990+00:00', '--job-id', '197', '--raw', '--subdir', 'DAGS_FOLDER/stocks_dag.py', '--cfg-path', '/tmp/tmp9z9m2cm8', '--error-file', '/tmp/tmp8gqjih8a']
[2022-01-11 16:24:24,602] {standard_task_runner.py:77} INFO - Job 197: Subtask print_date
[2022-01-11 16:24:24,671] {logging_mixin.py:109} INFO - Running <TaskInstance: stocks_dag.print_date manual__2022-01-11T16:24:22.855990+00:00 [running]> on host 05378dffc570
[2022-01-11 16:24:24,733] {taskinstance.py:1426} INFO - Exporting the following env vars:
AIRFLOW_CTX_DAG_EMAIL=mcgaritym@gmail.com
AIRFLOW_CTX_DAG_OWNER=***
AIRFLOW_CTX_DAG_ID=stocks_dag
AIRFLOW_CTX_TASK_ID=print_date
AIRFLOW_CTX_EXECUTION_DATE=2022-01-11T16:24:22.855990+00:00
AIRFLOW_CTX_DAG_RUN_ID=manual__2022-01-11T16:24:22.855990+00:00
[2022-01-11 16:24:24,734] {subprocess.py:62} INFO - Tmp dir root location: 
 /tmp
[2022-01-11 16:24:24,736] {subprocess.py:74} INFO - Running command: ['bash', '-c', 'date']
[2022-01-11 16:24:24,750] {subprocess.py:85} INFO - Output:
[2022-01-11 16:24:24,754] {subprocess.py:89} INFO - Tue Jan 11 16:24:24 UTC 2022
[2022-01-11 16:24:24,755] {subprocess.py:93} INFO - Command exited with return code 0
[2022-01-11 16:24:24,788] {taskinstance.py:1277} INFO - Marking task as SUCCESS. dag_id=stocks_dag, task_id=print_date, execution_date=20220111T162422, start_date=20220111T162424, end_date=20220111T162424
[2022-01-11 16:24:24,816] {local_task_job.py:154} INFO - Task exited with return code 0
[2022-01-11 16:24:24,872] {local_task_job.py:264} INFO - 0 downstream tasks scheduled from follow-on schedule check
