[2022-01-11 16:54:36,591] {taskinstance.py:1032} INFO - Dependencies all met for <TaskInstance: stocks_dag.print_date manual__2022-01-11T16:54:35.029624+00:00 [queued]>
[2022-01-11 16:54:36,603] {taskinstance.py:1032} INFO - Dependencies all met for <TaskInstance: stocks_dag.print_date manual__2022-01-11T16:54:35.029624+00:00 [queued]>
[2022-01-11 16:54:36,604] {taskinstance.py:1238} INFO - 
--------------------------------------------------------------------------------
[2022-01-11 16:54:36,604] {taskinstance.py:1239} INFO - Starting attempt 1 of 4
[2022-01-11 16:54:36,605] {taskinstance.py:1240} INFO - 
--------------------------------------------------------------------------------
[2022-01-11 16:54:36,618] {taskinstance.py:1259} INFO - Executing <Task(BashOperator): print_date> on 2022-01-11 16:54:35.029624+00:00
[2022-01-11 16:54:36,623] {standard_task_runner.py:52} INFO - Started process 330 to run task
[2022-01-11 16:54:36,627] {standard_task_runner.py:76} INFO - Running: ['***', 'tasks', 'run', 'stocks_dag', 'print_date', 'manual__2022-01-11T16:54:35.029624+00:00', '--job-id', '274', '--raw', '--subdir', 'DAGS_FOLDER/stocks_dag.py', '--cfg-path', '/tmp/tmp3aj2i60q', '--error-file', '/tmp/tmpiqa89qrx']
[2022-01-11 16:54:36,628] {standard_task_runner.py:77} INFO - Job 274: Subtask print_date
[2022-01-11 16:54:36,695] {logging_mixin.py:109} INFO - Running <TaskInstance: stocks_dag.print_date manual__2022-01-11T16:54:35.029624+00:00 [running]> on host 05378dffc570
[2022-01-11 16:54:36,764] {taskinstance.py:1426} INFO - Exporting the following env vars:
AIRFLOW_CTX_DAG_EMAIL=mcgaritym@gmail.com
AIRFLOW_CTX_DAG_OWNER=***
AIRFLOW_CTX_DAG_ID=stocks_dag
AIRFLOW_CTX_TASK_ID=print_date
AIRFLOW_CTX_EXECUTION_DATE=2022-01-11T16:54:35.029624+00:00
AIRFLOW_CTX_DAG_RUN_ID=manual__2022-01-11T16:54:35.029624+00:00
[2022-01-11 16:54:36,766] {subprocess.py:62} INFO - Tmp dir root location: 
 /tmp
[2022-01-11 16:54:36,768] {subprocess.py:74} INFO - Running command: ['bash', '-c', 'date']
[2022-01-11 16:54:36,783] {subprocess.py:85} INFO - Output:
[2022-01-11 16:54:36,787] {subprocess.py:89} INFO - Tue Jan 11 16:54:36 UTC 2022
[2022-01-11 16:54:36,788] {subprocess.py:93} INFO - Command exited with return code 0
[2022-01-11 16:54:36,816] {taskinstance.py:1277} INFO - Marking task as SUCCESS. dag_id=stocks_dag, task_id=print_date, execution_date=20220111T165435, start_date=20220111T165436, end_date=20220111T165436
[2022-01-11 16:54:36,842] {local_task_job.py:154} INFO - Task exited with return code 0
[2022-01-11 16:54:36,876] {local_task_job.py:264} INFO - 0 downstream tasks scheduled from follow-on schedule check
