[2022-01-11 17:16:43,319] {taskinstance.py:1032} INFO - Dependencies all met for <TaskInstance: stocks_dag.print_date manual__2022-01-11T17:16:41.984226+00:00 [queued]>
[2022-01-11 17:16:43,330] {taskinstance.py:1032} INFO - Dependencies all met for <TaskInstance: stocks_dag.print_date manual__2022-01-11T17:16:41.984226+00:00 [queued]>
[2022-01-11 17:16:43,331] {taskinstance.py:1238} INFO - 
--------------------------------------------------------------------------------
[2022-01-11 17:16:43,332] {taskinstance.py:1239} INFO - Starting attempt 1 of 4
[2022-01-11 17:16:43,333] {taskinstance.py:1240} INFO - 
--------------------------------------------------------------------------------
[2022-01-11 17:16:43,346] {taskinstance.py:1259} INFO - Executing <Task(BashOperator): print_date> on 2022-01-11 17:16:41.984226+00:00
[2022-01-11 17:16:43,352] {standard_task_runner.py:52} INFO - Started process 371 to run task
[2022-01-11 17:16:43,357] {standard_task_runner.py:76} INFO - Running: ['***', 'tasks', 'run', 'stocks_dag', 'print_date', 'manual__2022-01-11T17:16:41.984226+00:00', '--job-id', '358', '--raw', '--subdir', 'DAGS_FOLDER/stocks_dag.py', '--cfg-path', '/tmp/tmpaqo2e7rg', '--error-file', '/tmp/tmpn_7mn64_']
[2022-01-11 17:16:43,359] {standard_task_runner.py:77} INFO - Job 358: Subtask print_date
[2022-01-11 17:16:43,429] {logging_mixin.py:109} INFO - Running <TaskInstance: stocks_dag.print_date manual__2022-01-11T17:16:41.984226+00:00 [running]> on host 10d1e29787a9
[2022-01-11 17:16:43,516] {taskinstance.py:1426} INFO - Exporting the following env vars:
AIRFLOW_CTX_DAG_EMAIL=mcgaritym@gmail.com
AIRFLOW_CTX_DAG_OWNER=***
AIRFLOW_CTX_DAG_ID=stocks_dag
AIRFLOW_CTX_TASK_ID=print_date
AIRFLOW_CTX_EXECUTION_DATE=2022-01-11T17:16:41.984226+00:00
AIRFLOW_CTX_DAG_RUN_ID=manual__2022-01-11T17:16:41.984226+00:00
[2022-01-11 17:16:43,519] {subprocess.py:62} INFO - Tmp dir root location: 
 /tmp
[2022-01-11 17:16:43,520] {subprocess.py:74} INFO - Running command: ['bash', '-c', 'date']
[2022-01-11 17:16:43,536] {subprocess.py:85} INFO - Output:
[2022-01-11 17:16:43,541] {subprocess.py:89} INFO - Tue Jan 11 17:16:43 UTC 2022
[2022-01-11 17:16:43,542] {subprocess.py:93} INFO - Command exited with return code 0
[2022-01-11 17:16:43,573] {taskinstance.py:1277} INFO - Marking task as SUCCESS. dag_id=stocks_dag, task_id=print_date, execution_date=20220111T171641, start_date=20220111T171643, end_date=20220111T171643
[2022-01-11 17:16:43,611] {local_task_job.py:154} INFO - Task exited with return code 0
[2022-01-11 17:16:43,644] {local_task_job.py:264} INFO - 0 downstream tasks scheduled from follow-on schedule check
