[2022-01-10 23:15:12,710] {processor.py:163} INFO - Started process (PID=8597) to work on /opt/airflow/dags/.wdm/drivers/chromedriver/mac64/97.0.4692.71/driver.zip
[2022-01-10 23:15:12,712] {processor.py:642} INFO - Processing file /opt/airflow/dags/.wdm/drivers/chromedriver/mac64/97.0.4692.71/driver.zip for tasks to queue
[2022-01-10 23:15:12,713] {logging_mixin.py:109} INFO - [2022-01-10 23:15:12,713] {dagbag.py:500} INFO - Filling up the DagBag from /opt/airflow/dags/.wdm/drivers/chromedriver/mac64/97.0.4692.71/driver.zip
[2022-01-10 23:15:12,731] {processor.py:656} WARNING - No viable dags retrieved from /opt/airflow/dags/.wdm/drivers/chromedriver/mac64/97.0.4692.71/driver.zip
[2022-01-10 23:15:12,735] {processor.py:171} INFO - Processing /opt/airflow/dags/.wdm/drivers/chromedriver/mac64/97.0.4692.71/driver.zip took 0.028 seconds
[2022-01-10 23:15:42,948] {processor.py:163} INFO - Started process (PID=8667) to work on /opt/airflow/dags/.wdm/drivers/chromedriver/mac64/97.0.4692.71/driver.zip
[2022-01-10 23:15:42,951] {processor.py:642} INFO - Processing file /opt/airflow/dags/.wdm/drivers/chromedriver/mac64/97.0.4692.71/driver.zip for tasks to queue
[2022-01-10 23:15:42,952] {logging_mixin.py:109} INFO - [2022-01-10 23:15:42,952] {dagbag.py:500} INFO - Filling up the DagBag from /opt/airflow/dags/.wdm/drivers/chromedriver/mac64/97.0.4692.71/driver.zip
[2022-01-10 23:15:42,984] {processor.py:656} WARNING - No viable dags retrieved from /opt/airflow/dags/.wdm/drivers/chromedriver/mac64/97.0.4692.71/driver.zip
[2022-01-10 23:15:42,990] {processor.py:171} INFO - Processing /opt/airflow/dags/.wdm/drivers/chromedriver/mac64/97.0.4692.71/driver.zip took 0.047 seconds
[2022-01-10 23:16:13,413] {processor.py:163} INFO - Started process (PID=8726) to work on /opt/airflow/dags/.wdm/drivers/chromedriver/mac64/97.0.4692.71/driver.zip
[2022-01-10 23:16:13,415] {processor.py:642} INFO - Processing file /opt/airflow/dags/.wdm/drivers/chromedriver/mac64/97.0.4692.71/driver.zip for tasks to queue
[2022-01-10 23:16:13,416] {logging_mixin.py:109} INFO - [2022-01-10 23:16:13,416] {dagbag.py:500} INFO - Filling up the DagBag from /opt/airflow/dags/.wdm/drivers/chromedriver/mac64/97.0.4692.71/driver.zip
[2022-01-10 23:16:13,435] {processor.py:656} WARNING - No viable dags retrieved from /opt/airflow/dags/.wdm/drivers/chromedriver/mac64/97.0.4692.71/driver.zip
[2022-01-10 23:16:13,439] {processor.py:171} INFO - Processing /opt/airflow/dags/.wdm/drivers/chromedriver/mac64/97.0.4692.71/driver.zip took 0.029 seconds
[2022-01-10 23:16:44,429] {processor.py:163} INFO - Started process (PID=8796) to work on /opt/airflow/dags/.wdm/drivers/chromedriver/mac64/97.0.4692.71/driver.zip
[2022-01-10 23:16:44,432] {processor.py:642} INFO - Processing file /opt/airflow/dags/.wdm/drivers/chromedriver/mac64/97.0.4692.71/driver.zip for tasks to queue
[2022-01-10 23:16:44,433] {logging_mixin.py:109} INFO - [2022-01-10 23:16:44,433] {dagbag.py:500} INFO - Filling up the DagBag from /opt/airflow/dags/.wdm/drivers/chromedriver/mac64/97.0.4692.71/driver.zip
[2022-01-10 23:16:44,472] {processor.py:656} WARNING - No viable dags retrieved from /opt/airflow/dags/.wdm/drivers/chromedriver/mac64/97.0.4692.71/driver.zip
[2022-01-10 23:16:44,481] {processor.py:171} INFO - Processing /opt/airflow/dags/.wdm/drivers/chromedriver/mac64/97.0.4692.71/driver.zip took 0.057 seconds
[2022-01-10 23:17:15,252] {processor.py:163} INFO - Started process (PID=8856) to work on /opt/airflow/dags/.wdm/drivers/chromedriver/mac64/97.0.4692.71/driver.zip
[2022-01-10 23:17:15,255] {processor.py:642} INFO - Processing file /opt/airflow/dags/.wdm/drivers/chromedriver/mac64/97.0.4692.71/driver.zip for tasks to queue
[2022-01-10 23:17:15,256] {logging_mixin.py:109} INFO - [2022-01-10 23:17:15,256] {dagbag.py:500} INFO - Filling up the DagBag from /opt/airflow/dags/.wdm/drivers/chromedriver/mac64/97.0.4692.71/driver.zip
[2022-01-10 23:17:15,281] {processor.py:656} WARNING - No viable dags retrieved from /opt/airflow/dags/.wdm/drivers/chromedriver/mac64/97.0.4692.71/driver.zip
[2022-01-10 23:17:15,289] {processor.py:171} INFO - Processing /opt/airflow/dags/.wdm/drivers/chromedriver/mac64/97.0.4692.71/driver.zip took 0.041 seconds
[2022-01-10 23:17:45,422] {processor.py:163} INFO - Started process (PID=8923) to work on /opt/airflow/dags/.wdm/drivers/chromedriver/mac64/97.0.4692.71/driver.zip
[2022-01-10 23:17:45,424] {processor.py:642} INFO - Processing file /opt/airflow/dags/.wdm/drivers/chromedriver/mac64/97.0.4692.71/driver.zip for tasks to queue
[2022-01-10 23:17:45,425] {logging_mixin.py:109} INFO - [2022-01-10 23:17:45,425] {dagbag.py:500} INFO - Filling up the DagBag from /opt/airflow/dags/.wdm/drivers/chromedriver/mac64/97.0.4692.71/driver.zip
[2022-01-10 23:17:45,445] {processor.py:656} WARNING - No viable dags retrieved from /opt/airflow/dags/.wdm/drivers/chromedriver/mac64/97.0.4692.71/driver.zip
[2022-01-10 23:17:45,450] {processor.py:171} INFO - Processing /opt/airflow/dags/.wdm/drivers/chromedriver/mac64/97.0.4692.71/driver.zip took 0.031 seconds
[2022-01-10 23:18:15,577] {processor.py:163} INFO - Started process (PID=8985) to work on /opt/airflow/dags/.wdm/drivers/chromedriver/mac64/97.0.4692.71/driver.zip
[2022-01-10 23:18:15,579] {processor.py:642} INFO - Processing file /opt/airflow/dags/.wdm/drivers/chromedriver/mac64/97.0.4692.71/driver.zip for tasks to queue
[2022-01-10 23:18:15,580] {logging_mixin.py:109} INFO - [2022-01-10 23:18:15,580] {dagbag.py:500} INFO - Filling up the DagBag from /opt/airflow/dags/.wdm/drivers/chromedriver/mac64/97.0.4692.71/driver.zip
[2022-01-10 23:18:15,601] {processor.py:656} WARNING - No viable dags retrieved from /opt/airflow/dags/.wdm/drivers/chromedriver/mac64/97.0.4692.71/driver.zip
[2022-01-10 23:18:15,604] {processor.py:171} INFO - Processing /opt/airflow/dags/.wdm/drivers/chromedriver/mac64/97.0.4692.71/driver.zip took 0.031 seconds
[2022-01-10 23:18:45,953] {processor.py:163} INFO - Started process (PID=9045) to work on /opt/airflow/dags/.wdm/drivers/chromedriver/mac64/97.0.4692.71/driver.zip
[2022-01-10 23:18:45,955] {processor.py:642} INFO - Processing file /opt/airflow/dags/.wdm/drivers/chromedriver/mac64/97.0.4692.71/driver.zip for tasks to queue
[2022-01-10 23:18:45,956] {logging_mixin.py:109} INFO - [2022-01-10 23:18:45,956] {dagbag.py:500} INFO - Filling up the DagBag from /opt/airflow/dags/.wdm/drivers/chromedriver/mac64/97.0.4692.71/driver.zip
[2022-01-10 23:18:45,975] {processor.py:656} WARNING - No viable dags retrieved from /opt/airflow/dags/.wdm/drivers/chromedriver/mac64/97.0.4692.71/driver.zip
[2022-01-10 23:18:45,979] {processor.py:171} INFO - Processing /opt/airflow/dags/.wdm/drivers/chromedriver/mac64/97.0.4692.71/driver.zip took 0.029 seconds
[2022-01-10 23:19:16,369] {processor.py:163} INFO - Started process (PID=9115) to work on /opt/airflow/dags/.wdm/drivers/chromedriver/mac64/97.0.4692.71/driver.zip
[2022-01-10 23:19:16,372] {processor.py:642} INFO - Processing file /opt/airflow/dags/.wdm/drivers/chromedriver/mac64/97.0.4692.71/driver.zip for tasks to queue
[2022-01-10 23:19:16,374] {logging_mixin.py:109} INFO - [2022-01-10 23:19:16,374] {dagbag.py:500} INFO - Filling up the DagBag from /opt/airflow/dags/.wdm/drivers/chromedriver/mac64/97.0.4692.71/driver.zip
[2022-01-10 23:19:16,400] {processor.py:656} WARNING - No viable dags retrieved from /opt/airflow/dags/.wdm/drivers/chromedriver/mac64/97.0.4692.71/driver.zip
[2022-01-10 23:19:16,405] {processor.py:171} INFO - Processing /opt/airflow/dags/.wdm/drivers/chromedriver/mac64/97.0.4692.71/driver.zip took 0.040 seconds
[2022-01-10 23:19:46,700] {processor.py:163} INFO - Started process (PID=9176) to work on /opt/airflow/dags/.wdm/drivers/chromedriver/mac64/97.0.4692.71/driver.zip
[2022-01-10 23:19:46,703] {processor.py:642} INFO - Processing file /opt/airflow/dags/.wdm/drivers/chromedriver/mac64/97.0.4692.71/driver.zip for tasks to queue
[2022-01-10 23:19:46,704] {logging_mixin.py:109} INFO - [2022-01-10 23:19:46,704] {dagbag.py:500} INFO - Filling up the DagBag from /opt/airflow/dags/.wdm/drivers/chromedriver/mac64/97.0.4692.71/driver.zip
[2022-01-10 23:19:46,727] {processor.py:656} WARNING - No viable dags retrieved from /opt/airflow/dags/.wdm/drivers/chromedriver/mac64/97.0.4692.71/driver.zip
[2022-01-10 23:19:46,731] {processor.py:171} INFO - Processing /opt/airflow/dags/.wdm/drivers/chromedriver/mac64/97.0.4692.71/driver.zip took 0.036 seconds
[2022-01-10 23:20:16,884] {processor.py:163} INFO - Started process (PID=9246) to work on /opt/airflow/dags/.wdm/drivers/chromedriver/mac64/97.0.4692.71/driver.zip
[2022-01-10 23:20:16,887] {processor.py:642} INFO - Processing file /opt/airflow/dags/.wdm/drivers/chromedriver/mac64/97.0.4692.71/driver.zip for tasks to queue
[2022-01-10 23:20:16,888] {logging_mixin.py:109} INFO - [2022-01-10 23:20:16,887] {dagbag.py:500} INFO - Filling up the DagBag from /opt/airflow/dags/.wdm/drivers/chromedriver/mac64/97.0.4692.71/driver.zip
[2022-01-10 23:20:16,907] {processor.py:656} WARNING - No viable dags retrieved from /opt/airflow/dags/.wdm/drivers/chromedriver/mac64/97.0.4692.71/driver.zip
[2022-01-10 23:20:16,911] {processor.py:171} INFO - Processing /opt/airflow/dags/.wdm/drivers/chromedriver/mac64/97.0.4692.71/driver.zip took 0.031 seconds
[2022-01-10 23:20:46,997] {processor.py:163} INFO - Started process (PID=9306) to work on /opt/airflow/dags/.wdm/drivers/chromedriver/mac64/97.0.4692.71/driver.zip
[2022-01-10 23:20:47,000] {processor.py:642} INFO - Processing file /opt/airflow/dags/.wdm/drivers/chromedriver/mac64/97.0.4692.71/driver.zip for tasks to queue
[2022-01-10 23:20:47,002] {logging_mixin.py:109} INFO - [2022-01-10 23:20:47,002] {dagbag.py:500} INFO - Filling up the DagBag from /opt/airflow/dags/.wdm/drivers/chromedriver/mac64/97.0.4692.71/driver.zip
[2022-01-10 23:20:47,025] {processor.py:656} WARNING - No viable dags retrieved from /opt/airflow/dags/.wdm/drivers/chromedriver/mac64/97.0.4692.71/driver.zip
[2022-01-10 23:20:47,029] {processor.py:171} INFO - Processing /opt/airflow/dags/.wdm/drivers/chromedriver/mac64/97.0.4692.71/driver.zip took 0.036 seconds
[2022-01-10 23:21:17,227] {processor.py:163} INFO - Started process (PID=9376) to work on /opt/airflow/dags/.wdm/drivers/chromedriver/mac64/97.0.4692.71/driver.zip
[2022-01-10 23:21:17,230] {processor.py:642} INFO - Processing file /opt/airflow/dags/.wdm/drivers/chromedriver/mac64/97.0.4692.71/driver.zip for tasks to queue
[2022-01-10 23:21:17,231] {logging_mixin.py:109} INFO - [2022-01-10 23:21:17,231] {dagbag.py:500} INFO - Filling up the DagBag from /opt/airflow/dags/.wdm/drivers/chromedriver/mac64/97.0.4692.71/driver.zip
[2022-01-10 23:21:17,250] {processor.py:656} WARNING - No viable dags retrieved from /opt/airflow/dags/.wdm/drivers/chromedriver/mac64/97.0.4692.71/driver.zip
[2022-01-10 23:21:17,253] {processor.py:171} INFO - Processing /opt/airflow/dags/.wdm/drivers/chromedriver/mac64/97.0.4692.71/driver.zip took 0.029 seconds
[2022-01-10 23:21:47,808] {processor.py:163} INFO - Started process (PID=9429) to work on /opt/airflow/dags/.wdm/drivers/chromedriver/mac64/97.0.4692.71/driver.zip
[2022-01-10 23:21:47,811] {processor.py:642} INFO - Processing file /opt/airflow/dags/.wdm/drivers/chromedriver/mac64/97.0.4692.71/driver.zip for tasks to queue
[2022-01-10 23:21:47,812] {logging_mixin.py:109} INFO - [2022-01-10 23:21:47,812] {dagbag.py:500} INFO - Filling up the DagBag from /opt/airflow/dags/.wdm/drivers/chromedriver/mac64/97.0.4692.71/driver.zip
[2022-01-10 23:21:47,838] {processor.py:656} WARNING - No viable dags retrieved from /opt/airflow/dags/.wdm/drivers/chromedriver/mac64/97.0.4692.71/driver.zip
[2022-01-10 23:21:47,842] {processor.py:171} INFO - Processing /opt/airflow/dags/.wdm/drivers/chromedriver/mac64/97.0.4692.71/driver.zip took 0.038 seconds
[2022-01-10 23:22:18,180] {processor.py:163} INFO - Started process (PID=9498) to work on /opt/airflow/dags/.wdm/drivers/chromedriver/mac64/97.0.4692.71/driver.zip
[2022-01-10 23:22:18,182] {processor.py:642} INFO - Processing file /opt/airflow/dags/.wdm/drivers/chromedriver/mac64/97.0.4692.71/driver.zip for tasks to queue
[2022-01-10 23:22:18,183] {logging_mixin.py:109} INFO - [2022-01-10 23:22:18,183] {dagbag.py:500} INFO - Filling up the DagBag from /opt/airflow/dags/.wdm/drivers/chromedriver/mac64/97.0.4692.71/driver.zip
[2022-01-10 23:22:18,206] {processor.py:656} WARNING - No viable dags retrieved from /opt/airflow/dags/.wdm/drivers/chromedriver/mac64/97.0.4692.71/driver.zip
[2022-01-10 23:22:18,210] {processor.py:171} INFO - Processing /opt/airflow/dags/.wdm/drivers/chromedriver/mac64/97.0.4692.71/driver.zip took 0.034 seconds
[2022-01-10 23:22:48,591] {processor.py:163} INFO - Started process (PID=9558) to work on /opt/airflow/dags/.wdm/drivers/chromedriver/mac64/97.0.4692.71/driver.zip
[2022-01-10 23:22:48,594] {processor.py:642} INFO - Processing file /opt/airflow/dags/.wdm/drivers/chromedriver/mac64/97.0.4692.71/driver.zip for tasks to queue
[2022-01-10 23:22:48,595] {logging_mixin.py:109} INFO - [2022-01-10 23:22:48,595] {dagbag.py:500} INFO - Filling up the DagBag from /opt/airflow/dags/.wdm/drivers/chromedriver/mac64/97.0.4692.71/driver.zip
[2022-01-10 23:22:48,619] {processor.py:656} WARNING - No viable dags retrieved from /opt/airflow/dags/.wdm/drivers/chromedriver/mac64/97.0.4692.71/driver.zip
[2022-01-10 23:22:48,624] {processor.py:171} INFO - Processing /opt/airflow/dags/.wdm/drivers/chromedriver/mac64/97.0.4692.71/driver.zip took 0.037 seconds
[2022-01-10 23:23:18,770] {processor.py:163} INFO - Started process (PID=9629) to work on /opt/airflow/dags/.wdm/drivers/chromedriver/mac64/97.0.4692.71/driver.zip
[2022-01-10 23:23:18,772] {processor.py:642} INFO - Processing file /opt/airflow/dags/.wdm/drivers/chromedriver/mac64/97.0.4692.71/driver.zip for tasks to queue
[2022-01-10 23:23:18,773] {logging_mixin.py:109} INFO - [2022-01-10 23:23:18,773] {dagbag.py:500} INFO - Filling up the DagBag from /opt/airflow/dags/.wdm/drivers/chromedriver/mac64/97.0.4692.71/driver.zip
[2022-01-10 23:23:18,793] {processor.py:656} WARNING - No viable dags retrieved from /opt/airflow/dags/.wdm/drivers/chromedriver/mac64/97.0.4692.71/driver.zip
[2022-01-10 23:23:18,797] {processor.py:171} INFO - Processing /opt/airflow/dags/.wdm/drivers/chromedriver/mac64/97.0.4692.71/driver.zip took 0.031 seconds
[2022-01-10 23:23:48,906] {processor.py:163} INFO - Started process (PID=9691) to work on /opt/airflow/dags/.wdm/drivers/chromedriver/mac64/97.0.4692.71/driver.zip
[2022-01-10 23:23:48,909] {processor.py:642} INFO - Processing file /opt/airflow/dags/.wdm/drivers/chromedriver/mac64/97.0.4692.71/driver.zip for tasks to queue
[2022-01-10 23:23:48,911] {logging_mixin.py:109} INFO - [2022-01-10 23:23:48,911] {dagbag.py:500} INFO - Filling up the DagBag from /opt/airflow/dags/.wdm/drivers/chromedriver/mac64/97.0.4692.71/driver.zip
[2022-01-10 23:23:48,936] {processor.py:656} WARNING - No viable dags retrieved from /opt/airflow/dags/.wdm/drivers/chromedriver/mac64/97.0.4692.71/driver.zip
[2022-01-10 23:23:48,941] {processor.py:171} INFO - Processing /opt/airflow/dags/.wdm/drivers/chromedriver/mac64/97.0.4692.71/driver.zip took 0.041 seconds
[2022-01-10 23:24:19,542] {processor.py:163} INFO - Started process (PID=9762) to work on /opt/airflow/dags/.wdm/drivers/chromedriver/mac64/97.0.4692.71/driver.zip
[2022-01-10 23:24:19,543] {processor.py:642} INFO - Processing file /opt/airflow/dags/.wdm/drivers/chromedriver/mac64/97.0.4692.71/driver.zip for tasks to queue
[2022-01-10 23:24:19,545] {logging_mixin.py:109} INFO - [2022-01-10 23:24:19,545] {dagbag.py:500} INFO - Filling up the DagBag from /opt/airflow/dags/.wdm/drivers/chromedriver/mac64/97.0.4692.71/driver.zip
[2022-01-10 23:24:19,574] {processor.py:656} WARNING - No viable dags retrieved from /opt/airflow/dags/.wdm/drivers/chromedriver/mac64/97.0.4692.71/driver.zip
[2022-01-10 23:24:19,579] {processor.py:171} INFO - Processing /opt/airflow/dags/.wdm/drivers/chromedriver/mac64/97.0.4692.71/driver.zip took 0.040 seconds
[2022-01-10 23:24:50,148] {processor.py:163} INFO - Started process (PID=9822) to work on /opt/airflow/dags/.wdm/drivers/chromedriver/mac64/97.0.4692.71/driver.zip
[2022-01-10 23:24:50,150] {processor.py:642} INFO - Processing file /opt/airflow/dags/.wdm/drivers/chromedriver/mac64/97.0.4692.71/driver.zip for tasks to queue
[2022-01-10 23:24:50,155] {logging_mixin.py:109} INFO - [2022-01-10 23:24:50,154] {dagbag.py:500} INFO - Filling up the DagBag from /opt/airflow/dags/.wdm/drivers/chromedriver/mac64/97.0.4692.71/driver.zip
[2022-01-10 23:24:50,179] {processor.py:656} WARNING - No viable dags retrieved from /opt/airflow/dags/.wdm/drivers/chromedriver/mac64/97.0.4692.71/driver.zip
[2022-01-10 23:24:50,183] {processor.py:171} INFO - Processing /opt/airflow/dags/.wdm/drivers/chromedriver/mac64/97.0.4692.71/driver.zip took 0.041 seconds
[2022-01-10 23:25:20,570] {processor.py:163} INFO - Started process (PID=9892) to work on /opt/airflow/dags/.wdm/drivers/chromedriver/mac64/97.0.4692.71/driver.zip
[2022-01-10 23:25:20,573] {processor.py:642} INFO - Processing file /opt/airflow/dags/.wdm/drivers/chromedriver/mac64/97.0.4692.71/driver.zip for tasks to queue
[2022-01-10 23:25:20,574] {logging_mixin.py:109} INFO - [2022-01-10 23:25:20,574] {dagbag.py:500} INFO - Filling up the DagBag from /opt/airflow/dags/.wdm/drivers/chromedriver/mac64/97.0.4692.71/driver.zip
[2022-01-10 23:25:20,595] {processor.py:656} WARNING - No viable dags retrieved from /opt/airflow/dags/.wdm/drivers/chromedriver/mac64/97.0.4692.71/driver.zip
[2022-01-10 23:25:20,599] {processor.py:171} INFO - Processing /opt/airflow/dags/.wdm/drivers/chromedriver/mac64/97.0.4692.71/driver.zip took 0.033 seconds
[2022-01-10 23:25:50,792] {processor.py:163} INFO - Started process (PID=9953) to work on /opt/airflow/dags/.wdm/drivers/chromedriver/mac64/97.0.4692.71/driver.zip
[2022-01-10 23:25:50,795] {processor.py:642} INFO - Processing file /opt/airflow/dags/.wdm/drivers/chromedriver/mac64/97.0.4692.71/driver.zip for tasks to queue
[2022-01-10 23:25:50,797] {logging_mixin.py:109} INFO - [2022-01-10 23:25:50,796] {dagbag.py:500} INFO - Filling up the DagBag from /opt/airflow/dags/.wdm/drivers/chromedriver/mac64/97.0.4692.71/driver.zip
[2022-01-10 23:25:50,820] {processor.py:656} WARNING - No viable dags retrieved from /opt/airflow/dags/.wdm/drivers/chromedriver/mac64/97.0.4692.71/driver.zip
[2022-01-10 23:25:50,824] {processor.py:171} INFO - Processing /opt/airflow/dags/.wdm/drivers/chromedriver/mac64/97.0.4692.71/driver.zip took 0.036 seconds
[2022-01-10 23:26:21,356] {processor.py:163} INFO - Started process (PID=10024) to work on /opt/airflow/dags/.wdm/drivers/chromedriver/mac64/97.0.4692.71/driver.zip
[2022-01-10 23:26:21,357] {processor.py:642} INFO - Processing file /opt/airflow/dags/.wdm/drivers/chromedriver/mac64/97.0.4692.71/driver.zip for tasks to queue
[2022-01-10 23:26:21,358] {logging_mixin.py:109} INFO - [2022-01-10 23:26:21,358] {dagbag.py:500} INFO - Filling up the DagBag from /opt/airflow/dags/.wdm/drivers/chromedriver/mac64/97.0.4692.71/driver.zip
[2022-01-10 23:26:21,378] {processor.py:656} WARNING - No viable dags retrieved from /opt/airflow/dags/.wdm/drivers/chromedriver/mac64/97.0.4692.71/driver.zip
[2022-01-10 23:26:21,381] {processor.py:171} INFO - Processing /opt/airflow/dags/.wdm/drivers/chromedriver/mac64/97.0.4692.71/driver.zip took 0.029 seconds
[2022-01-10 23:26:51,566] {processor.py:163} INFO - Started process (PID=10085) to work on /opt/airflow/dags/.wdm/drivers/chromedriver/mac64/97.0.4692.71/driver.zip
[2022-01-10 23:26:51,568] {processor.py:642} INFO - Processing file /opt/airflow/dags/.wdm/drivers/chromedriver/mac64/97.0.4692.71/driver.zip for tasks to queue
[2022-01-10 23:26:51,570] {logging_mixin.py:109} INFO - [2022-01-10 23:26:51,569] {dagbag.py:500} INFO - Filling up the DagBag from /opt/airflow/dags/.wdm/drivers/chromedriver/mac64/97.0.4692.71/driver.zip
[2022-01-10 23:26:51,591] {processor.py:656} WARNING - No viable dags retrieved from /opt/airflow/dags/.wdm/drivers/chromedriver/mac64/97.0.4692.71/driver.zip
[2022-01-10 23:26:51,595] {processor.py:171} INFO - Processing /opt/airflow/dags/.wdm/drivers/chromedriver/mac64/97.0.4692.71/driver.zip took 0.033 seconds
[2022-01-10 23:27:21,768] {processor.py:163} INFO - Started process (PID=10155) to work on /opt/airflow/dags/.wdm/drivers/chromedriver/mac64/97.0.4692.71/driver.zip
[2022-01-10 23:27:21,771] {processor.py:642} INFO - Processing file /opt/airflow/dags/.wdm/drivers/chromedriver/mac64/97.0.4692.71/driver.zip for tasks to queue
[2022-01-10 23:27:21,773] {logging_mixin.py:109} INFO - [2022-01-10 23:27:21,773] {dagbag.py:500} INFO - Filling up the DagBag from /opt/airflow/dags/.wdm/drivers/chromedriver/mac64/97.0.4692.71/driver.zip
[2022-01-10 23:27:21,793] {processor.py:656} WARNING - No viable dags retrieved from /opt/airflow/dags/.wdm/drivers/chromedriver/mac64/97.0.4692.71/driver.zip
[2022-01-10 23:27:21,797] {processor.py:171} INFO - Processing /opt/airflow/dags/.wdm/drivers/chromedriver/mac64/97.0.4692.71/driver.zip took 0.032 seconds
[2022-01-10 23:27:52,245] {processor.py:163} INFO - Started process (PID=10216) to work on /opt/airflow/dags/.wdm/drivers/chromedriver/mac64/97.0.4692.71/driver.zip
[2022-01-10 23:27:52,247] {processor.py:642} INFO - Processing file /opt/airflow/dags/.wdm/drivers/chromedriver/mac64/97.0.4692.71/driver.zip for tasks to queue
[2022-01-10 23:27:52,248] {logging_mixin.py:109} INFO - [2022-01-10 23:27:52,248] {dagbag.py:500} INFO - Filling up the DagBag from /opt/airflow/dags/.wdm/drivers/chromedriver/mac64/97.0.4692.71/driver.zip
[2022-01-10 23:27:52,268] {processor.py:656} WARNING - No viable dags retrieved from /opt/airflow/dags/.wdm/drivers/chromedriver/mac64/97.0.4692.71/driver.zip
[2022-01-10 23:27:52,272] {processor.py:171} INFO - Processing /opt/airflow/dags/.wdm/drivers/chromedriver/mac64/97.0.4692.71/driver.zip took 0.031 seconds
[2022-01-10 23:28:22,341] {processor.py:163} INFO - Started process (PID=10289) to work on /opt/airflow/dags/.wdm/drivers/chromedriver/mac64/97.0.4692.71/driver.zip
[2022-01-10 23:28:22,344] {processor.py:642} INFO - Processing file /opt/airflow/dags/.wdm/drivers/chromedriver/mac64/97.0.4692.71/driver.zip for tasks to queue
[2022-01-10 23:28:22,345] {logging_mixin.py:109} INFO - [2022-01-10 23:28:22,345] {dagbag.py:500} INFO - Filling up the DagBag from /opt/airflow/dags/.wdm/drivers/chromedriver/mac64/97.0.4692.71/driver.zip
[2022-01-10 23:28:22,367] {processor.py:656} WARNING - No viable dags retrieved from /opt/airflow/dags/.wdm/drivers/chromedriver/mac64/97.0.4692.71/driver.zip
[2022-01-10 23:28:22,371] {processor.py:171} INFO - Processing /opt/airflow/dags/.wdm/drivers/chromedriver/mac64/97.0.4692.71/driver.zip took 0.033 seconds
[2022-01-10 23:28:53,140] {processor.py:163} INFO - Started process (PID=10351) to work on /opt/airflow/dags/.wdm/drivers/chromedriver/mac64/97.0.4692.71/driver.zip
[2022-01-10 23:28:53,142] {processor.py:642} INFO - Processing file /opt/airflow/dags/.wdm/drivers/chromedriver/mac64/97.0.4692.71/driver.zip for tasks to queue
[2022-01-10 23:28:53,143] {logging_mixin.py:109} INFO - [2022-01-10 23:28:53,143] {dagbag.py:500} INFO - Filling up the DagBag from /opt/airflow/dags/.wdm/drivers/chromedriver/mac64/97.0.4692.71/driver.zip
[2022-01-10 23:28:53,163] {processor.py:656} WARNING - No viable dags retrieved from /opt/airflow/dags/.wdm/drivers/chromedriver/mac64/97.0.4692.71/driver.zip
[2022-01-10 23:28:53,167] {processor.py:171} INFO - Processing /opt/airflow/dags/.wdm/drivers/chromedriver/mac64/97.0.4692.71/driver.zip took 0.030 seconds
[2022-01-10 23:29:23,789] {processor.py:163} INFO - Started process (PID=10422) to work on /opt/airflow/dags/.wdm/drivers/chromedriver/mac64/97.0.4692.71/driver.zip
[2022-01-10 23:29:23,792] {processor.py:642} INFO - Processing file /opt/airflow/dags/.wdm/drivers/chromedriver/mac64/97.0.4692.71/driver.zip for tasks to queue
[2022-01-10 23:29:23,794] {logging_mixin.py:109} INFO - [2022-01-10 23:29:23,793] {dagbag.py:500} INFO - Filling up the DagBag from /opt/airflow/dags/.wdm/drivers/chromedriver/mac64/97.0.4692.71/driver.zip
[2022-01-10 23:29:23,821] {processor.py:656} WARNING - No viable dags retrieved from /opt/airflow/dags/.wdm/drivers/chromedriver/mac64/97.0.4692.71/driver.zip
[2022-01-10 23:29:23,825] {processor.py:171} INFO - Processing /opt/airflow/dags/.wdm/drivers/chromedriver/mac64/97.0.4692.71/driver.zip took 0.041 seconds
[2022-01-10 23:29:54,556] {processor.py:163} INFO - Started process (PID=10481) to work on /opt/airflow/dags/.wdm/drivers/chromedriver/mac64/97.0.4692.71/driver.zip
[2022-01-10 23:29:54,566] {processor.py:642} INFO - Processing file /opt/airflow/dags/.wdm/drivers/chromedriver/mac64/97.0.4692.71/driver.zip for tasks to queue
[2022-01-10 23:29:54,568] {logging_mixin.py:109} INFO - [2022-01-10 23:29:54,568] {dagbag.py:500} INFO - Filling up the DagBag from /opt/airflow/dags/.wdm/drivers/chromedriver/mac64/97.0.4692.71/driver.zip
[2022-01-10 23:29:54,592] {processor.py:656} WARNING - No viable dags retrieved from /opt/airflow/dags/.wdm/drivers/chromedriver/mac64/97.0.4692.71/driver.zip
[2022-01-10 23:29:54,596] {processor.py:171} INFO - Processing /opt/airflow/dags/.wdm/drivers/chromedriver/mac64/97.0.4692.71/driver.zip took 0.045 seconds
