[2022-01-11 15:47:40,000] {taskinstance.py:1032} INFO - Dependencies all met for <TaskInstance: stocks_dag.sql_connect_ manual__2022-01-11T15:47:37.312935+00:00 [queued]>
[2022-01-11 15:47:40,010] {taskinstance.py:1032} INFO - Dependencies all met for <TaskInstance: stocks_dag.sql_connect_ manual__2022-01-11T15:47:37.312935+00:00 [queued]>
[2022-01-11 15:47:40,011] {taskinstance.py:1238} INFO - 
--------------------------------------------------------------------------------
[2022-01-11 15:47:40,012] {taskinstance.py:1239} INFO - Starting attempt 1 of 4
[2022-01-11 15:47:40,012] {taskinstance.py:1240} INFO - 
--------------------------------------------------------------------------------
[2022-01-11 15:47:40,022] {taskinstance.py:1259} INFO - Executing <Task(PythonOperator): sql_connect_> on 2022-01-11 15:47:37.312935+00:00
[2022-01-11 15:47:40,027] {standard_task_runner.py:52} INFO - Started process 1534 to run task
[2022-01-11 15:47:40,030] {standard_task_runner.py:76} INFO - Running: ['***', 'tasks', 'run', 'stocks_dag', 'sql_connect_', 'manual__2022-01-11T15:47:37.312935+00:00', '--job-id', '153', '--raw', '--subdir', 'DAGS_FOLDER/stocks_dag.py', '--cfg-path', '/tmp/tmpbdn4nfav', '--error-file', '/tmp/tmpdf1ukmp2']
[2022-01-11 15:47:40,043] {standard_task_runner.py:77} INFO - Job 153: Subtask sql_connect_
[2022-01-11 15:47:40,098] {logging_mixin.py:109} INFO - Running <TaskInstance: stocks_dag.sql_connect_ manual__2022-01-11T15:47:37.312935+00:00 [running]> on host 36edd51a2216
[2022-01-11 15:47:40,214] {taskinstance.py:1426} INFO - Exporting the following env vars:
AIRFLOW_CTX_DAG_EMAIL=mcgaritym@gmail.com
AIRFLOW_CTX_DAG_OWNER=***
AIRFLOW_CTX_DAG_ID=stocks_dag
AIRFLOW_CTX_TASK_ID=sql_connect_
AIRFLOW_CTX_EXECUTION_DATE=2022-01-11T15:47:37.312935+00:00
AIRFLOW_CTX_DAG_RUN_ID=manual__2022-01-11T15:47:37.312935+00:00
[2022-01-11 15:47:40,337] {python.py:175} INFO - Done. Returned value was: Stocks Database Created
[2022-01-11 15:47:40,374] {taskinstance.py:1277} INFO - Marking task as SUCCESS. dag_id=stocks_dag, task_id=sql_connect_, execution_date=20220111T154737, start_date=20220111T154740, end_date=20220111T154740
[2022-01-11 15:47:40,425] {local_task_job.py:154} INFO - Task exited with return code 0
[2022-01-11 15:47:40,471] {local_task_job.py:264} INFO - 1 downstream tasks scheduled from follow-on schedule check
