[2022-01-15 19:38:46,403] {taskinstance.py:1032} INFO - Dependencies all met for <TaskInstance: stocks_dag.print_date manual__2022-01-15T19:38:44.492399+00:00 [queued]>
[2022-01-15 19:38:46,415] {taskinstance.py:1032} INFO - Dependencies all met for <TaskInstance: stocks_dag.print_date manual__2022-01-15T19:38:44.492399+00:00 [queued]>
[2022-01-15 19:38:46,416] {taskinstance.py:1238} INFO - 
--------------------------------------------------------------------------------
[2022-01-15 19:38:46,416] {taskinstance.py:1239} INFO - Starting attempt 1 of 4
[2022-01-15 19:38:46,417] {taskinstance.py:1240} INFO - 
--------------------------------------------------------------------------------
[2022-01-15 19:38:46,427] {taskinstance.py:1259} INFO - Executing <Task(BashOperator): print_date> on 2022-01-15 19:38:44.492399+00:00
[2022-01-15 19:38:46,433] {standard_task_runner.py:52} INFO - Started process 79 to run task
[2022-01-15 19:38:46,440] {standard_task_runner.py:76} INFO - Running: ['***', 'tasks', 'run', 'stocks_dag', 'print_date', 'manual__2022-01-15T19:38:44.492399+00:00', '--job-id', '440', '--raw', '--subdir', 'DAGS_FOLDER/stocks_dag.py', '--cfg-path', '/tmp/tmpr7t0y8oo', '--error-file', '/tmp/tmpgi3qjmmq']
[2022-01-15 19:38:46,441] {standard_task_runner.py:77} INFO - Job 440: Subtask print_date
[2022-01-15 19:38:46,519] {logging_mixin.py:109} INFO - Running <TaskInstance: stocks_dag.print_date manual__2022-01-15T19:38:44.492399+00:00 [running]> on host 7b04b778c6bb
[2022-01-15 19:38:46,589] {taskinstance.py:1426} INFO - Exporting the following env vars:
AIRFLOW_CTX_DAG_EMAIL=mcgaritym@gmail.com
AIRFLOW_CTX_DAG_OWNER=***
AIRFLOW_CTX_DAG_ID=stocks_dag
AIRFLOW_CTX_TASK_ID=print_date
AIRFLOW_CTX_EXECUTION_DATE=2022-01-15T19:38:44.492399+00:00
AIRFLOW_CTX_DAG_RUN_ID=manual__2022-01-15T19:38:44.492399+00:00
[2022-01-15 19:38:46,591] {subprocess.py:62} INFO - Tmp dir root location: 
 /tmp
[2022-01-15 19:38:46,592] {subprocess.py:74} INFO - Running command: ['bash', '-c', 'date']
[2022-01-15 19:38:46,606] {subprocess.py:85} INFO - Output:
[2022-01-15 19:38:46,610] {subprocess.py:89} INFO - Sat Jan 15 19:38:46 UTC 2022
[2022-01-15 19:38:46,611] {subprocess.py:93} INFO - Command exited with return code 0
[2022-01-15 19:38:46,638] {taskinstance.py:1277} INFO - Marking task as SUCCESS. dag_id=stocks_dag, task_id=print_date, execution_date=20220115T193844, start_date=20220115T193846, end_date=20220115T193846
[2022-01-15 19:38:46,694] {local_task_job.py:154} INFO - Task exited with return code 0
[2022-01-15 19:38:46,734] {local_task_job.py:264} INFO - 0 downstream tasks scheduled from follow-on schedule check
