[2022-01-23 02:10:32,299] {taskinstance.py:1032} INFO - Dependencies all met for <TaskInstance: stocks_dag.get_tickers_2_ manual__2022-01-23T02:07:52.528191+00:00 [queued]>
[2022-01-23 02:10:32,310] {taskinstance.py:1032} INFO - Dependencies all met for <TaskInstance: stocks_dag.get_tickers_2_ manual__2022-01-23T02:07:52.528191+00:00 [queued]>
[2022-01-23 02:10:32,311] {taskinstance.py:1238} INFO - 
--------------------------------------------------------------------------------
[2022-01-23 02:10:32,312] {taskinstance.py:1239} INFO - Starting attempt 2 of 4
[2022-01-23 02:10:32,312] {taskinstance.py:1240} INFO - 
--------------------------------------------------------------------------------
[2022-01-23 02:10:32,325] {taskinstance.py:1259} INFO - Executing <Task(PythonOperator): get_tickers_2_> on 2022-01-23 02:07:52.528191+00:00
[2022-01-23 02:10:32,330] {standard_task_runner.py:52} INFO - Started process 1982 to run task
[2022-01-23 02:10:32,335] {standard_task_runner.py:76} INFO - Running: ['***', 'tasks', 'run', 'stocks_dag', 'get_tickers_2_', 'manual__2022-01-23T02:07:52.528191+00:00', '--job-id', '556', '--raw', '--subdir', 'DAGS_FOLDER/stocks_dag.py', '--cfg-path', '/tmp/tmp77u781xe', '--error-file', '/tmp/tmp8awmait2']
[2022-01-23 02:10:32,336] {standard_task_runner.py:77} INFO - Job 556: Subtask get_tickers_2_
[2022-01-23 02:10:32,399] {logging_mixin.py:109} INFO - Running <TaskInstance: stocks_dag.get_tickers_2_ manual__2022-01-23T02:07:52.528191+00:00 [running]> on host 313081f76d55
[2022-01-23 02:10:32,452] {taskinstance.py:1426} INFO - Exporting the following env vars:
AIRFLOW_CTX_DAG_EMAIL=mcgaritym@gmail.com
AIRFLOW_CTX_DAG_OWNER=***
AIRFLOW_CTX_DAG_ID=stocks_dag
AIRFLOW_CTX_TASK_ID=get_tickers_2_
AIRFLOW_CTX_EXECUTION_DATE=2022-01-23T02:07:52.528191+00:00
AIRFLOW_CTX_DAG_RUN_ID=manual__2022-01-23T02:07:52.528191+00:00
[2022-01-23 02:10:32,470] {logging_mixin.py:109} INFO - Parent Directory:  /opt
[2022-01-23 02:10:32,470] {logging_mixin.py:109} INFO - Data Directory:  /opt/data
[2022-01-23 02:10:32,471] {logging_mixin.py:109} INFO - Current Working Directory:  /opt/***
[2022-01-23 02:10:32,472] {logging_mixin.py:109} INFO - Current Files in WD_:  ['logs', 'dags', '***-worker.pid', '***.cfg', 'plugins', 'tickers_2022-01-23__02-07-52.csv', 'webserver_config.py', 'data', 'config.py', 'requirements.txt', 'nasdaq_screener_1641856343892.csv']
[2022-01-23 02:10:32,473] {logging_mixin.py:109} INFO - ['/opt/***/nasdaq_screener_1641856343892.csv']
[2022-01-23 02:10:32,551] {logging_mixin.py:109} INFO -      Symbol  ...                                    Industry
0         A  ...                         Electrical Products
1        AA  ...                          Metal Fabrications
2       AAC  ...                           Business Services
3      AACG  ...              Service to the Health Industry
4      AACI  ...                                         NaN
...     ...  ...                                         ...
8341    ZWS  ...                                Water Supply
8342     ZY  ...                      Industrial Specialties
8343   ZYME  ...                                         NaN
8344   ZYNE  ...  Biotechnology: Pharmaceutical Preparations
8345   ZYXI  ...                       Other Pharmaceuticals

[8346 rows x 11 columns]
[2022-01-23 02:10:33,434] {logging_mixin.py:109} INFO -      Symbol  ...                                 Industry
20     AAPL  ...                   Computer Manufacturing
5046   MSFT  ...  Computer Software: Prepackaged Software
3375  GOOGL  ...        Internet and Information Services
3374   GOOG  ...        Internet and Information Services
462    AMZN  ...           Catalog/Specialty Distribution

[5 rows x 11 columns]
[2022-01-23 02:10:33,435] {python.py:175} INFO - Done. Returned value was: Tickers Created and Sent to SQL
[2022-01-23 02:10:33,452] {taskinstance.py:1277} INFO - Marking task as SUCCESS. dag_id=stocks_dag, task_id=get_tickers_2_, execution_date=20220123T020752, start_date=20220123T021032, end_date=20220123T021033
[2022-01-23 02:10:33,512] {local_task_job.py:154} INFO - Task exited with return code 0
[2022-01-23 02:10:33,542] {local_task_job.py:264} INFO - 1 downstream tasks scheduled from follow-on schedule check
