[2022-01-11 15:33:16,234] {taskinstance.py:1032} INFO - Dependencies all met for <TaskInstance: stocks_dag.get_tickers_2_ manual__2022-01-11T15:33:12.499490+00:00 [queued]>
[2022-01-11 15:33:16,247] {taskinstance.py:1032} INFO - Dependencies all met for <TaskInstance: stocks_dag.get_tickers_2_ manual__2022-01-11T15:33:12.499490+00:00 [queued]>
[2022-01-11 15:33:16,248] {taskinstance.py:1238} INFO - 
--------------------------------------------------------------------------------
[2022-01-11 15:33:16,249] {taskinstance.py:1239} INFO - Starting attempt 1 of 4
[2022-01-11 15:33:16,250] {taskinstance.py:1240} INFO - 
--------------------------------------------------------------------------------
[2022-01-11 15:33:16,264] {taskinstance.py:1259} INFO - Executing <Task(PythonOperator): get_tickers_2_> on 2022-01-11 15:33:12.499490+00:00
[2022-01-11 15:33:16,270] {standard_task_runner.py:52} INFO - Started process 822 to run task
[2022-01-11 15:33:16,274] {standard_task_runner.py:76} INFO - Running: ['***', 'tasks', 'run', 'stocks_dag', 'get_tickers_2_', 'manual__2022-01-11T15:33:12.499490+00:00', '--job-id', '134', '--raw', '--subdir', 'DAGS_FOLDER/stocks_dag.py', '--cfg-path', '/tmp/tmprd3wlfp2', '--error-file', '/tmp/tmpu3qby44j']
[2022-01-11 15:33:16,275] {standard_task_runner.py:77} INFO - Job 134: Subtask get_tickers_2_
[2022-01-11 15:33:16,340] {logging_mixin.py:109} INFO - Running <TaskInstance: stocks_dag.get_tickers_2_ manual__2022-01-11T15:33:12.499490+00:00 [running]> on host 36edd51a2216
[2022-01-11 15:33:16,399] {taskinstance.py:1426} INFO - Exporting the following env vars:
AIRFLOW_CTX_DAG_EMAIL=mcgaritym@gmail.com
AIRFLOW_CTX_DAG_OWNER=***
AIRFLOW_CTX_DAG_ID=stocks_dag
AIRFLOW_CTX_TASK_ID=get_tickers_2_
AIRFLOW_CTX_EXECUTION_DATE=2022-01-11T15:33:12.499490+00:00
AIRFLOW_CTX_DAG_RUN_ID=manual__2022-01-11T15:33:12.499490+00:00
[2022-01-11 15:33:16,401] {logging_mixin.py:109} INFO - Parent Directory:  /opt
[2022-01-11 15:33:16,401] {logging_mixin.py:109} INFO - Data Directory:  /opt/data
[2022-01-11 15:33:16,402] {logging_mixin.py:109} INFO - Current Working Directory:  /opt/***
[2022-01-11 15:33:16,403] {python.py:175} INFO - Done. Returned value was: None
[2022-01-11 15:33:16,417] {taskinstance.py:1277} INFO - Marking task as SUCCESS. dag_id=stocks_dag, task_id=get_tickers_2_, execution_date=20220111T153312, start_date=20220111T153316, end_date=20220111T153316
[2022-01-11 15:33:16,449] {local_task_job.py:154} INFO - Task exited with return code 0
[2022-01-11 15:33:16,492] {local_task_job.py:264} INFO - 1 downstream tasks scheduled from follow-on schedule check
