[2022-01-23 02:12:34,367] {taskinstance.py:1032} INFO - Dependencies all met for <TaskInstance: stocks_dag.print_date manual__2022-01-23T02:12:32.881300+00:00 [queued]>
[2022-01-23 02:12:34,379] {taskinstance.py:1032} INFO - Dependencies all met for <TaskInstance: stocks_dag.print_date manual__2022-01-23T02:12:32.881300+00:00 [queued]>
[2022-01-23 02:12:34,379] {taskinstance.py:1238} INFO - 
--------------------------------------------------------------------------------
[2022-01-23 02:12:34,380] {taskinstance.py:1239} INFO - Starting attempt 1 of 4
[2022-01-23 02:12:34,381] {taskinstance.py:1240} INFO - 
--------------------------------------------------------------------------------
[2022-01-23 02:12:34,392] {taskinstance.py:1259} INFO - Executing <Task(BashOperator): print_date> on 2022-01-23 02:12:32.881300+00:00
[2022-01-23 02:12:34,398] {standard_task_runner.py:52} INFO - Started process 2089 to run task
[2022-01-23 02:12:34,404] {standard_task_runner.py:76} INFO - Running: ['***', 'tasks', 'run', 'stocks_dag', 'print_date', 'manual__2022-01-23T02:12:32.881300+00:00', '--job-id', '563', '--raw', '--subdir', 'DAGS_FOLDER/stocks_dag.py', '--cfg-path', '/tmp/tmp7i3s2n_2', '--error-file', '/tmp/tmp5tklldwf']
[2022-01-23 02:12:34,406] {standard_task_runner.py:77} INFO - Job 563: Subtask print_date
[2022-01-23 02:12:34,465] {logging_mixin.py:109} INFO - Running <TaskInstance: stocks_dag.print_date manual__2022-01-23T02:12:32.881300+00:00 [running]> on host 313081f76d55
[2022-01-23 02:12:34,547] {taskinstance.py:1426} INFO - Exporting the following env vars:
AIRFLOW_CTX_DAG_EMAIL=mcgaritym@gmail.com
AIRFLOW_CTX_DAG_OWNER=***
AIRFLOW_CTX_DAG_ID=stocks_dag
AIRFLOW_CTX_TASK_ID=print_date
AIRFLOW_CTX_EXECUTION_DATE=2022-01-23T02:12:32.881300+00:00
AIRFLOW_CTX_DAG_RUN_ID=manual__2022-01-23T02:12:32.881300+00:00
[2022-01-23 02:12:34,549] {subprocess.py:62} INFO - Tmp dir root location: 
 /tmp
[2022-01-23 02:12:34,550] {subprocess.py:74} INFO - Running command: ['bash', '-c', 'date']
[2022-01-23 02:12:34,564] {subprocess.py:85} INFO - Output:
[2022-01-23 02:12:34,570] {subprocess.py:89} INFO - Sun Jan 23 02:12:34 UTC 2022
[2022-01-23 02:12:34,571] {subprocess.py:93} INFO - Command exited with return code 0
[2022-01-23 02:12:34,601] {taskinstance.py:1277} INFO - Marking task as SUCCESS. dag_id=stocks_dag, task_id=print_date, execution_date=20220123T021232, start_date=20220123T021234, end_date=20220123T021234
[2022-01-23 02:12:34,655] {local_task_job.py:154} INFO - Task exited with return code 0
[2022-01-23 02:12:34,687] {local_task_job.py:264} INFO - 0 downstream tasks scheduled from follow-on schedule check
