[2022-01-15 19:06:56,716] {taskinstance.py:1032} INFO - Dependencies all met for <TaskInstance: stocks_dag.print_date manual__2022-01-15T19:06:55.035083+00:00 [queued]>
[2022-01-15 19:06:56,728] {taskinstance.py:1032} INFO - Dependencies all met for <TaskInstance: stocks_dag.print_date manual__2022-01-15T19:06:55.035083+00:00 [queued]>
[2022-01-15 19:06:56,729] {taskinstance.py:1238} INFO - 
--------------------------------------------------------------------------------
[2022-01-15 19:06:56,730] {taskinstance.py:1239} INFO - Starting attempt 1 of 4
[2022-01-15 19:06:56,731] {taskinstance.py:1240} INFO - 
--------------------------------------------------------------------------------
[2022-01-15 19:06:56,746] {taskinstance.py:1259} INFO - Executing <Task(BashOperator): print_date> on 2022-01-15 19:06:55.035083+00:00
[2022-01-15 19:06:56,751] {standard_task_runner.py:52} INFO - Started process 1706 to run task
[2022-01-15 19:06:56,760] {standard_task_runner.py:76} INFO - Running: ['***', 'tasks', 'run', 'stocks_dag', 'print_date', 'manual__2022-01-15T19:06:55.035083+00:00', '--job-id', '423', '--raw', '--subdir', 'DAGS_FOLDER/stocks_dag.py', '--cfg-path', '/tmp/tmp1xhzer4b', '--error-file', '/tmp/tmp50j74zus']
[2022-01-15 19:06:56,761] {standard_task_runner.py:77} INFO - Job 423: Subtask print_date
[2022-01-15 19:06:56,837] {logging_mixin.py:109} INFO - Running <TaskInstance: stocks_dag.print_date manual__2022-01-15T19:06:55.035083+00:00 [running]> on host 10d1e29787a9
[2022-01-15 19:06:56,906] {taskinstance.py:1426} INFO - Exporting the following env vars:
AIRFLOW_CTX_DAG_EMAIL=mcgaritym@gmail.com
AIRFLOW_CTX_DAG_OWNER=***
AIRFLOW_CTX_DAG_ID=stocks_dag
AIRFLOW_CTX_TASK_ID=print_date
AIRFLOW_CTX_EXECUTION_DATE=2022-01-15T19:06:55.035083+00:00
AIRFLOW_CTX_DAG_RUN_ID=manual__2022-01-15T19:06:55.035083+00:00
[2022-01-15 19:06:56,908] {subprocess.py:62} INFO - Tmp dir root location: 
 /tmp
[2022-01-15 19:06:56,910] {subprocess.py:74} INFO - Running command: ['bash', '-c', 'date']
[2022-01-15 19:06:56,932] {subprocess.py:85} INFO - Output:
[2022-01-15 19:06:56,941] {subprocess.py:89} INFO - Sat Jan 15 19:06:56 UTC 2022
[2022-01-15 19:06:56,942] {subprocess.py:93} INFO - Command exited with return code 0
[2022-01-15 19:06:56,984] {taskinstance.py:1277} INFO - Marking task as SUCCESS. dag_id=stocks_dag, task_id=print_date, execution_date=20220115T190655, start_date=20220115T190656, end_date=20220115T190656
[2022-01-15 19:06:57,014] {local_task_job.py:154} INFO - Task exited with return code 0
[2022-01-15 19:06:57,058] {local_task_job.py:264} INFO - 0 downstream tasks scheduled from follow-on schedule check
