[2022-01-23 02:32:34,100] {taskinstance.py:1032} INFO - Dependencies all met for <TaskInstance: stocks_dag.get_financials_ manual__2022-01-23T02:14:09.123920+00:00 [queued]>
[2022-01-23 02:32:34,108] {taskinstance.py:1032} INFO - Dependencies all met for <TaskInstance: stocks_dag.get_financials_ manual__2022-01-23T02:14:09.123920+00:00 [queued]>
[2022-01-23 02:32:34,108] {taskinstance.py:1238} INFO - 
--------------------------------------------------------------------------------
[2022-01-23 02:32:34,109] {taskinstance.py:1239} INFO - Starting attempt 2 of 4
[2022-01-23 02:32:34,110] {taskinstance.py:1240} INFO - 
--------------------------------------------------------------------------------
[2022-01-23 02:32:34,118] {taskinstance.py:1259} INFO - Executing <Task(PythonOperator): get_financials_> on 2022-01-23 02:14:09.123920+00:00
[2022-01-23 02:32:34,123] {standard_task_runner.py:52} INFO - Started process 3019 to run task
[2022-01-23 02:32:34,126] {standard_task_runner.py:76} INFO - Running: ['***', 'tasks', 'run', 'stocks_dag', 'get_financials_', 'manual__2022-01-23T02:14:09.123920+00:00', '--job-id', '570', '--raw', '--subdir', 'DAGS_FOLDER/stocks_dag.py', '--cfg-path', '/tmp/tmp7kncmsvg', '--error-file', '/tmp/tmp2mojts4g']
[2022-01-23 02:32:34,127] {standard_task_runner.py:77} INFO - Job 570: Subtask get_financials_
[2022-01-23 02:32:34,178] {logging_mixin.py:109} INFO - Running <TaskInstance: stocks_dag.get_financials_ manual__2022-01-23T02:14:09.123920+00:00 [running]> on host 313081f76d55
[2022-01-23 02:32:34,219] {taskinstance.py:1426} INFO - Exporting the following env vars:
AIRFLOW_CTX_DAG_EMAIL=mcgaritym@gmail.com
AIRFLOW_CTX_DAG_OWNER=***
AIRFLOW_CTX_DAG_ID=stocks_dag
AIRFLOW_CTX_TASK_ID=get_financials_
AIRFLOW_CTX_EXECUTION_DATE=2022-01-23T02:14:09.123920+00:00
AIRFLOW_CTX_DAG_RUN_ID=manual__2022-01-23T02:14:09.123920+00:00
[2022-01-23 02:32:34,441] {logging_mixin.py:109} INFO - AAPL 1
[2022-01-23 02:32:43,881] {logging_mixin.py:109} INFO - MSFT 2
[2022-01-23 02:32:53,391] {logging_mixin.py:109} INFO - GOOGL 3
[2022-01-23 02:33:02,649] {logging_mixin.py:109} INFO - GOOG 4
[2022-01-23 02:33:11,906] {logging_mixin.py:109} INFO - AMZN 5
[2022-01-23 02:33:21,134] {logging_mixin.py:109} INFO - TSLA 6
[2022-01-23 02:33:30,410] {logging_mixin.py:109} INFO - FB 7
[2022-01-23 02:33:40,422] {logging_mixin.py:109} INFO - NVDA 8
[2022-01-23 02:33:51,149] {logging_mixin.py:109} INFO - TSM 9
[2022-01-23 02:34:01,663] {logging_mixin.py:109} INFO - JPM 10
[2022-01-23 02:34:11,298] {logging_mixin.py:109} INFO - V 11
[2022-01-23 02:34:20,831] {logging_mixin.py:109} INFO - KeyError:  'Earnings'
[2022-01-23 02:34:20,832] {logging_mixin.py:109} INFO - JNJ 12
[2022-01-23 02:34:31,264] {logging_mixin.py:109} INFO - UNH 13
[2022-01-23 02:34:41,243] {logging_mixin.py:109} INFO - BAC 14
[2022-01-23 02:34:50,938] {logging_mixin.py:109} INFO - HD 15
[2022-01-23 02:35:00,519] {logging_mixin.py:109} INFO - WMT 16
[2022-01-23 02:35:09,869] {logging_mixin.py:109} INFO - PG 17
[2022-01-23 02:35:19,914] {logging_mixin.py:109} INFO - MA 18
[2022-01-23 02:35:29,633] {logging_mixin.py:109} INFO - BABA 19
[2022-01-23 02:35:39,657] {logging_mixin.py:109} INFO - PFE 20
[2022-01-23 02:35:49,055] {logging_mixin.py:109} INFO - ASML 21
[2022-01-23 02:35:59,132] {logging_mixin.py:109} INFO - XOM 22
[2022-01-23 02:36:09,408] {logging_mixin.py:109} INFO - KeyError:  'trailingPE'
[2022-01-23 02:36:09,410] {logging_mixin.py:109} INFO - DIS 23
[2022-01-23 02:36:20,136] {logging_mixin.py:109} INFO - TM 24
[2022-01-23 02:36:29,539] {logging_mixin.py:109} INFO - NTES 25
[2022-01-23 02:36:39,683] {logging_mixin.py:109} INFO - KO 26
[2022-01-23 02:36:50,055] {logging_mixin.py:109} INFO - CSCO 27
[2022-01-23 02:36:59,399] {logging_mixin.py:109} INFO - AVGO 28
[2022-01-23 02:37:09,187] {logging_mixin.py:109} INFO - ADBE 29
[2022-01-23 02:37:19,107] {logging_mixin.py:109} INFO - LLY 30
[2022-01-23 02:37:28,352] {logging_mixin.py:109} INFO - TMO 31
[2022-01-23 02:37:38,365] {logging_mixin.py:109} INFO - CVX 32
[2022-01-23 02:37:48,261] {logging_mixin.py:109} INFO - ABBV 33
[2022-01-23 02:37:58,236] {logging_mixin.py:109} INFO - PEP 34
[2022-01-23 02:38:07,151] {logging_mixin.py:109} INFO - ABT 35
[2022-01-23 02:38:16,457] {logging_mixin.py:109} INFO - NFLX 36
[2022-01-23 02:38:26,391] {logging_mixin.py:109} INFO - ORCL 37
[2022-01-23 02:38:36,524] {logging_mixin.py:109} INFO - NKE 38
[2022-01-23 02:38:45,810] {logging_mixin.py:109} INFO - ACN 39
[2022-01-23 02:38:55,986] {logging_mixin.py:109} INFO - NVO 40
[2022-01-23 02:39:05,583] {logging_mixin.py:109} INFO - CMCSA 41
[2022-01-23 02:39:15,834] {logging_mixin.py:109} INFO - COST 42
[2022-01-23 02:39:25,196] {logging_mixin.py:109} INFO - CRM 43
[2022-01-23 02:39:34,606] {logging_mixin.py:109} INFO - VZ 44
[2022-01-23 02:39:44,799] {logging_mixin.py:109} INFO - INTC 45
[2022-01-23 02:39:54,648] {logging_mixin.py:109} INFO - WFC 46
[2022-01-23 02:40:04,465] {logging_mixin.py:109} INFO - DHR 47
[2022-01-23 02:40:14,493] {logging_mixin.py:109} INFO - PYPL 48
[2022-01-23 02:40:24,960] {logging_mixin.py:109} INFO - MRK 49
[2022-01-23 02:40:35,187] {logging_mixin.py:109} INFO - NVS 50
[2022-01-23 02:40:44,495] {logging_mixin.py:109} INFO - QCOM 51
[2022-01-23 02:40:53,816] {logging_mixin.py:109} INFO - MCD 52
[2022-01-23 02:41:03,490] {logging_mixin.py:109} INFO - T 53
[2022-01-23 02:41:15,409] {logging_mixin.py:109} INFO - MS 54
[2022-01-23 02:41:25,144] {logging_mixin.py:109} INFO - UPS 55
[2022-01-23 02:41:35,586] {logging_mixin.py:109} INFO - AZN 56
[2022-01-23 02:41:45,027] {logging_mixin.py:109} INFO - SCHW 57
[2022-01-23 02:41:56,185] {logging_mixin.py:109} INFO - LIN 58
[2022-01-23 02:42:05,798] {logging_mixin.py:109} INFO - TXN 59
[2022-01-23 02:42:15,529] {logging_mixin.py:109} INFO - LOW 60
[2022-01-23 02:42:26,145] {logging_mixin.py:109} INFO - NEE 61
[2022-01-23 02:42:34,984] {logging_mixin.py:109} INFO - SAP 62
[2022-01-23 02:42:45,223] {logging_mixin.py:109} INFO - INTU 63
[2022-01-23 02:42:54,965] {logging_mixin.py:109} INFO - UNP 64
[2022-01-23 02:43:04,799] {logging_mixin.py:109} INFO - RY 65
[2022-01-23 02:43:14,848] {logging_mixin.py:109} INFO - BHP 66
[2022-01-23 02:43:24,461] {logging_mixin.py:109} INFO - AMD 67
[2022-01-23 02:43:33,765] {logging_mixin.py:109} INFO - BBL 68
[2022-01-23 02:43:43,084] {logging_mixin.py:109} INFO - PM 69
[2022-01-23 02:43:53,226] {logging_mixin.py:109} INFO - SONY 70
[2022-01-23 02:44:03,048] {logging_mixin.py:109} INFO - HON 71
[2022-01-23 02:44:12,983] {logging_mixin.py:109} INFO - BMY 72
[2022-01-23 02:44:15,519] {local_task_job.py:212} WARNING - State of this instance has been externally set to failed. Terminating instance.
[2022-01-23 02:44:15,521] {process_utils.py:124} INFO - Sending Signals.SIGTERM to group 3019. PIDs of all processes in the group: [3019]
[2022-01-23 02:44:15,522] {process_utils.py:75} INFO - Sending the signal Signals.SIGTERM to group 3019
[2022-01-23 02:44:15,523] {taskinstance.py:1408} ERROR - Received SIGTERM. Terminating subprocesses.
[2022-01-23 02:44:22,847] {logging_mixin.py:109} INFO - KeyError:  'trailingPE'
[2022-01-23 02:44:22,849] {logging_mixin.py:109} INFO - TD 73
[2022-01-23 02:44:32,235] {logging_mixin.py:109} INFO - SHOP 74
[2022-01-23 02:44:42,154] {logging_mixin.py:109} INFO - MDT 75
[2022-01-23 02:44:51,894] {logging_mixin.py:109} INFO - UL 76
[2022-01-23 02:45:01,878] {logging_mixin.py:109} INFO - CVS 77
[2022-01-23 02:45:11,152] {logging_mixin.py:109} INFO - TTE 78
[2022-01-23 02:45:15,514] {process_utils.py:138} WARNING - process psutil.Process(pid=3019, name='airflow task ru', status='sleeping', started='02:32:33') did not respond to SIGTERM. Trying SIGKILL
[2022-01-23 02:45:15,516] {process_utils.py:75} INFO - Sending the signal Signals.SIGKILL to group 3019
[2022-01-23 02:45:15,545] {process_utils.py:70} INFO - Process psutil.Process(pid=3019, name='airflow task ru', status='terminated', exitcode=<Negsignal.SIGKILL: -9>, started='02:32:33') (3019) terminated with exit code Negsignal.SIGKILL
[2022-01-23 02:45:15,546] {standard_task_runner.py:135} ERROR - Job 570 was killed before it finished (likely due to running out of memory)
