[2022-01-23 02:14:10,784] {taskinstance.py:1032} INFO - Dependencies all met for <TaskInstance: stocks_dag.sql_connect_ manual__2022-01-23T02:14:09.123920+00:00 [queued]>
[2022-01-23 02:14:10,796] {taskinstance.py:1032} INFO - Dependencies all met for <TaskInstance: stocks_dag.sql_connect_ manual__2022-01-23T02:14:09.123920+00:00 [queued]>
[2022-01-23 02:14:10,797] {taskinstance.py:1238} INFO - 
--------------------------------------------------------------------------------
[2022-01-23 02:14:10,798] {taskinstance.py:1239} INFO - Starting attempt 1 of 4
[2022-01-23 02:14:10,799] {taskinstance.py:1240} INFO - 
--------------------------------------------------------------------------------
[2022-01-23 02:14:10,812] {taskinstance.py:1259} INFO - Executing <Task(PythonOperator): sql_connect_> on 2022-01-23 02:14:09.123920+00:00
[2022-01-23 02:14:10,817] {standard_task_runner.py:52} INFO - Started process 2164 to run task
[2022-01-23 02:14:10,822] {standard_task_runner.py:76} INFO - Running: ['***', 'tasks', 'run', 'stocks_dag', 'sql_connect_', 'manual__2022-01-23T02:14:09.123920+00:00', '--job-id', '566', '--raw', '--subdir', 'DAGS_FOLDER/stocks_dag.py', '--cfg-path', '/tmp/tmpzi53846z', '--error-file', '/tmp/tmp333g66y8']
[2022-01-23 02:14:10,823] {standard_task_runner.py:77} INFO - Job 566: Subtask sql_connect_
[2022-01-23 02:14:10,895] {logging_mixin.py:109} INFO - Running <TaskInstance: stocks_dag.sql_connect_ manual__2022-01-23T02:14:09.123920+00:00 [running]> on host 313081f76d55
[2022-01-23 02:14:10,966] {taskinstance.py:1426} INFO - Exporting the following env vars:
AIRFLOW_CTX_DAG_EMAIL=mcgaritym@gmail.com
AIRFLOW_CTX_DAG_OWNER=***
AIRFLOW_CTX_DAG_ID=stocks_dag
AIRFLOW_CTX_TASK_ID=sql_connect_
AIRFLOW_CTX_EXECUTION_DATE=2022-01-23T02:14:09.123920+00:00
AIRFLOW_CTX_DAG_RUN_ID=manual__2022-01-23T02:14:09.123920+00:00
[2022-01-23 02:14:11,037] {python.py:175} INFO - Done. Returned value was: Stocks Database Created
[2022-01-23 02:14:11,070] {taskinstance.py:1277} INFO - Marking task as SUCCESS. dag_id=stocks_dag, task_id=sql_connect_, execution_date=20220123T021409, start_date=20220123T021410, end_date=20220123T021411
[2022-01-23 02:14:11,118] {local_task_job.py:154} INFO - Task exited with return code 0
[2022-01-23 02:14:11,166] {local_task_job.py:264} INFO - 0 downstream tasks scheduled from follow-on schedule check
