[2022-01-10 22:30:52,334] {taskinstance.py:1032} INFO - Dependencies all met for <TaskInstance: stocks_dag.print_date manual__2022-01-10T22:30:51.018120+00:00 [queued]>
[2022-01-10 22:30:52,345] {taskinstance.py:1032} INFO - Dependencies all met for <TaskInstance: stocks_dag.print_date manual__2022-01-10T22:30:51.018120+00:00 [queued]>
[2022-01-10 22:30:52,346] {taskinstance.py:1238} INFO - 
--------------------------------------------------------------------------------
[2022-01-10 22:30:52,347] {taskinstance.py:1239} INFO - Starting attempt 1 of 4
[2022-01-10 22:30:52,348] {taskinstance.py:1240} INFO - 
--------------------------------------------------------------------------------
[2022-01-10 22:30:52,476] {taskinstance.py:1259} INFO - Executing <Task(BashOperator): print_date> on 2022-01-10 22:30:51.018120+00:00
[2022-01-10 22:30:52,483] {standard_task_runner.py:52} INFO - Started process 1276 to run task
[2022-01-10 22:30:52,488] {standard_task_runner.py:76} INFO - Running: ['***', 'tasks', 'run', 'stocks_dag', 'print_date', 'manual__2022-01-10T22:30:51.018120+00:00', '--job-id', '74', '--raw', '--subdir', 'DAGS_FOLDER/stocks_dag.py', '--cfg-path', '/tmp/tmp7io4h927', '--error-file', '/tmp/tmpki461x7a']
[2022-01-10 22:30:52,489] {standard_task_runner.py:77} INFO - Job 74: Subtask print_date
[2022-01-10 22:30:52,558] {logging_mixin.py:109} INFO - Running <TaskInstance: stocks_dag.print_date manual__2022-01-10T22:30:51.018120+00:00 [running]> on host 6e02ffb9d96a
[2022-01-10 22:30:52,612] {taskinstance.py:1426} INFO - Exporting the following env vars:
AIRFLOW_CTX_DAG_EMAIL=mcgaritym@gmail.com
AIRFLOW_CTX_DAG_OWNER=***
AIRFLOW_CTX_DAG_ID=stocks_dag
AIRFLOW_CTX_TASK_ID=print_date
AIRFLOW_CTX_EXECUTION_DATE=2022-01-10T22:30:51.018120+00:00
AIRFLOW_CTX_DAG_RUN_ID=manual__2022-01-10T22:30:51.018120+00:00
[2022-01-10 22:30:52,614] {subprocess.py:62} INFO - Tmp dir root location: 
 /tmp
[2022-01-10 22:30:52,616] {subprocess.py:74} INFO - Running command: ['bash', '-c', 'date']
[2022-01-10 22:30:52,630] {subprocess.py:85} INFO - Output:
[2022-01-10 22:30:52,634] {subprocess.py:89} INFO - Mon Jan 10 22:30:52 UTC 2022
[2022-01-10 22:30:52,635] {subprocess.py:93} INFO - Command exited with return code 0
[2022-01-10 22:30:52,668] {taskinstance.py:1277} INFO - Marking task as SUCCESS. dag_id=stocks_dag, task_id=print_date, execution_date=20220110T223051, start_date=20220110T223052, end_date=20220110T223052
[2022-01-10 22:30:52,702] {local_task_job.py:154} INFO - Task exited with return code 0
[2022-01-10 22:30:52,751] {local_task_job.py:264} INFO - 1 downstream tasks scheduled from follow-on schedule check
