[2022-01-11 16:55:26,718] {taskinstance.py:1032} INFO - Dependencies all met for <TaskInstance: stocks_dag.get_tickers_2_ manual__2022-01-11T16:55:25.412203+00:00 [queued]>
[2022-01-11 16:55:26,729] {taskinstance.py:1032} INFO - Dependencies all met for <TaskInstance: stocks_dag.get_tickers_2_ manual__2022-01-11T16:55:25.412203+00:00 [queued]>
[2022-01-11 16:55:26,730] {taskinstance.py:1238} INFO - 
--------------------------------------------------------------------------------
[2022-01-11 16:55:26,731] {taskinstance.py:1239} INFO - Starting attempt 1 of 4
[2022-01-11 16:55:26,732] {taskinstance.py:1240} INFO - 
--------------------------------------------------------------------------------
[2022-01-11 16:55:26,746] {taskinstance.py:1259} INFO - Executing <Task(PythonOperator): get_tickers_2_> on 2022-01-11 16:55:25.412203+00:00
[2022-01-11 16:55:26,754] {standard_task_runner.py:52} INFO - Started process 386 to run task
[2022-01-11 16:55:26,759] {standard_task_runner.py:76} INFO - Running: ['***', 'tasks', 'run', 'stocks_dag', 'get_tickers_2_', 'manual__2022-01-11T16:55:25.412203+00:00', '--job-id', '282', '--raw', '--subdir', 'DAGS_FOLDER/stocks_dag.py', '--cfg-path', '/tmp/tmpvk9wxtw1', '--error-file', '/tmp/tmpelkjkckr']
[2022-01-11 16:55:26,761] {standard_task_runner.py:77} INFO - Job 282: Subtask get_tickers_2_
[2022-01-11 16:55:26,831] {logging_mixin.py:109} INFO - Running <TaskInstance: stocks_dag.get_tickers_2_ manual__2022-01-11T16:55:25.412203+00:00 [running]> on host 05378dffc570
[2022-01-11 16:55:26,905] {taskinstance.py:1426} INFO - Exporting the following env vars:
AIRFLOW_CTX_DAG_EMAIL=mcgaritym@gmail.com
AIRFLOW_CTX_DAG_OWNER=***
AIRFLOW_CTX_DAG_ID=stocks_dag
AIRFLOW_CTX_TASK_ID=get_tickers_2_
AIRFLOW_CTX_EXECUTION_DATE=2022-01-11T16:55:25.412203+00:00
AIRFLOW_CTX_DAG_RUN_ID=manual__2022-01-11T16:55:25.412203+00:00
[2022-01-11 16:55:26,908] {logging_mixin.py:109} INFO - Parent Directory:  /opt
[2022-01-11 16:55:26,910] {logging_mixin.py:109} INFO - Data Directory:  /opt/data
[2022-01-11 16:55:26,916] {logging_mixin.py:109} INFO - Current Working Directory:  /opt/***
[2022-01-11 16:55:26,917] {logging_mixin.py:109} INFO - Current Files in WD_:  ['logs', 'dags', '***-worker.pid', 'data', '***.cfg', 'plugins', 'webserver_config.py', 'requirements.txt']
[2022-01-11 16:55:26,918] {logging_mixin.py:109} INFO - []
[2022-01-11 16:55:26,919] {python.py:175} INFO - Done. Returned value was: None
[2022-01-11 16:55:26,937] {taskinstance.py:1277} INFO - Marking task as SUCCESS. dag_id=stocks_dag, task_id=get_tickers_2_, execution_date=20220111T165525, start_date=20220111T165526, end_date=20220111T165526
[2022-01-11 16:55:26,973] {local_task_job.py:154} INFO - Task exited with return code 0
[2022-01-11 16:55:27,017] {local_task_job.py:264} INFO - 1 downstream tasks scheduled from follow-on schedule check
