[2022-01-11 16:59:02,848] {taskinstance.py:1032} INFO - Dependencies all met for <TaskInstance: stocks_dag.print_date manual__2022-01-11T16:59:00.775330+00:00 [queued]>
[2022-01-11 16:59:02,860] {taskinstance.py:1032} INFO - Dependencies all met for <TaskInstance: stocks_dag.print_date manual__2022-01-11T16:59:00.775330+00:00 [queued]>
[2022-01-11 16:59:02,862] {taskinstance.py:1238} INFO - 
--------------------------------------------------------------------------------
[2022-01-11 16:59:02,862] {taskinstance.py:1239} INFO - Starting attempt 1 of 4
[2022-01-11 16:59:02,863] {taskinstance.py:1240} INFO - 
--------------------------------------------------------------------------------
[2022-01-11 16:59:02,877] {taskinstance.py:1259} INFO - Executing <Task(BashOperator): print_date> on 2022-01-11 16:59:00.775330+00:00
[2022-01-11 16:59:02,890] {standard_task_runner.py:52} INFO - Started process 595 to run task
[2022-01-11 16:59:02,896] {standard_task_runner.py:76} INFO - Running: ['***', 'tasks', 'run', 'stocks_dag', 'print_date', 'manual__2022-01-11T16:59:00.775330+00:00', '--job-id', '302', '--raw', '--subdir', 'DAGS_FOLDER/stocks_dag.py', '--cfg-path', '/tmp/tmpqbfc5gn3', '--error-file', '/tmp/tmpbuljd5n8']
[2022-01-11 16:59:02,897] {standard_task_runner.py:77} INFO - Job 302: Subtask print_date
[2022-01-11 16:59:02,978] {logging_mixin.py:109} INFO - Running <TaskInstance: stocks_dag.print_date manual__2022-01-11T16:59:00.775330+00:00 [running]> on host 05378dffc570
[2022-01-11 16:59:03,044] {taskinstance.py:1426} INFO - Exporting the following env vars:
AIRFLOW_CTX_DAG_EMAIL=mcgaritym@gmail.com
AIRFLOW_CTX_DAG_OWNER=***
AIRFLOW_CTX_DAG_ID=stocks_dag
AIRFLOW_CTX_TASK_ID=print_date
AIRFLOW_CTX_EXECUTION_DATE=2022-01-11T16:59:00.775330+00:00
AIRFLOW_CTX_DAG_RUN_ID=manual__2022-01-11T16:59:00.775330+00:00
[2022-01-11 16:59:03,046] {subprocess.py:62} INFO - Tmp dir root location: 
 /tmp
[2022-01-11 16:59:03,048] {subprocess.py:74} INFO - Running command: ['bash', '-c', 'date']
[2022-01-11 16:59:03,065] {subprocess.py:85} INFO - Output:
[2022-01-11 16:59:03,070] {subprocess.py:89} INFO - Tue Jan 11 16:59:03 UTC 2022
[2022-01-11 16:59:03,072] {subprocess.py:93} INFO - Command exited with return code 0
[2022-01-11 16:59:03,103] {taskinstance.py:1277} INFO - Marking task as SUCCESS. dag_id=stocks_dag, task_id=print_date, execution_date=20220111T165900, start_date=20220111T165902, end_date=20220111T165903
[2022-01-11 16:59:03,153] {local_task_job.py:154} INFO - Task exited with return code 0
[2022-01-11 16:59:03,184] {local_task_job.py:264} INFO - 0 downstream tasks scheduled from follow-on schedule check
