[2022-01-11 15:33:13,789] {taskinstance.py:1032} INFO - Dependencies all met for <TaskInstance: stocks_dag.print_date manual__2022-01-11T15:33:12.499490+00:00 [queued]>
[2022-01-11 15:33:13,798] {taskinstance.py:1032} INFO - Dependencies all met for <TaskInstance: stocks_dag.print_date manual__2022-01-11T15:33:12.499490+00:00 [queued]>
[2022-01-11 15:33:13,799] {taskinstance.py:1238} INFO - 
--------------------------------------------------------------------------------
[2022-01-11 15:33:13,799] {taskinstance.py:1239} INFO - Starting attempt 1 of 4
[2022-01-11 15:33:13,800] {taskinstance.py:1240} INFO - 
--------------------------------------------------------------------------------
[2022-01-11 15:33:13,810] {taskinstance.py:1259} INFO - Executing <Task(BashOperator): print_date> on 2022-01-11 15:33:12.499490+00:00
[2022-01-11 15:33:13,815] {standard_task_runner.py:52} INFO - Started process 808 to run task
[2022-01-11 15:33:13,818] {standard_task_runner.py:76} INFO - Running: ['***', 'tasks', 'run', 'stocks_dag', 'print_date', 'manual__2022-01-11T15:33:12.499490+00:00', '--job-id', '132', '--raw', '--subdir', 'DAGS_FOLDER/stocks_dag.py', '--cfg-path', '/tmp/tmpwszf2izz', '--error-file', '/tmp/tmpn79w1_3w']
[2022-01-11 15:33:13,819] {standard_task_runner.py:77} INFO - Job 132: Subtask print_date
[2022-01-11 15:33:13,868] {logging_mixin.py:109} INFO - Running <TaskInstance: stocks_dag.print_date manual__2022-01-11T15:33:12.499490+00:00 [running]> on host 36edd51a2216
[2022-01-11 15:33:13,915] {taskinstance.py:1426} INFO - Exporting the following env vars:
AIRFLOW_CTX_DAG_EMAIL=mcgaritym@gmail.com
AIRFLOW_CTX_DAG_OWNER=***
AIRFLOW_CTX_DAG_ID=stocks_dag
AIRFLOW_CTX_TASK_ID=print_date
AIRFLOW_CTX_EXECUTION_DATE=2022-01-11T15:33:12.499490+00:00
AIRFLOW_CTX_DAG_RUN_ID=manual__2022-01-11T15:33:12.499490+00:00
[2022-01-11 15:33:13,916] {subprocess.py:62} INFO - Tmp dir root location: 
 /tmp
[2022-01-11 15:33:13,918] {subprocess.py:74} INFO - Running command: ['bash', '-c', 'date']
[2022-01-11 15:33:13,928] {subprocess.py:85} INFO - Output:
[2022-01-11 15:33:13,931] {subprocess.py:89} INFO - Tue Jan 11 15:33:13 UTC 2022
[2022-01-11 15:33:13,932] {subprocess.py:93} INFO - Command exited with return code 0
[2022-01-11 15:33:13,953] {taskinstance.py:1277} INFO - Marking task as SUCCESS. dag_id=stocks_dag, task_id=print_date, execution_date=20220111T153312, start_date=20220111T153313, end_date=20220111T153313
[2022-01-11 15:33:13,992] {local_task_job.py:154} INFO - Task exited with return code 0
[2022-01-11 15:33:14,030] {local_task_job.py:264} INFO - 1 downstream tasks scheduled from follow-on schedule check
