[2022-01-15 19:04:56,011] {taskinstance.py:1032} INFO - Dependencies all met for <TaskInstance: stocks_dag.print_date manual__2022-01-15T19:04:54.608089+00:00 [queued]>
[2022-01-15 19:04:56,022] {taskinstance.py:1032} INFO - Dependencies all met for <TaskInstance: stocks_dag.print_date manual__2022-01-15T19:04:54.608089+00:00 [queued]>
[2022-01-15 19:04:56,022] {taskinstance.py:1238} INFO - 
--------------------------------------------------------------------------------
[2022-01-15 19:04:56,023] {taskinstance.py:1239} INFO - Starting attempt 1 of 4
[2022-01-15 19:04:56,023] {taskinstance.py:1240} INFO - 
--------------------------------------------------------------------------------
[2022-01-15 19:04:56,034] {taskinstance.py:1259} INFO - Executing <Task(BashOperator): print_date> on 2022-01-15 19:04:54.608089+00:00
[2022-01-15 19:04:56,039] {standard_task_runner.py:52} INFO - Started process 1621 to run task
[2022-01-15 19:04:56,043] {standard_task_runner.py:76} INFO - Running: ['***', 'tasks', 'run', 'stocks_dag', 'print_date', 'manual__2022-01-15T19:04:54.608089+00:00', '--job-id', '420', '--raw', '--subdir', 'DAGS_FOLDER/stocks_dag.py', '--cfg-path', '/tmp/tmphsgs5qd6', '--error-file', '/tmp/tmp9_12wodu']
[2022-01-15 19:04:56,044] {standard_task_runner.py:77} INFO - Job 420: Subtask print_date
[2022-01-15 19:04:56,114] {logging_mixin.py:109} INFO - Running <TaskInstance: stocks_dag.print_date manual__2022-01-15T19:04:54.608089+00:00 [running]> on host 10d1e29787a9
[2022-01-15 19:04:56,185] {taskinstance.py:1426} INFO - Exporting the following env vars:
AIRFLOW_CTX_DAG_EMAIL=mcgaritym@gmail.com
AIRFLOW_CTX_DAG_OWNER=***
AIRFLOW_CTX_DAG_ID=stocks_dag
AIRFLOW_CTX_TASK_ID=print_date
AIRFLOW_CTX_EXECUTION_DATE=2022-01-15T19:04:54.608089+00:00
AIRFLOW_CTX_DAG_RUN_ID=manual__2022-01-15T19:04:54.608089+00:00
[2022-01-15 19:04:56,188] {subprocess.py:62} INFO - Tmp dir root location: 
 /tmp
[2022-01-15 19:04:56,189] {subprocess.py:74} INFO - Running command: ['bash', '-c', 'date']
[2022-01-15 19:04:56,204] {subprocess.py:85} INFO - Output:
[2022-01-15 19:04:56,211] {subprocess.py:89} INFO - Sat Jan 15 19:04:56 UTC 2022
[2022-01-15 19:04:56,212] {subprocess.py:93} INFO - Command exited with return code 0
[2022-01-15 19:04:56,241] {taskinstance.py:1277} INFO - Marking task as SUCCESS. dag_id=stocks_dag, task_id=print_date, execution_date=20220115T190454, start_date=20220115T190456, end_date=20220115T190456
[2022-01-15 19:04:56,298] {local_task_job.py:154} INFO - Task exited with return code 0
[2022-01-15 19:04:56,332] {local_task_job.py:264} INFO - 0 downstream tasks scheduled from follow-on schedule check
