[2022-01-11 15:37:08,731] {taskinstance.py:1032} INFO - Dependencies all met for <TaskInstance: stocks_dag.sql_connect_ manual__2022-01-11T15:37:06.016197+00:00 [queued]>
[2022-01-11 15:37:08,741] {taskinstance.py:1032} INFO - Dependencies all met for <TaskInstance: stocks_dag.sql_connect_ manual__2022-01-11T15:37:06.016197+00:00 [queued]>
[2022-01-11 15:37:08,741] {taskinstance.py:1238} INFO - 
--------------------------------------------------------------------------------
[2022-01-11 15:37:08,742] {taskinstance.py:1239} INFO - Starting attempt 1 of 4
[2022-01-11 15:37:08,743] {taskinstance.py:1240} INFO - 
--------------------------------------------------------------------------------
[2022-01-11 15:37:08,753] {taskinstance.py:1259} INFO - Executing <Task(PythonOperator): sql_connect_> on 2022-01-11 15:37:06.016197+00:00
[2022-01-11 15:37:08,757] {standard_task_runner.py:52} INFO - Started process 1014 to run task
[2022-01-11 15:37:08,761] {standard_task_runner.py:76} INFO - Running: ['***', 'tasks', 'run', 'stocks_dag', 'sql_connect_', 'manual__2022-01-11T15:37:06.016197+00:00', '--job-id', '140', '--raw', '--subdir', 'DAGS_FOLDER/stocks_dag.py', '--cfg-path', '/tmp/tmpd8cynep0', '--error-file', '/tmp/tmpp0lgk500']
[2022-01-11 15:37:08,762] {standard_task_runner.py:77} INFO - Job 140: Subtask sql_connect_
[2022-01-11 15:37:08,812] {logging_mixin.py:109} INFO - Running <TaskInstance: stocks_dag.sql_connect_ manual__2022-01-11T15:37:06.016197+00:00 [running]> on host 36edd51a2216
[2022-01-11 15:37:08,856] {taskinstance.py:1426} INFO - Exporting the following env vars:
AIRFLOW_CTX_DAG_EMAIL=mcgaritym@gmail.com
AIRFLOW_CTX_DAG_OWNER=***
AIRFLOW_CTX_DAG_ID=stocks_dag
AIRFLOW_CTX_TASK_ID=sql_connect_
AIRFLOW_CTX_EXECUTION_DATE=2022-01-11T15:37:06.016197+00:00
AIRFLOW_CTX_DAG_RUN_ID=manual__2022-01-11T15:37:06.016197+00:00
[2022-01-11 15:37:08,892] {python.py:175} INFO - Done. Returned value was: Stocks Database Created
[2022-01-11 15:37:08,910] {taskinstance.py:1277} INFO - Marking task as SUCCESS. dag_id=stocks_dag, task_id=sql_connect_, execution_date=20220111T153706, start_date=20220111T153708, end_date=20220111T153708
[2022-01-11 15:37:08,934] {local_task_job.py:154} INFO - Task exited with return code 0
[2022-01-11 15:37:08,968] {local_task_job.py:264} INFO - 1 downstream tasks scheduled from follow-on schedule check
