[2022-01-23 02:46:57,000] {taskinstance.py:1032} INFO - Dependencies all met for <TaskInstance: stocks_dag.get_financials_ manual__2022-01-23T02:46:53.697634+00:00 [queued]>
[2022-01-23 02:46:57,010] {taskinstance.py:1032} INFO - Dependencies all met for <TaskInstance: stocks_dag.get_financials_ manual__2022-01-23T02:46:53.697634+00:00 [queued]>
[2022-01-23 02:46:57,011] {taskinstance.py:1238} INFO - 
--------------------------------------------------------------------------------
[2022-01-23 02:46:57,011] {taskinstance.py:1239} INFO - Starting attempt 1 of 4
[2022-01-23 02:46:57,012] {taskinstance.py:1240} INFO - 
--------------------------------------------------------------------------------
[2022-01-23 02:46:57,023] {taskinstance.py:1259} INFO - Executing <Task(PythonOperator): get_financials_> on 2022-01-23 02:46:53.697634+00:00
[2022-01-23 02:46:57,028] {standard_task_runner.py:52} INFO - Started process 3692 to run task
[2022-01-23 02:46:57,033] {standard_task_runner.py:76} INFO - Running: ['***', 'tasks', 'run', 'stocks_dag', 'get_financials_', 'manual__2022-01-23T02:46:53.697634+00:00', '--job-id', '578', '--raw', '--subdir', 'DAGS_FOLDER/stocks_dag.py', '--cfg-path', '/tmp/tmpxjf6mvi5', '--error-file', '/tmp/tmp3vaqrfs1']
[2022-01-23 02:46:57,034] {standard_task_runner.py:77} INFO - Job 578: Subtask get_financials_
[2022-01-23 02:46:57,100] {logging_mixin.py:109} INFO - Running <TaskInstance: stocks_dag.get_financials_ manual__2022-01-23T02:46:53.697634+00:00 [running]> on host 313081f76d55
[2022-01-23 02:46:57,159] {taskinstance.py:1426} INFO - Exporting the following env vars:
AIRFLOW_CTX_DAG_EMAIL=mcgaritym@gmail.com
AIRFLOW_CTX_DAG_OWNER=***
AIRFLOW_CTX_DAG_ID=stocks_dag
AIRFLOW_CTX_TASK_ID=get_financials_
AIRFLOW_CTX_EXECUTION_DATE=2022-01-23T02:46:53.697634+00:00
AIRFLOW_CTX_DAG_RUN_ID=manual__2022-01-23T02:46:53.697634+00:00
[2022-01-23 02:46:57,415] {logging_mixin.py:109} INFO - AAPL 1
[2022-01-23 02:47:07,879] {logging_mixin.py:109} INFO - MSFT 2
[2022-01-23 02:47:17,453] {logging_mixin.py:109} INFO - GOOGL 3
[2022-01-23 02:47:27,738] {logging_mixin.py:109} INFO - GOOG 4
[2022-01-23 02:47:36,851] {logging_mixin.py:109} INFO - AMZN 5
[2022-01-23 02:47:46,037] {logging_mixin.py:109} INFO - TSLA 6
[2022-01-23 02:47:56,147] {logging_mixin.py:109} INFO - FB 7
[2022-01-23 02:48:06,556] {logging_mixin.py:109} INFO - NVDA 8
[2022-01-23 02:48:16,185] {logging_mixin.py:109} INFO - TSM 9
[2022-01-23 02:48:25,582] {logging_mixin.py:109} INFO - JPM 10
[2022-01-23 02:48:34,737] {logging_mixin.py:109} INFO - V 11
[2022-01-23 02:48:44,313] {logging_mixin.py:109} INFO - KeyError:  'Earnings'
[2022-01-23 02:48:44,314] {logging_mixin.py:109} INFO - JNJ 12
[2022-01-23 02:48:53,577] {logging_mixin.py:109} INFO - UNH 13
[2022-01-23 02:49:02,649] {logging_mixin.py:109} INFO - BAC 14
[2022-01-23 02:49:12,406] {logging_mixin.py:109} INFO - HD 15
[2022-01-23 02:49:22,577] {logging_mixin.py:109} INFO - WMT 16
