[2022-01-11 16:45:30,140] {taskinstance.py:1032} INFO - Dependencies all met for <TaskInstance: stocks_dag.sql_connect_ manual__2022-01-11T16:45:28.975900+00:00 [queued]>
[2022-01-11 16:45:30,156] {taskinstance.py:1032} INFO - Dependencies all met for <TaskInstance: stocks_dag.sql_connect_ manual__2022-01-11T16:45:28.975900+00:00 [queued]>
[2022-01-11 16:45:30,157] {taskinstance.py:1238} INFO - 
--------------------------------------------------------------------------------
[2022-01-11 16:45:30,159] {taskinstance.py:1239} INFO - Starting attempt 1 of 4
[2022-01-11 16:45:30,160] {taskinstance.py:1240} INFO - 
--------------------------------------------------------------------------------
[2022-01-11 16:45:30,172] {taskinstance.py:1259} INFO - Executing <Task(PythonOperator): sql_connect_> on 2022-01-11 16:45:28.975900+00:00
[2022-01-11 16:45:30,177] {standard_task_runner.py:52} INFO - Started process 701 to run task
[2022-01-11 16:45:30,181] {standard_task_runner.py:76} INFO - Running: ['***', 'tasks', 'run', 'stocks_dag', 'sql_connect_', 'manual__2022-01-11T16:45:28.975900+00:00', '--job-id', '232', '--raw', '--subdir', 'DAGS_FOLDER/stocks_dag.py', '--cfg-path', '/tmp/tmpk0l8i_43', '--error-file', '/tmp/tmpboy2b4fv']
[2022-01-11 16:45:30,182] {standard_task_runner.py:77} INFO - Job 232: Subtask sql_connect_
[2022-01-11 16:45:30,243] {logging_mixin.py:109} INFO - Running <TaskInstance: stocks_dag.sql_connect_ manual__2022-01-11T16:45:28.975900+00:00 [running]> on host 05378dffc570
[2022-01-11 16:45:30,315] {taskinstance.py:1426} INFO - Exporting the following env vars:
AIRFLOW_CTX_DAG_EMAIL=mcgaritym@gmail.com
AIRFLOW_CTX_DAG_OWNER=***
AIRFLOW_CTX_DAG_ID=stocks_dag
AIRFLOW_CTX_TASK_ID=sql_connect_
AIRFLOW_CTX_EXECUTION_DATE=2022-01-11T16:45:28.975900+00:00
AIRFLOW_CTX_DAG_RUN_ID=manual__2022-01-11T16:45:28.975900+00:00
[2022-01-11 16:45:30,367] {python.py:175} INFO - Done. Returned value was: Stocks Database Created
[2022-01-11 16:45:30,396] {taskinstance.py:1277} INFO - Marking task as SUCCESS. dag_id=stocks_dag, task_id=sql_connect_, execution_date=20220111T164528, start_date=20220111T164530, end_date=20220111T164530
[2022-01-11 16:45:30,436] {local_task_job.py:154} INFO - Task exited with return code 0
[2022-01-11 16:45:30,471] {local_task_job.py:264} INFO - 0 downstream tasks scheduled from follow-on schedule check
