[2022-01-11 15:52:04,148] {taskinstance.py:1032} INFO - Dependencies all met for <TaskInstance: stocks_dag.get_tickers_2_ manual__2022-01-11T15:52:00.521007+00:00 [queued]>
[2022-01-11 15:52:04,160] {taskinstance.py:1032} INFO - Dependencies all met for <TaskInstance: stocks_dag.get_tickers_2_ manual__2022-01-11T15:52:00.521007+00:00 [queued]>
[2022-01-11 15:52:04,161] {taskinstance.py:1238} INFO - 
--------------------------------------------------------------------------------
[2022-01-11 15:52:04,162] {taskinstance.py:1239} INFO - Starting attempt 1 of 4
[2022-01-11 15:52:04,163] {taskinstance.py:1240} INFO - 
--------------------------------------------------------------------------------
[2022-01-11 15:52:04,175] {taskinstance.py:1259} INFO - Executing <Task(PythonOperator): get_tickers_2_> on 2022-01-11 15:52:00.521007+00:00
[2022-01-11 15:52:04,180] {standard_task_runner.py:52} INFO - Started process 1755 to run task
[2022-01-11 15:52:04,185] {standard_task_runner.py:76} INFO - Running: ['***', 'tasks', 'run', 'stocks_dag', 'get_tickers_2_', 'manual__2022-01-11T15:52:00.521007+00:00', '--job-id', '160', '--raw', '--subdir', 'DAGS_FOLDER/stocks_dag.py', '--cfg-path', '/tmp/tmpzok_mt35', '--error-file', '/tmp/tmppicn5nx3']
[2022-01-11 15:52:04,186] {standard_task_runner.py:77} INFO - Job 160: Subtask get_tickers_2_
[2022-01-11 15:52:04,249] {logging_mixin.py:109} INFO - Running <TaskInstance: stocks_dag.get_tickers_2_ manual__2022-01-11T15:52:00.521007+00:00 [running]> on host 36edd51a2216
[2022-01-11 15:52:04,303] {taskinstance.py:1426} INFO - Exporting the following env vars:
AIRFLOW_CTX_DAG_EMAIL=mcgaritym@gmail.com
AIRFLOW_CTX_DAG_OWNER=***
AIRFLOW_CTX_DAG_ID=stocks_dag
AIRFLOW_CTX_TASK_ID=get_tickers_2_
AIRFLOW_CTX_EXECUTION_DATE=2022-01-11T15:52:00.521007+00:00
AIRFLOW_CTX_DAG_RUN_ID=manual__2022-01-11T15:52:00.521007+00:00
[2022-01-11 15:52:04,305] {logging_mixin.py:109} INFO - Parent Directory:  /opt
[2022-01-11 15:52:04,306] {logging_mixin.py:109} INFO - Data Directory:  /opt/data
[2022-01-11 15:52:04,307] {logging_mixin.py:109} INFO - Current Working Directory:  /opt/***
[2022-01-11 15:52:04,308] {logging_mixin.py:109} INFO - Current Files in WD:  ['logs', 'dags', '***-worker.pid', '***.cfg', 'plugins', 'webserver_config.py', 'requirements.txt']
[2022-01-11 15:52:04,309] {logging_mixin.py:109} INFO - []
[2022-01-11 15:52:04,310] {python.py:175} INFO - Done. Returned value was: None
[2022-01-11 15:52:04,323] {taskinstance.py:1277} INFO - Marking task as SUCCESS. dag_id=stocks_dag, task_id=get_tickers_2_, execution_date=20220111T155200, start_date=20220111T155204, end_date=20220111T155204
[2022-01-11 15:52:04,359] {local_task_job.py:154} INFO - Task exited with return code 0
[2022-01-11 15:52:04,403] {local_task_job.py:264} INFO - 1 downstream tasks scheduled from follow-on schedule check
