[2022-01-11 17:11:02,783] {taskinstance.py:1032} INFO - Dependencies all met for <TaskInstance: stocks_dag.print_date manual__2022-01-11T17:11:01.457972+00:00 [queued]>
[2022-01-11 17:11:02,796] {taskinstance.py:1032} INFO - Dependencies all met for <TaskInstance: stocks_dag.print_date manual__2022-01-11T17:11:01.457972+00:00 [queued]>
[2022-01-11 17:11:02,797] {taskinstance.py:1238} INFO - 
--------------------------------------------------------------------------------
[2022-01-11 17:11:02,798] {taskinstance.py:1239} INFO - Starting attempt 1 of 4
[2022-01-11 17:11:02,799] {taskinstance.py:1240} INFO - 
--------------------------------------------------------------------------------
[2022-01-11 17:11:02,811] {taskinstance.py:1259} INFO - Executing <Task(BashOperator): print_date> on 2022-01-11 17:11:01.457972+00:00
[2022-01-11 17:11:02,816] {standard_task_runner.py:52} INFO - Started process 89 to run task
[2022-01-11 17:11:02,821] {standard_task_runner.py:76} INFO - Running: ['***', 'tasks', 'run', 'stocks_dag', 'print_date', 'manual__2022-01-11T17:11:01.457972+00:00', '--job-id', '347', '--raw', '--subdir', 'DAGS_FOLDER/stocks_dag.py', '--cfg-path', '/tmp/tmp58mqdtht', '--error-file', '/tmp/tmp7zo5u7t5']
[2022-01-11 17:11:02,822] {standard_task_runner.py:77} INFO - Job 347: Subtask print_date
[2022-01-11 17:11:02,888] {logging_mixin.py:109} INFO - Running <TaskInstance: stocks_dag.print_date manual__2022-01-11T17:11:01.457972+00:00 [running]> on host 10d1e29787a9
[2022-01-11 17:11:02,956] {taskinstance.py:1426} INFO - Exporting the following env vars:
AIRFLOW_CTX_DAG_EMAIL=mcgaritym@gmail.com
AIRFLOW_CTX_DAG_OWNER=***
AIRFLOW_CTX_DAG_ID=stocks_dag
AIRFLOW_CTX_TASK_ID=print_date
AIRFLOW_CTX_EXECUTION_DATE=2022-01-11T17:11:01.457972+00:00
AIRFLOW_CTX_DAG_RUN_ID=manual__2022-01-11T17:11:01.457972+00:00
[2022-01-11 17:11:02,958] {subprocess.py:62} INFO - Tmp dir root location: 
 /tmp
[2022-01-11 17:11:02,959] {subprocess.py:74} INFO - Running command: ['bash', '-c', 'date']
[2022-01-11 17:11:02,981] {subprocess.py:85} INFO - Output:
[2022-01-11 17:11:02,990] {subprocess.py:89} INFO - Tue Jan 11 17:11:02 UTC 2022
[2022-01-11 17:11:02,991] {subprocess.py:93} INFO - Command exited with return code 0
[2022-01-11 17:11:03,023] {taskinstance.py:1277} INFO - Marking task as SUCCESS. dag_id=stocks_dag, task_id=print_date, execution_date=20220111T171101, start_date=20220111T171102, end_date=20220111T171103
[2022-01-11 17:11:03,076] {local_task_job.py:154} INFO - Task exited with return code 0
[2022-01-11 17:11:03,116] {local_task_job.py:264} INFO - 0 downstream tasks scheduled from follow-on schedule check
