[2022-01-10 22:30:53,649] {taskinstance.py:1032} INFO - Dependencies all met for <TaskInstance: stocks_dag.sql_connect_ manual__2022-01-10T22:30:51.018120+00:00 [queued]>
[2022-01-10 22:30:53,769] {taskinstance.py:1032} INFO - Dependencies all met for <TaskInstance: stocks_dag.sql_connect_ manual__2022-01-10T22:30:51.018120+00:00 [queued]>
[2022-01-10 22:30:53,770] {taskinstance.py:1238} INFO - 
--------------------------------------------------------------------------------
[2022-01-10 22:30:53,771] {taskinstance.py:1239} INFO - Starting attempt 1 of 4
[2022-01-10 22:30:53,772] {taskinstance.py:1240} INFO - 
--------------------------------------------------------------------------------
[2022-01-10 22:30:53,785] {taskinstance.py:1259} INFO - Executing <Task(PythonOperator): sql_connect_> on 2022-01-10 22:30:51.018120+00:00
[2022-01-10 22:30:53,793] {standard_task_runner.py:52} INFO - Started process 1279 to run task
[2022-01-10 22:30:53,798] {standard_task_runner.py:76} INFO - Running: ['***', 'tasks', 'run', 'stocks_dag', 'sql_connect_', 'manual__2022-01-10T22:30:51.018120+00:00', '--job-id', '75', '--raw', '--subdir', 'DAGS_FOLDER/stocks_dag.py', '--cfg-path', '/tmp/tmp9xp2otr4', '--error-file', '/tmp/tmpk__l87ya']
[2022-01-10 22:30:53,799] {standard_task_runner.py:77} INFO - Job 75: Subtask sql_connect_
[2022-01-10 22:30:53,867] {logging_mixin.py:109} INFO - Running <TaskInstance: stocks_dag.sql_connect_ manual__2022-01-10T22:30:51.018120+00:00 [running]> on host 6e02ffb9d96a
[2022-01-10 22:30:53,930] {taskinstance.py:1426} INFO - Exporting the following env vars:
AIRFLOW_CTX_DAG_EMAIL=mcgaritym@gmail.com
AIRFLOW_CTX_DAG_OWNER=***
AIRFLOW_CTX_DAG_ID=stocks_dag
AIRFLOW_CTX_TASK_ID=sql_connect_
AIRFLOW_CTX_EXECUTION_DATE=2022-01-10T22:30:51.018120+00:00
AIRFLOW_CTX_DAG_RUN_ID=manual__2022-01-10T22:30:51.018120+00:00
[2022-01-10 22:30:54,015] {python.py:175} INFO - Done. Returned value was: Stocks Database Created
[2022-01-10 22:30:54,056] {taskinstance.py:1277} INFO - Marking task as SUCCESS. dag_id=stocks_dag, task_id=sql_connect_, execution_date=20220110T223051, start_date=20220110T223053, end_date=20220110T223054
[2022-01-10 22:30:54,094] {local_task_job.py:154} INFO - Task exited with return code 0
[2022-01-10 22:30:54,155] {local_task_job.py:264} INFO - 1 downstream tasks scheduled from follow-on schedule check
