[2022-01-23 02:10:32,359] {taskinstance.py:1032} INFO - Dependencies all met for <TaskInstance: stocks_dag.sql_connect_ manual__2022-01-23T02:10:31.274250+00:00 [queued]>
[2022-01-23 02:10:32,369] {taskinstance.py:1032} INFO - Dependencies all met for <TaskInstance: stocks_dag.sql_connect_ manual__2022-01-23T02:10:31.274250+00:00 [queued]>
[2022-01-23 02:10:32,370] {taskinstance.py:1238} INFO - 
--------------------------------------------------------------------------------
[2022-01-23 02:10:32,371] {taskinstance.py:1239} INFO - Starting attempt 1 of 4
[2022-01-23 02:10:32,372] {taskinstance.py:1240} INFO - 
--------------------------------------------------------------------------------
[2022-01-23 02:10:32,383] {taskinstance.py:1259} INFO - Executing <Task(PythonOperator): sql_connect_> on 2022-01-23 02:10:31.274250+00:00
[2022-01-23 02:10:32,388] {standard_task_runner.py:52} INFO - Started process 1984 to run task
[2022-01-23 02:10:32,393] {standard_task_runner.py:76} INFO - Running: ['***', 'tasks', 'run', 'stocks_dag', 'sql_connect_', 'manual__2022-01-23T02:10:31.274250+00:00', '--job-id', '558', '--raw', '--subdir', 'DAGS_FOLDER/stocks_dag.py', '--cfg-path', '/tmp/tmpi3ur2oxp', '--error-file', '/tmp/tmptlfsb3ux']
[2022-01-23 02:10:32,395] {standard_task_runner.py:77} INFO - Job 558: Subtask sql_connect_
[2022-01-23 02:10:32,464] {logging_mixin.py:109} INFO - Running <TaskInstance: stocks_dag.sql_connect_ manual__2022-01-23T02:10:31.274250+00:00 [running]> on host 313081f76d55
[2022-01-23 02:10:32,527] {taskinstance.py:1426} INFO - Exporting the following env vars:
AIRFLOW_CTX_DAG_EMAIL=mcgaritym@gmail.com
AIRFLOW_CTX_DAG_OWNER=***
AIRFLOW_CTX_DAG_ID=stocks_dag
AIRFLOW_CTX_TASK_ID=sql_connect_
AIRFLOW_CTX_EXECUTION_DATE=2022-01-23T02:10:31.274250+00:00
AIRFLOW_CTX_DAG_RUN_ID=manual__2022-01-23T02:10:31.274250+00:00
[2022-01-23 02:10:32,592] {python.py:175} INFO - Done. Returned value was: Stocks Database Created
[2022-01-23 02:10:32,653] {taskinstance.py:1277} INFO - Marking task as SUCCESS. dag_id=stocks_dag, task_id=sql_connect_, execution_date=20220123T021031, start_date=20220123T021032, end_date=20220123T021032
[2022-01-23 02:10:32,686] {local_task_job.py:154} INFO - Task exited with return code 0
[2022-01-23 02:10:32,721] {local_task_job.py:264} INFO - 0 downstream tasks scheduled from follow-on schedule check
