[2022-01-11 15:57:54,596] {taskinstance.py:1032} INFO - Dependencies all met for <TaskInstance: stocks_dag.get_tickers_2_ manual__2022-01-11T15:57:53.284347+00:00 [queued]>
[2022-01-11 15:57:54,609] {taskinstance.py:1032} INFO - Dependencies all met for <TaskInstance: stocks_dag.get_tickers_2_ manual__2022-01-11T15:57:53.284347+00:00 [queued]>
[2022-01-11 15:57:54,610] {taskinstance.py:1238} INFO - 
--------------------------------------------------------------------------------
[2022-01-11 15:57:54,612] {taskinstance.py:1239} INFO - Starting attempt 1 of 4
[2022-01-11 15:57:54,612] {taskinstance.py:1240} INFO - 
--------------------------------------------------------------------------------
[2022-01-11 15:57:54,628] {taskinstance.py:1259} INFO - Executing <Task(PythonOperator): get_tickers_2_> on 2022-01-11 15:57:53.284347+00:00
[2022-01-11 15:57:54,643] {standard_task_runner.py:52} INFO - Started process 166 to run task
[2022-01-11 15:57:54,649] {standard_task_runner.py:76} INFO - Running: ['***', 'tasks', 'run', 'stocks_dag', 'get_tickers_2_', 'manual__2022-01-11T15:57:53.284347+00:00', '--job-id', '171', '--raw', '--subdir', 'DAGS_FOLDER/stocks_dag.py', '--cfg-path', '/tmp/tmph6dtk6x2', '--error-file', '/tmp/tmpynh8if95']
[2022-01-11 15:57:54,652] {standard_task_runner.py:77} INFO - Job 171: Subtask get_tickers_2_
[2022-01-11 15:57:54,733] {logging_mixin.py:109} INFO - Running <TaskInstance: stocks_dag.get_tickers_2_ manual__2022-01-11T15:57:53.284347+00:00 [running]> on host b2689cbd0ea6
[2022-01-11 15:57:54,795] {taskinstance.py:1426} INFO - Exporting the following env vars:
AIRFLOW_CTX_DAG_EMAIL=mcgaritym@gmail.com
AIRFLOW_CTX_DAG_OWNER=***
AIRFLOW_CTX_DAG_ID=stocks_dag
AIRFLOW_CTX_TASK_ID=get_tickers_2_
AIRFLOW_CTX_EXECUTION_DATE=2022-01-11T15:57:53.284347+00:00
AIRFLOW_CTX_DAG_RUN_ID=manual__2022-01-11T15:57:53.284347+00:00
[2022-01-11 15:57:54,796] {logging_mixin.py:109} INFO - Parent Directory:  /
[2022-01-11 15:57:54,797] {logging_mixin.py:109} INFO - Data Directory:  /data
[2022-01-11 15:57:54,798] {logging_mixin.py:109} INFO - Current Working Directory:  /data
[2022-01-11 15:57:54,799] {logging_mixin.py:109} INFO - Current Files in WD:  ['nasdaq_screener_1641856343892.csv', 'opt']
[2022-01-11 15:57:54,800] {logging_mixin.py:109} INFO - ['/data/nasdaq_screener_1641856343892.csv']
[2022-01-11 15:57:54,800] {python.py:175} INFO - Done. Returned value was: None
[2022-01-11 15:57:54,815] {taskinstance.py:1277} INFO - Marking task as SUCCESS. dag_id=stocks_dag, task_id=get_tickers_2_, execution_date=20220111T155753, start_date=20220111T155754, end_date=20220111T155754
[2022-01-11 15:57:54,868] {local_task_job.py:154} INFO - Task exited with return code 0
[2022-01-11 15:57:54,937] {local_task_job.py:264} INFO - 1 downstream tasks scheduled from follow-on schedule check
