[2022-01-11 16:39:47,548] {taskinstance.py:1032} INFO - Dependencies all met for <TaskInstance: stocks_dag.get_tickers_2_ manual__2022-01-11T16:39:46.130587+00:00 [queued]>
[2022-01-11 16:39:47,564] {taskinstance.py:1032} INFO - Dependencies all met for <TaskInstance: stocks_dag.get_tickers_2_ manual__2022-01-11T16:39:46.130587+00:00 [queued]>
[2022-01-11 16:39:47,565] {taskinstance.py:1238} INFO - 
--------------------------------------------------------------------------------
[2022-01-11 16:39:47,566] {taskinstance.py:1239} INFO - Starting attempt 1 of 4
[2022-01-11 16:39:47,567] {taskinstance.py:1240} INFO - 
--------------------------------------------------------------------------------
[2022-01-11 16:39:47,584] {taskinstance.py:1259} INFO - Executing <Task(PythonOperator): get_tickers_2_> on 2022-01-11 16:39:46.130587+00:00
[2022-01-11 16:39:47,592] {standard_task_runner.py:52} INFO - Started process 412 to run task
[2022-01-11 16:39:47,613] {standard_task_runner.py:76} INFO - Running: ['***', 'tasks', 'run', 'stocks_dag', 'get_tickers_2_', 'manual__2022-01-11T16:39:46.130587+00:00', '--job-id', '216', '--raw', '--subdir', 'DAGS_FOLDER/stocks_dag.py', '--cfg-path', '/tmp/tmpfocu9e48', '--error-file', '/tmp/tmp7wqrb31g']
[2022-01-11 16:39:47,616] {standard_task_runner.py:77} INFO - Job 216: Subtask get_tickers_2_
[2022-01-11 16:39:47,740] {logging_mixin.py:109} INFO - Running <TaskInstance: stocks_dag.get_tickers_2_ manual__2022-01-11T16:39:46.130587+00:00 [running]> on host 05378dffc570
[2022-01-11 16:39:47,835] {taskinstance.py:1426} INFO - Exporting the following env vars:
AIRFLOW_CTX_DAG_EMAIL=mcgaritym@gmail.com
AIRFLOW_CTX_DAG_OWNER=***
AIRFLOW_CTX_DAG_ID=stocks_dag
AIRFLOW_CTX_TASK_ID=get_tickers_2_
AIRFLOW_CTX_EXECUTION_DATE=2022-01-11T16:39:46.130587+00:00
AIRFLOW_CTX_DAG_RUN_ID=manual__2022-01-11T16:39:46.130587+00:00
[2022-01-11 16:39:47,836] {logging_mixin.py:109} INFO - Parent Directory:  /opt
[2022-01-11 16:39:47,837] {logging_mixin.py:109} INFO - Data Directory:  /opt/data
[2022-01-11 16:39:47,838] {logging_mixin.py:109} INFO - Current Working Directory:  /opt/***
[2022-01-11 16:39:47,839] {logging_mixin.py:109} INFO - Current Files in WD:  ['logs', 'dags', '***-worker.pid', 'data', '***.cfg', 'plugins', 'webserver_config.py', 'requirements.txt']
[2022-01-11 16:39:47,840] {logging_mixin.py:109} INFO - []
[2022-01-11 16:39:47,841] {python.py:175} INFO - Done. Returned value was: None
[2022-01-11 16:39:47,854] {taskinstance.py:1277} INFO - Marking task as SUCCESS. dag_id=stocks_dag, task_id=get_tickers_2_, execution_date=20220111T163946, start_date=20220111T163947, end_date=20220111T163947
[2022-01-11 16:39:47,902] {local_task_job.py:154} INFO - Task exited with return code 0
[2022-01-11 16:39:47,950] {local_task_job.py:264} INFO - 1 downstream tasks scheduled from follow-on schedule check
