[2022-01-10 22:55:54,604] {taskinstance.py:1032} INFO - Dependencies all met for <TaskInstance: stocks_dag.sql_connect_ manual__2022-01-10T22:55:51.840453+00:00 [queued]>
[2022-01-10 22:55:54,615] {taskinstance.py:1032} INFO - Dependencies all met for <TaskInstance: stocks_dag.sql_connect_ manual__2022-01-10T22:55:51.840453+00:00 [queued]>
[2022-01-10 22:55:54,616] {taskinstance.py:1238} INFO - 
--------------------------------------------------------------------------------
[2022-01-10 22:55:54,617] {taskinstance.py:1239} INFO - Starting attempt 1 of 4
[2022-01-10 22:55:54,618] {taskinstance.py:1240} INFO - 
--------------------------------------------------------------------------------
[2022-01-10 22:55:54,631] {taskinstance.py:1259} INFO - Executing <Task(PythonOperator): sql_connect_> on 2022-01-10 22:55:51.840453+00:00
[2022-01-10 22:55:54,637] {standard_task_runner.py:52} INFO - Started process 2514 to run task
[2022-01-10 22:55:54,641] {standard_task_runner.py:76} INFO - Running: ['***', 'tasks', 'run', 'stocks_dag', 'sql_connect_', 'manual__2022-01-10T22:55:51.840453+00:00', '--job-id', '108', '--raw', '--subdir', 'DAGS_FOLDER/stocks_dag.py', '--cfg-path', '/tmp/tmpcbihp65l', '--error-file', '/tmp/tmpdpmhrzdy']
[2022-01-10 22:55:54,643] {standard_task_runner.py:77} INFO - Job 108: Subtask sql_connect_
[2022-01-10 22:55:54,703] {logging_mixin.py:109} INFO - Running <TaskInstance: stocks_dag.sql_connect_ manual__2022-01-10T22:55:51.840453+00:00 [running]> on host 6e02ffb9d96a
[2022-01-10 22:55:54,759] {taskinstance.py:1426} INFO - Exporting the following env vars:
AIRFLOW_CTX_DAG_EMAIL=mcgaritym@gmail.com
AIRFLOW_CTX_DAG_OWNER=***
AIRFLOW_CTX_DAG_ID=stocks_dag
AIRFLOW_CTX_TASK_ID=sql_connect_
AIRFLOW_CTX_EXECUTION_DATE=2022-01-10T22:55:51.840453+00:00
AIRFLOW_CTX_DAG_RUN_ID=manual__2022-01-10T22:55:51.840453+00:00
[2022-01-10 22:55:54,805] {python.py:175} INFO - Done. Returned value was: Stocks Database Created
[2022-01-10 22:55:54,825] {taskinstance.py:1277} INFO - Marking task as SUCCESS. dag_id=stocks_dag, task_id=sql_connect_, execution_date=20220110T225551, start_date=20220110T225554, end_date=20220110T225554
[2022-01-10 22:55:54,857] {local_task_job.py:154} INFO - Task exited with return code 0
[2022-01-10 22:55:54,891] {local_task_job.py:264} INFO - 1 downstream tasks scheduled from follow-on schedule check
