[2022-01-23 02:12:36,642] {taskinstance.py:1032} INFO - Dependencies all met for <TaskInstance: stocks_dag.get_financials_ manual__2022-01-23T02:12:32.881300+00:00 [queued]>
[2022-01-23 02:12:36,653] {taskinstance.py:1032} INFO - Dependencies all met for <TaskInstance: stocks_dag.get_financials_ manual__2022-01-23T02:12:32.881300+00:00 [queued]>
[2022-01-23 02:12:36,654] {taskinstance.py:1238} INFO - 
--------------------------------------------------------------------------------
[2022-01-23 02:12:36,655] {taskinstance.py:1239} INFO - Starting attempt 1 of 4
[2022-01-23 02:12:36,655] {taskinstance.py:1240} INFO - 
--------------------------------------------------------------------------------
[2022-01-23 02:12:36,667] {taskinstance.py:1259} INFO - Executing <Task(PythonOperator): get_financials_> on 2022-01-23 02:12:32.881300+00:00
[2022-01-23 02:12:36,672] {standard_task_runner.py:52} INFO - Started process 2093 to run task
[2022-01-23 02:12:36,675] {standard_task_runner.py:76} INFO - Running: ['***', 'tasks', 'run', 'stocks_dag', 'get_financials_', 'manual__2022-01-23T02:12:32.881300+00:00', '--job-id', '565', '--raw', '--subdir', 'DAGS_FOLDER/stocks_dag.py', '--cfg-path', '/tmp/tmpp6mid86j', '--error-file', '/tmp/tmpyzj_mzrk']
[2022-01-23 02:12:36,676] {standard_task_runner.py:77} INFO - Job 565: Subtask get_financials_
[2022-01-23 02:12:36,729] {logging_mixin.py:109} INFO - Running <TaskInstance: stocks_dag.get_financials_ manual__2022-01-23T02:12:32.881300+00:00 [running]> on host 313081f76d55
[2022-01-23 02:12:36,781] {taskinstance.py:1426} INFO - Exporting the following env vars:
AIRFLOW_CTX_DAG_EMAIL=mcgaritym@gmail.com
AIRFLOW_CTX_DAG_OWNER=***
AIRFLOW_CTX_DAG_ID=stocks_dag
AIRFLOW_CTX_TASK_ID=get_financials_
AIRFLOW_CTX_EXECUTION_DATE=2022-01-23T02:12:32.881300+00:00
AIRFLOW_CTX_DAG_RUN_ID=manual__2022-01-23T02:12:32.881300+00:00
[2022-01-23 02:12:37,005] {logging_mixin.py:109} INFO - AAPL 1
[2022-01-23 02:12:47,433] {logging_mixin.py:109} INFO - MSFT 2
[2022-01-23 02:12:56,987] {logging_mixin.py:109} INFO - GOOGL 3
[2022-01-23 02:13:07,383] {logging_mixin.py:109} INFO - GOOG 4
[2022-01-23 02:13:17,506] {logging_mixin.py:109} INFO - AMZN 5
[2022-01-23 02:13:26,635] {logging_mixin.py:109} INFO - TSLA 6
[2022-01-23 02:13:35,616] {logging_mixin.py:109} INFO - FB 7
[2022-01-23 02:13:42,356] {local_task_job.py:212} WARNING - State of this instance has been externally set to failed. Terminating instance.
[2022-01-23 02:13:42,358] {process_utils.py:124} INFO - Sending Signals.SIGTERM to group 2093. PIDs of all processes in the group: [2093]
[2022-01-23 02:13:42,359] {process_utils.py:75} INFO - Sending the signal Signals.SIGTERM to group 2093
[2022-01-23 02:13:42,360] {taskinstance.py:1408} ERROR - Received SIGTERM. Terminating subprocesses.
[2022-01-23 02:13:42,361] {logging_mixin.py:109} INFO - Task received SIGTERM signal
[2022-01-23 02:13:42,363] {logging_mixin.py:109} INFO - NVDA 8
[2022-01-23 02:13:52,257] {logging_mixin.py:109} INFO - TSM 9
[2022-01-23 02:14:01,480] {logging_mixin.py:109} INFO - JPM 10
[2022-01-23 02:14:10,550] {logging_mixin.py:109} INFO - V 11
[2022-01-23 02:14:20,183] {logging_mixin.py:109} INFO - KeyError:  'Earnings'
[2022-01-23 02:14:20,184] {logging_mixin.py:109} INFO - JNJ 12
[2022-01-23 02:14:31,025] {logging_mixin.py:109} INFO - UNH 13
[2022-01-23 02:14:40,864] {logging_mixin.py:109} INFO - BAC 14
[2022-01-23 02:14:42,328] {process_utils.py:138} WARNING - process psutil.Process(pid=2093, name='airflow task ru', status='sleeping', started='02:12:35') did not respond to SIGTERM. Trying SIGKILL
[2022-01-23 02:14:42,329] {process_utils.py:75} INFO - Sending the signal Signals.SIGKILL to group 2093
[2022-01-23 02:14:42,356] {process_utils.py:70} INFO - Process psutil.Process(pid=2093, name='airflow task ru', status='terminated', exitcode=<Negsignal.SIGKILL: -9>, started='02:12:35') (2093) terminated with exit code Negsignal.SIGKILL
[2022-01-23 02:14:42,357] {standard_task_runner.py:135} ERROR - Job 565 was killed before it finished (likely due to running out of memory)
