[2022-01-11 15:37:07,472] {taskinstance.py:1032} INFO - Dependencies all met for <TaskInstance: stocks_dag.print_date manual__2022-01-11T15:37:06.016197+00:00 [queued]>
[2022-01-11 15:37:07,483] {taskinstance.py:1032} INFO - Dependencies all met for <TaskInstance: stocks_dag.print_date manual__2022-01-11T15:37:06.016197+00:00 [queued]>
[2022-01-11 15:37:07,484] {taskinstance.py:1238} INFO - 
--------------------------------------------------------------------------------
[2022-01-11 15:37:07,485] {taskinstance.py:1239} INFO - Starting attempt 1 of 4
[2022-01-11 15:37:07,486] {taskinstance.py:1240} INFO - 
--------------------------------------------------------------------------------
[2022-01-11 15:37:07,496] {taskinstance.py:1259} INFO - Executing <Task(BashOperator): print_date> on 2022-01-11 15:37:06.016197+00:00
[2022-01-11 15:37:07,501] {standard_task_runner.py:52} INFO - Started process 1011 to run task
[2022-01-11 15:37:07,505] {standard_task_runner.py:76} INFO - Running: ['***', 'tasks', 'run', 'stocks_dag', 'print_date', 'manual__2022-01-11T15:37:06.016197+00:00', '--job-id', '139', '--raw', '--subdir', 'DAGS_FOLDER/stocks_dag.py', '--cfg-path', '/tmp/tmpuf6w36vo', '--error-file', '/tmp/tmplpql5ehf']
[2022-01-11 15:37:07,506] {standard_task_runner.py:77} INFO - Job 139: Subtask print_date
[2022-01-11 15:37:07,555] {logging_mixin.py:109} INFO - Running <TaskInstance: stocks_dag.print_date manual__2022-01-11T15:37:06.016197+00:00 [running]> on host 36edd51a2216
[2022-01-11 15:37:07,609] {taskinstance.py:1426} INFO - Exporting the following env vars:
AIRFLOW_CTX_DAG_EMAIL=mcgaritym@gmail.com
AIRFLOW_CTX_DAG_OWNER=***
AIRFLOW_CTX_DAG_ID=stocks_dag
AIRFLOW_CTX_TASK_ID=print_date
AIRFLOW_CTX_EXECUTION_DATE=2022-01-11T15:37:06.016197+00:00
AIRFLOW_CTX_DAG_RUN_ID=manual__2022-01-11T15:37:06.016197+00:00
[2022-01-11 15:37:07,610] {subprocess.py:62} INFO - Tmp dir root location: 
 /tmp
[2022-01-11 15:37:07,612] {subprocess.py:74} INFO - Running command: ['bash', '-c', 'date']
[2022-01-11 15:37:07,622] {subprocess.py:85} INFO - Output:
[2022-01-11 15:37:07,625] {subprocess.py:89} INFO - Tue Jan 11 15:37:07 UTC 2022
[2022-01-11 15:37:07,626] {subprocess.py:93} INFO - Command exited with return code 0
[2022-01-11 15:37:07,649] {taskinstance.py:1277} INFO - Marking task as SUCCESS. dag_id=stocks_dag, task_id=print_date, execution_date=20220111T153706, start_date=20220111T153707, end_date=20220111T153707
[2022-01-11 15:37:07,679] {local_task_job.py:154} INFO - Task exited with return code 0
[2022-01-11 15:37:07,715] {local_task_job.py:264} INFO - 1 downstream tasks scheduled from follow-on schedule check
