[2022-01-23 02:10:32,327] {taskinstance.py:1032} INFO - Dependencies all met for <TaskInstance: stocks_dag.print_date manual__2022-01-23T02:10:31.274250+00:00 [queued]>
[2022-01-23 02:10:32,339] {taskinstance.py:1032} INFO - Dependencies all met for <TaskInstance: stocks_dag.print_date manual__2022-01-23T02:10:31.274250+00:00 [queued]>
[2022-01-23 02:10:32,339] {taskinstance.py:1238} INFO - 
--------------------------------------------------------------------------------
[2022-01-23 02:10:32,340] {taskinstance.py:1239} INFO - Starting attempt 1 of 4
[2022-01-23 02:10:32,341] {taskinstance.py:1240} INFO - 
--------------------------------------------------------------------------------
[2022-01-23 02:10:32,352] {taskinstance.py:1259} INFO - Executing <Task(BashOperator): print_date> on 2022-01-23 02:10:31.274250+00:00
[2022-01-23 02:10:32,357] {standard_task_runner.py:52} INFO - Started process 1983 to run task
[2022-01-23 02:10:32,361] {standard_task_runner.py:76} INFO - Running: ['***', 'tasks', 'run', 'stocks_dag', 'print_date', 'manual__2022-01-23T02:10:31.274250+00:00', '--job-id', '557', '--raw', '--subdir', 'DAGS_FOLDER/stocks_dag.py', '--cfg-path', '/tmp/tmpi90hdpy5', '--error-file', '/tmp/tmpx9m72s88']
[2022-01-23 02:10:32,362] {standard_task_runner.py:77} INFO - Job 557: Subtask print_date
[2022-01-23 02:10:32,423] {logging_mixin.py:109} INFO - Running <TaskInstance: stocks_dag.print_date manual__2022-01-23T02:10:31.274250+00:00 [running]> on host 313081f76d55
[2022-01-23 02:10:32,478] {taskinstance.py:1426} INFO - Exporting the following env vars:
AIRFLOW_CTX_DAG_EMAIL=mcgaritym@gmail.com
AIRFLOW_CTX_DAG_OWNER=***
AIRFLOW_CTX_DAG_ID=stocks_dag
AIRFLOW_CTX_TASK_ID=print_date
AIRFLOW_CTX_EXECUTION_DATE=2022-01-23T02:10:31.274250+00:00
AIRFLOW_CTX_DAG_RUN_ID=manual__2022-01-23T02:10:31.274250+00:00
[2022-01-23 02:10:32,480] {subprocess.py:62} INFO - Tmp dir root location: 
 /tmp
[2022-01-23 02:10:32,481] {subprocess.py:74} INFO - Running command: ['bash', '-c', 'date']
[2022-01-23 02:10:32,493] {subprocess.py:85} INFO - Output:
[2022-01-23 02:10:32,497] {subprocess.py:89} INFO - Sun Jan 23 02:10:32 UTC 2022
[2022-01-23 02:10:32,498] {subprocess.py:93} INFO - Command exited with return code 0
[2022-01-23 02:10:32,526] {taskinstance.py:1277} INFO - Marking task as SUCCESS. dag_id=stocks_dag, task_id=print_date, execution_date=20220123T021031, start_date=20220123T021032, end_date=20220123T021032
[2022-01-23 02:10:32,575] {local_task_job.py:154} INFO - Task exited with return code 0
[2022-01-23 02:10:32,610] {local_task_job.py:264} INFO - 0 downstream tasks scheduled from follow-on schedule check
