[2022-01-23 02:46:54,755] {taskinstance.py:1032} INFO - Dependencies all met for <TaskInstance: stocks_dag.print_date manual__2022-01-23T02:46:53.697634+00:00 [queued]>
[2022-01-23 02:46:54,767] {taskinstance.py:1032} INFO - Dependencies all met for <TaskInstance: stocks_dag.print_date manual__2022-01-23T02:46:53.697634+00:00 [queued]>
[2022-01-23 02:46:54,768] {taskinstance.py:1238} INFO - 
--------------------------------------------------------------------------------
[2022-01-23 02:46:54,768] {taskinstance.py:1239} INFO - Starting attempt 1 of 4
[2022-01-23 02:46:54,769] {taskinstance.py:1240} INFO - 
--------------------------------------------------------------------------------
[2022-01-23 02:46:54,784] {taskinstance.py:1259} INFO - Executing <Task(BashOperator): print_date> on 2022-01-23 02:46:53.697634+00:00
[2022-01-23 02:46:54,790] {standard_task_runner.py:52} INFO - Started process 3689 to run task
[2022-01-23 02:46:54,800] {standard_task_runner.py:76} INFO - Running: ['***', 'tasks', 'run', 'stocks_dag', 'print_date', 'manual__2022-01-23T02:46:53.697634+00:00', '--job-id', '577', '--raw', '--subdir', 'DAGS_FOLDER/stocks_dag.py', '--cfg-path', '/tmp/tmpdct8cvnc', '--error-file', '/tmp/tmpbx6fsn90']
[2022-01-23 02:46:54,802] {standard_task_runner.py:77} INFO - Job 577: Subtask print_date
[2022-01-23 02:46:54,880] {logging_mixin.py:109} INFO - Running <TaskInstance: stocks_dag.print_date manual__2022-01-23T02:46:53.697634+00:00 [running]> on host 313081f76d55
[2022-01-23 02:46:54,950] {taskinstance.py:1426} INFO - Exporting the following env vars:
AIRFLOW_CTX_DAG_EMAIL=mcgaritym@gmail.com
AIRFLOW_CTX_DAG_OWNER=***
AIRFLOW_CTX_DAG_ID=stocks_dag
AIRFLOW_CTX_TASK_ID=print_date
AIRFLOW_CTX_EXECUTION_DATE=2022-01-23T02:46:53.697634+00:00
AIRFLOW_CTX_DAG_RUN_ID=manual__2022-01-23T02:46:53.697634+00:00
[2022-01-23 02:46:54,952] {subprocess.py:62} INFO - Tmp dir root location: 
 /tmp
[2022-01-23 02:46:54,953] {subprocess.py:74} INFO - Running command: ['bash', '-c', 'date']
[2022-01-23 02:46:54,967] {subprocess.py:85} INFO - Output:
[2022-01-23 02:46:54,970] {subprocess.py:89} INFO - Sun Jan 23 02:46:54 UTC 2022
[2022-01-23 02:46:54,972] {subprocess.py:93} INFO - Command exited with return code 0
[2022-01-23 02:46:55,002] {taskinstance.py:1277} INFO - Marking task as SUCCESS. dag_id=stocks_dag, task_id=print_date, execution_date=20220123T024653, start_date=20220123T024654, end_date=20220123T024655
[2022-01-23 02:46:55,050] {local_task_job.py:154} INFO - Task exited with return code 0
[2022-01-23 02:46:55,082] {local_task_job.py:264} INFO - 0 downstream tasks scheduled from follow-on schedule check
