[2022-01-11 15:57:54,673] {taskinstance.py:1032} INFO - Dependencies all met for <TaskInstance: stocks_dag.print_date manual__2022-01-11T15:57:53.284347+00:00 [queued]>
[2022-01-11 15:57:54,684] {taskinstance.py:1032} INFO - Dependencies all met for <TaskInstance: stocks_dag.print_date manual__2022-01-11T15:57:53.284347+00:00 [queued]>
[2022-01-11 15:57:54,686] {taskinstance.py:1238} INFO - 
--------------------------------------------------------------------------------
[2022-01-11 15:57:54,687] {taskinstance.py:1239} INFO - Starting attempt 1 of 4
[2022-01-11 15:57:54,687] {taskinstance.py:1240} INFO - 
--------------------------------------------------------------------------------
[2022-01-11 15:57:54,700] {taskinstance.py:1259} INFO - Executing <Task(BashOperator): print_date> on 2022-01-11 15:57:53.284347+00:00
[2022-01-11 15:57:54,706] {standard_task_runner.py:52} INFO - Started process 167 to run task
[2022-01-11 15:57:54,718] {standard_task_runner.py:76} INFO - Running: ['***', 'tasks', 'run', 'stocks_dag', 'print_date', 'manual__2022-01-11T15:57:53.284347+00:00', '--job-id', '172', '--raw', '--subdir', 'DAGS_FOLDER/stocks_dag.py', '--cfg-path', '/tmp/tmp7dclbfa1', '--error-file', '/tmp/tmp5auz73tz']
[2022-01-11 15:57:54,719] {standard_task_runner.py:77} INFO - Job 172: Subtask print_date
[2022-01-11 15:57:54,787] {logging_mixin.py:109} INFO - Running <TaskInstance: stocks_dag.print_date manual__2022-01-11T15:57:53.284347+00:00 [running]> on host b2689cbd0ea6
[2022-01-11 15:57:54,851] {taskinstance.py:1426} INFO - Exporting the following env vars:
AIRFLOW_CTX_DAG_EMAIL=mcgaritym@gmail.com
AIRFLOW_CTX_DAG_OWNER=***
AIRFLOW_CTX_DAG_ID=stocks_dag
AIRFLOW_CTX_TASK_ID=print_date
AIRFLOW_CTX_EXECUTION_DATE=2022-01-11T15:57:53.284347+00:00
AIRFLOW_CTX_DAG_RUN_ID=manual__2022-01-11T15:57:53.284347+00:00
[2022-01-11 15:57:54,853] {subprocess.py:62} INFO - Tmp dir root location: 
 /tmp
[2022-01-11 15:57:54,854] {subprocess.py:74} INFO - Running command: ['bash', '-c', 'date']
[2022-01-11 15:57:54,872] {subprocess.py:85} INFO - Output:
[2022-01-11 15:57:54,877] {subprocess.py:89} INFO - Tue Jan 11 15:57:54 UTC 2022
[2022-01-11 15:57:54,879] {subprocess.py:93} INFO - Command exited with return code 0
[2022-01-11 15:57:54,942] {taskinstance.py:1277} INFO - Marking task as SUCCESS. dag_id=stocks_dag, task_id=print_date, execution_date=20220111T155753, start_date=20220111T155754, end_date=20220111T155754
[2022-01-11 15:57:55,006] {local_task_job.py:154} INFO - Task exited with return code 0
[2022-01-11 15:57:55,062] {local_task_job.py:264} INFO - 0 downstream tasks scheduled from follow-on schedule check
