[2022-01-11 15:33:09,615] {taskinstance.py:1032} INFO - Dependencies all met for <TaskInstance: stocks_dag.get_tickers_2_ manual__2022-01-11T15:18:20.929962+00:00 [queued]>
[2022-01-11 15:33:09,631] {taskinstance.py:1032} INFO - Dependencies all met for <TaskInstance: stocks_dag.get_tickers_2_ manual__2022-01-11T15:18:20.929962+00:00 [queued]>
[2022-01-11 15:33:09,632] {taskinstance.py:1238} INFO - 
--------------------------------------------------------------------------------
[2022-01-11 15:33:09,634] {taskinstance.py:1239} INFO - Starting attempt 3 of 4
[2022-01-11 15:33:09,635] {taskinstance.py:1240} INFO - 
--------------------------------------------------------------------------------
[2022-01-11 15:33:09,657] {taskinstance.py:1259} INFO - Executing <Task(PythonOperator): get_tickers_2_> on 2022-01-11 15:18:20.929962+00:00
[2022-01-11 15:33:09,665] {standard_task_runner.py:52} INFO - Started process 801 to run task
[2022-01-11 15:33:09,670] {standard_task_runner.py:76} INFO - Running: ['***', 'tasks', 'run', 'stocks_dag', 'get_tickers_2_', 'manual__2022-01-11T15:18:20.929962+00:00', '--job-id', '128', '--raw', '--subdir', 'DAGS_FOLDER/stocks_dag.py', '--cfg-path', '/tmp/tmpvsws7xmp', '--error-file', '/tmp/tmpyghz195_']
[2022-01-11 15:33:09,672] {standard_task_runner.py:77} INFO - Job 128: Subtask get_tickers_2_
[2022-01-11 15:33:09,767] {logging_mixin.py:109} INFO - Running <TaskInstance: stocks_dag.get_tickers_2_ manual__2022-01-11T15:18:20.929962+00:00 [running]> on host 36edd51a2216
[2022-01-11 15:33:09,825] {taskinstance.py:1426} INFO - Exporting the following env vars:
AIRFLOW_CTX_DAG_EMAIL=mcgaritym@gmail.com
AIRFLOW_CTX_DAG_OWNER=***
AIRFLOW_CTX_DAG_ID=stocks_dag
AIRFLOW_CTX_TASK_ID=get_tickers_2_
AIRFLOW_CTX_EXECUTION_DATE=2022-01-11T15:18:20.929962+00:00
AIRFLOW_CTX_DAG_RUN_ID=manual__2022-01-11T15:18:20.929962+00:00
[2022-01-11 15:33:09,828] {logging_mixin.py:109} INFO - Parent Directory:  /opt
[2022-01-11 15:33:09,829] {logging_mixin.py:109} INFO - Data Directory:  /opt/data
[2022-01-11 15:33:09,830] {logging_mixin.py:109} INFO - Current Working Directory:  /opt/***
[2022-01-11 15:33:09,830] {python.py:175} INFO - Done. Returned value was: None
[2022-01-11 15:33:09,845] {taskinstance.py:1277} INFO - Marking task as SUCCESS. dag_id=stocks_dag, task_id=get_tickers_2_, execution_date=20220111T151820, start_date=20220111T153309, end_date=20220111T153309
[2022-01-11 15:33:09,886] {local_task_job.py:154} INFO - Task exited with return code 0
[2022-01-11 15:33:09,927] {local_task_job.py:264} INFO - 1 downstream tasks scheduled from follow-on schedule check
