[2022-01-11 17:05:17,899] {taskinstance.py:1032} INFO - Dependencies all met for <TaskInstance: stocks_dag.print_date manual__2022-01-11T17:05:16.375083+00:00 [queued]>
[2022-01-11 17:05:17,914] {taskinstance.py:1032} INFO - Dependencies all met for <TaskInstance: stocks_dag.print_date manual__2022-01-11T17:05:16.375083+00:00 [queued]>
[2022-01-11 17:05:17,915] {taskinstance.py:1238} INFO - 
--------------------------------------------------------------------------------
[2022-01-11 17:05:17,916] {taskinstance.py:1239} INFO - Starting attempt 1 of 4
[2022-01-11 17:05:17,917] {taskinstance.py:1240} INFO - 
--------------------------------------------------------------------------------
[2022-01-11 17:05:17,935] {taskinstance.py:1259} INFO - Executing <Task(BashOperator): print_date> on 2022-01-11 17:05:16.375083+00:00
[2022-01-11 17:05:17,945] {standard_task_runner.py:52} INFO - Started process 229 to run task
[2022-01-11 17:05:17,950] {standard_task_runner.py:76} INFO - Running: ['***', 'tasks', 'run', 'stocks_dag', 'print_date', 'manual__2022-01-11T17:05:16.375083+00:00', '--job-id', '325', '--raw', '--subdir', 'DAGS_FOLDER/stocks_dag.py', '--cfg-path', '/tmp/tmpyatnc56s', '--error-file', '/tmp/tmp2epk59g_']
[2022-01-11 17:05:17,951] {standard_task_runner.py:77} INFO - Job 325: Subtask print_date
[2022-01-11 17:05:18,034] {logging_mixin.py:109} INFO - Running <TaskInstance: stocks_dag.print_date manual__2022-01-11T17:05:16.375083+00:00 [running]> on host 405af3592982
[2022-01-11 17:05:18,126] {taskinstance.py:1426} INFO - Exporting the following env vars:
AIRFLOW_CTX_DAG_EMAIL=mcgaritym@gmail.com
AIRFLOW_CTX_DAG_OWNER=***
AIRFLOW_CTX_DAG_ID=stocks_dag
AIRFLOW_CTX_TASK_ID=print_date
AIRFLOW_CTX_EXECUTION_DATE=2022-01-11T17:05:16.375083+00:00
AIRFLOW_CTX_DAG_RUN_ID=manual__2022-01-11T17:05:16.375083+00:00
[2022-01-11 17:05:18,128] {subprocess.py:62} INFO - Tmp dir root location: 
 /tmp
[2022-01-11 17:05:18,130] {subprocess.py:74} INFO - Running command: ['bash', '-c', 'date']
[2022-01-11 17:05:18,147] {subprocess.py:85} INFO - Output:
[2022-01-11 17:05:18,154] {subprocess.py:89} INFO - Tue Jan 11 17:05:18 UTC 2022
[2022-01-11 17:05:18,157] {subprocess.py:93} INFO - Command exited with return code 0
[2022-01-11 17:05:18,236] {taskinstance.py:1277} INFO - Marking task as SUCCESS. dag_id=stocks_dag, task_id=print_date, execution_date=20220111T170516, start_date=20220111T170517, end_date=20220111T170518
[2022-01-11 17:05:18,292] {local_task_job.py:154} INFO - Task exited with return code 0
[2022-01-11 17:05:18,337] {local_task_job.py:264} INFO - 0 downstream tasks scheduled from follow-on schedule check
