[2022-01-23 02:10:34,737] {taskinstance.py:1032} INFO - Dependencies all met for <TaskInstance: stocks_dag.get_financials_ manual__2022-01-23T02:07:52.528191+00:00 [queued]>
[2022-01-23 02:10:34,750] {taskinstance.py:1032} INFO - Dependencies all met for <TaskInstance: stocks_dag.get_financials_ manual__2022-01-23T02:07:52.528191+00:00 [queued]>
[2022-01-23 02:10:34,751] {taskinstance.py:1238} INFO - 
--------------------------------------------------------------------------------
[2022-01-23 02:10:34,751] {taskinstance.py:1239} INFO - Starting attempt 1 of 4
[2022-01-23 02:10:34,752] {taskinstance.py:1240} INFO - 
--------------------------------------------------------------------------------
[2022-01-23 02:10:34,765] {taskinstance.py:1259} INFO - Executing <Task(PythonOperator): get_financials_> on 2022-01-23 02:07:52.528191+00:00
[2022-01-23 02:10:34,771] {standard_task_runner.py:52} INFO - Started process 1989 to run task
[2022-01-23 02:10:34,776] {standard_task_runner.py:76} INFO - Running: ['***', 'tasks', 'run', 'stocks_dag', 'get_financials_', 'manual__2022-01-23T02:07:52.528191+00:00', '--job-id', '560', '--raw', '--subdir', 'DAGS_FOLDER/stocks_dag.py', '--cfg-path', '/tmp/tmp1yfkynzj', '--error-file', '/tmp/tmpi6dgqy3x']
[2022-01-23 02:10:34,777] {standard_task_runner.py:77} INFO - Job 560: Subtask get_financials_
[2022-01-23 02:10:34,852] {logging_mixin.py:109} INFO - Running <TaskInstance: stocks_dag.get_financials_ manual__2022-01-23T02:07:52.528191+00:00 [running]> on host 313081f76d55
[2022-01-23 02:10:34,911] {taskinstance.py:1426} INFO - Exporting the following env vars:
AIRFLOW_CTX_DAG_EMAIL=mcgaritym@gmail.com
AIRFLOW_CTX_DAG_OWNER=***
AIRFLOW_CTX_DAG_ID=stocks_dag
AIRFLOW_CTX_TASK_ID=get_financials_
AIRFLOW_CTX_EXECUTION_DATE=2022-01-23T02:07:52.528191+00:00
AIRFLOW_CTX_DAG_RUN_ID=manual__2022-01-23T02:07:52.528191+00:00
[2022-01-23 02:10:35,169] {logging_mixin.py:109} INFO - AAPL 1
[2022-01-23 02:10:38,599] {logging_mixin.py:109} INFO - MSFT 2
[2022-01-23 02:10:42,414] {logging_mixin.py:109} INFO - GOOGL 3
[2022-01-23 02:10:44,871] {local_task_job.py:212} WARNING - State of this instance has been externally set to failed. Terminating instance.
[2022-01-23 02:10:44,873] {process_utils.py:124} INFO - Sending Signals.SIGTERM to group 1989. PIDs of all processes in the group: [1989]
[2022-01-23 02:10:44,875] {process_utils.py:75} INFO - Sending the signal Signals.SIGTERM to group 1989
[2022-01-23 02:10:44,876] {taskinstance.py:1408} ERROR - Received SIGTERM. Terminating subprocesses.
[2022-01-23 02:10:44,877] {logging_mixin.py:109} INFO - Task received SIGTERM signal
[2022-01-23 02:10:44,881] {logging_mixin.py:109} INFO - GOOG 4
[2022-01-23 02:10:50,425] {logging_mixin.py:109} INFO - AMZN 5
[2022-01-23 02:10:59,381] {logging_mixin.py:109} INFO - TSLA 6
[2022-01-23 02:11:09,259] {logging_mixin.py:109} INFO - FB 7
[2022-01-23 02:11:18,342] {logging_mixin.py:109} INFO - NVDA 8
[2022-01-23 02:11:27,699] {logging_mixin.py:109} INFO - TSM 9
[2022-01-23 02:11:36,415] {logging_mixin.py:109} INFO - JPM 10
[2022-01-23 02:11:44,846] {process_utils.py:138} WARNING - process psutil.Process(pid=1989, name='airflow task ru', status='sleeping', started='02:10:33') did not respond to SIGTERM. Trying SIGKILL
[2022-01-23 02:11:44,848] {process_utils.py:75} INFO - Sending the signal Signals.SIGKILL to group 1989
[2022-01-23 02:11:44,902] {process_utils.py:70} INFO - Process psutil.Process(pid=1989, name='airflow task ru', status='terminated', exitcode=<Negsignal.SIGKILL: -9>, started='02:10:33') (1989) terminated with exit code Negsignal.SIGKILL
[2022-01-23 02:11:44,904] {standard_task_runner.py:135} ERROR - Job 560 was killed before it finished (likely due to running out of memory)
