[2022-01-10 22:51:38,715] {taskinstance.py:1032} INFO - Dependencies all met for <TaskInstance: stocks_dag.sql_connect_ manual__2022-01-10T22:51:36.349058+00:00 [queued]>
[2022-01-10 22:51:38,728] {taskinstance.py:1032} INFO - Dependencies all met for <TaskInstance: stocks_dag.sql_connect_ manual__2022-01-10T22:51:36.349058+00:00 [queued]>
[2022-01-10 22:51:38,729] {taskinstance.py:1238} INFO - 
--------------------------------------------------------------------------------
[2022-01-10 22:51:38,730] {taskinstance.py:1239} INFO - Starting attempt 1 of 4
[2022-01-10 22:51:38,731] {taskinstance.py:1240} INFO - 
--------------------------------------------------------------------------------
[2022-01-10 22:51:38,743] {taskinstance.py:1259} INFO - Executing <Task(PythonOperator): sql_connect_> on 2022-01-10 22:51:36.349058+00:00
[2022-01-10 22:51:38,748] {standard_task_runner.py:52} INFO - Started process 2282 to run task
[2022-01-10 22:51:38,753] {standard_task_runner.py:76} INFO - Running: ['***', 'tasks', 'run', 'stocks_dag', 'sql_connect_', 'manual__2022-01-10T22:51:36.349058+00:00', '--job-id', '94', '--raw', '--subdir', 'DAGS_FOLDER/stocks_dag.py', '--cfg-path', '/tmp/tmp2cdj9qvp', '--error-file', '/tmp/tmpcdz0_8wf']
[2022-01-10 22:51:38,754] {standard_task_runner.py:77} INFO - Job 94: Subtask sql_connect_
[2022-01-10 22:51:38,820] {logging_mixin.py:109} INFO - Running <TaskInstance: stocks_dag.sql_connect_ manual__2022-01-10T22:51:36.349058+00:00 [running]> on host 6e02ffb9d96a
[2022-01-10 22:51:38,871] {taskinstance.py:1426} INFO - Exporting the following env vars:
AIRFLOW_CTX_DAG_EMAIL=mcgaritym@gmail.com
AIRFLOW_CTX_DAG_OWNER=***
AIRFLOW_CTX_DAG_ID=stocks_dag
AIRFLOW_CTX_TASK_ID=sql_connect_
AIRFLOW_CTX_EXECUTION_DATE=2022-01-10T22:51:36.349058+00:00
AIRFLOW_CTX_DAG_RUN_ID=manual__2022-01-10T22:51:36.349058+00:00
[2022-01-10 22:51:38,914] {python.py:175} INFO - Done. Returned value was: Stocks Database Created
[2022-01-10 22:51:38,939] {taskinstance.py:1277} INFO - Marking task as SUCCESS. dag_id=stocks_dag, task_id=sql_connect_, execution_date=20220110T225136, start_date=20220110T225138, end_date=20220110T225138
[2022-01-10 22:51:38,967] {local_task_job.py:154} INFO - Task exited with return code 0
[2022-01-10 22:51:39,006] {local_task_job.py:264} INFO - 1 downstream tasks scheduled from follow-on schedule check
