[2022-01-23 01:52:47,958] {taskinstance.py:1032} INFO - Dependencies all met for <TaskInstance: stocks_dag.print_date manual__2022-01-23T01:52:46.073734+00:00 [queued]>
[2022-01-23 01:52:47,969] {taskinstance.py:1032} INFO - Dependencies all met for <TaskInstance: stocks_dag.print_date manual__2022-01-23T01:52:46.073734+00:00 [queued]>
[2022-01-23 01:52:47,970] {taskinstance.py:1238} INFO - 
--------------------------------------------------------------------------------
[2022-01-23 01:52:47,970] {taskinstance.py:1239} INFO - Starting attempt 1 of 4
[2022-01-23 01:52:47,972] {taskinstance.py:1240} INFO - 
--------------------------------------------------------------------------------
[2022-01-23 01:52:47,988] {taskinstance.py:1259} INFO - Executing <Task(BashOperator): print_date> on 2022-01-23 01:52:46.073734+00:00
[2022-01-23 01:52:47,996] {standard_task_runner.py:52} INFO - Started process 1120 to run task
[2022-01-23 01:52:47,999] {standard_task_runner.py:76} INFO - Running: ['***', 'tasks', 'run', 'stocks_dag', 'print_date', 'manual__2022-01-23T01:52:46.073734+00:00', '--job-id', '531', '--raw', '--subdir', 'DAGS_FOLDER/stocks_dag.py', '--cfg-path', '/tmp/tmpe2n1muzl', '--error-file', '/tmp/tmp3hmtscu8']
[2022-01-23 01:52:48,000] {standard_task_runner.py:77} INFO - Job 531: Subtask print_date
[2022-01-23 01:52:48,065] {logging_mixin.py:109} INFO - Running <TaskInstance: stocks_dag.print_date manual__2022-01-23T01:52:46.073734+00:00 [running]> on host 313081f76d55
[2022-01-23 01:52:48,130] {taskinstance.py:1426} INFO - Exporting the following env vars:
AIRFLOW_CTX_DAG_EMAIL=mcgaritym@gmail.com
AIRFLOW_CTX_DAG_OWNER=***
AIRFLOW_CTX_DAG_ID=stocks_dag
AIRFLOW_CTX_TASK_ID=print_date
AIRFLOW_CTX_EXECUTION_DATE=2022-01-23T01:52:46.073734+00:00
AIRFLOW_CTX_DAG_RUN_ID=manual__2022-01-23T01:52:46.073734+00:00
[2022-01-23 01:52:48,132] {subprocess.py:62} INFO - Tmp dir root location: 
 /tmp
[2022-01-23 01:52:48,135] {subprocess.py:74} INFO - Running command: ['bash', '-c', 'date']
[2022-01-23 01:52:48,151] {subprocess.py:85} INFO - Output:
[2022-01-23 01:52:48,155] {subprocess.py:89} INFO - Sun Jan 23 01:52:48 UTC 2022
[2022-01-23 01:52:48,156] {subprocess.py:93} INFO - Command exited with return code 0
[2022-01-23 01:52:48,186] {taskinstance.py:1277} INFO - Marking task as SUCCESS. dag_id=stocks_dag, task_id=print_date, execution_date=20220123T015246, start_date=20220123T015247, end_date=20220123T015248
[2022-01-23 01:52:48,219] {local_task_job.py:154} INFO - Task exited with return code 0
[2022-01-23 01:52:48,250] {local_task_job.py:264} INFO - 0 downstream tasks scheduled from follow-on schedule check
