[2022-01-11 17:05:58,411] {taskinstance.py:1032} INFO - Dependencies all met for <TaskInstance: stocks_dag.get_tickers_2_ manual__2022-01-11T17:05:56.827752+00:00 [queued]>
[2022-01-11 17:05:58,421] {taskinstance.py:1032} INFO - Dependencies all met for <TaskInstance: stocks_dag.get_tickers_2_ manual__2022-01-11T17:05:56.827752+00:00 [queued]>
[2022-01-11 17:05:58,422] {taskinstance.py:1238} INFO - 
--------------------------------------------------------------------------------
[2022-01-11 17:05:58,423] {taskinstance.py:1239} INFO - Starting attempt 1 of 4
[2022-01-11 17:05:58,424] {taskinstance.py:1240} INFO - 
--------------------------------------------------------------------------------
[2022-01-11 17:05:58,435] {taskinstance.py:1259} INFO - Executing <Task(PythonOperator): get_tickers_2_> on 2022-01-11 17:05:56.827752+00:00
[2022-01-11 17:05:58,442] {standard_task_runner.py:52} INFO - Started process 267 to run task
[2022-01-11 17:05:58,448] {standard_task_runner.py:76} INFO - Running: ['***', 'tasks', 'run', 'stocks_dag', 'get_tickers_2_', 'manual__2022-01-11T17:05:56.827752+00:00', '--job-id', '330', '--raw', '--subdir', 'DAGS_FOLDER/stocks_dag.py', '--cfg-path', '/tmp/tmpvcvvs54m', '--error-file', '/tmp/tmp4ac5fi7z']
[2022-01-11 17:05:58,449] {standard_task_runner.py:77} INFO - Job 330: Subtask get_tickers_2_
[2022-01-11 17:05:58,509] {logging_mixin.py:109} INFO - Running <TaskInstance: stocks_dag.get_tickers_2_ manual__2022-01-11T17:05:56.827752+00:00 [running]> on host 405af3592982
[2022-01-11 17:05:58,563] {taskinstance.py:1426} INFO - Exporting the following env vars:
AIRFLOW_CTX_DAG_EMAIL=mcgaritym@gmail.com
AIRFLOW_CTX_DAG_OWNER=***
AIRFLOW_CTX_DAG_ID=stocks_dag
AIRFLOW_CTX_TASK_ID=get_tickers_2_
AIRFLOW_CTX_EXECUTION_DATE=2022-01-11T17:05:56.827752+00:00
AIRFLOW_CTX_DAG_RUN_ID=manual__2022-01-11T17:05:56.827752+00:00
[2022-01-11 17:05:58,565] {logging_mixin.py:109} INFO - Parent Directory:  /opt
[2022-01-11 17:05:58,566] {logging_mixin.py:109} INFO - Data Directory:  /opt/data
[2022-01-11 17:05:58,568] {logging_mixin.py:109} INFO - Current Working Directory:  /opt/***
[2022-01-11 17:05:58,569] {logging_mixin.py:109} INFO - Current Files in WD_:  ['logs', 'dags', '***-worker.pid', '***.cfg', 'plugins', 'webserver_config.py', 'data', 'requirements.txt', 'nasdaq_screener_1641856343892.csv']
[2022-01-11 17:05:58,571] {logging_mixin.py:109} INFO - ['/opt/***/nasdaq_screener_1641856343892.csv']
[2022-01-11 17:05:58,632] {logging_mixin.py:109} INFO -      Symbol  ...                                    Industry
0         A  ...                         Electrical Products
1        AA  ...                          Metal Fabrications
2       AAC  ...                           Business Services
3      AACG  ...              Service to the Health Industry
4      AACI  ...                                         NaN
...     ...  ...                                         ...
8341    ZWS  ...                                Water Supply
8342     ZY  ...                      Industrial Specialties
8343   ZYME  ...                                         NaN
8344   ZYNE  ...  Biotechnology: Pharmaceutical Preparations
8345   ZYXI  ...                       Other Pharmaceuticals

[8346 rows x 11 columns]
[2022-01-11 17:05:58,633] {python.py:175} INFO - Done. Returned value was: None
[2022-01-11 17:05:58,647] {taskinstance.py:1277} INFO - Marking task as SUCCESS. dag_id=stocks_dag, task_id=get_tickers_2_, execution_date=20220111T170556, start_date=20220111T170558, end_date=20220111T170558
[2022-01-11 17:05:58,702] {local_task_job.py:154} INFO - Task exited with return code 0
[2022-01-11 17:05:58,747] {local_task_job.py:264} INFO - 1 downstream tasks scheduled from follow-on schedule check
