[2022-01-11 16:37:58,816] {taskinstance.py:1032} INFO - Dependencies all met for <TaskInstance: stocks_dag.print_date manual__2022-01-11T16:37:57.452979+00:00 [queued]>
[2022-01-11 16:37:58,827] {taskinstance.py:1032} INFO - Dependencies all met for <TaskInstance: stocks_dag.print_date manual__2022-01-11T16:37:57.452979+00:00 [queued]>
[2022-01-11 16:37:58,828] {taskinstance.py:1238} INFO - 
--------------------------------------------------------------------------------
[2022-01-11 16:37:58,828] {taskinstance.py:1239} INFO - Starting attempt 1 of 4
[2022-01-11 16:37:58,829] {taskinstance.py:1240} INFO - 
--------------------------------------------------------------------------------
[2022-01-11 16:37:58,841] {taskinstance.py:1259} INFO - Executing <Task(BashOperator): print_date> on 2022-01-11 16:37:57.452979+00:00
[2022-01-11 16:37:58,846] {standard_task_runner.py:52} INFO - Started process 319 to run task
[2022-01-11 16:37:58,850] {standard_task_runner.py:76} INFO - Running: ['***', 'tasks', 'run', 'stocks_dag', 'print_date', 'manual__2022-01-11T16:37:57.452979+00:00', '--job-id', '213', '--raw', '--subdir', 'DAGS_FOLDER/stocks_dag.py', '--cfg-path', '/tmp/tmpkmbw9mlm', '--error-file', '/tmp/tmpcj5ndva3']
[2022-01-11 16:37:58,851] {standard_task_runner.py:77} INFO - Job 213: Subtask print_date
[2022-01-11 16:37:58,917] {logging_mixin.py:109} INFO - Running <TaskInstance: stocks_dag.print_date manual__2022-01-11T16:37:57.452979+00:00 [running]> on host 05378dffc570
[2022-01-11 16:37:58,988] {taskinstance.py:1426} INFO - Exporting the following env vars:
AIRFLOW_CTX_DAG_EMAIL=mcgaritym@gmail.com
AIRFLOW_CTX_DAG_OWNER=***
AIRFLOW_CTX_DAG_ID=stocks_dag
AIRFLOW_CTX_TASK_ID=print_date
AIRFLOW_CTX_EXECUTION_DATE=2022-01-11T16:37:57.452979+00:00
AIRFLOW_CTX_DAG_RUN_ID=manual__2022-01-11T16:37:57.452979+00:00
[2022-01-11 16:37:58,990] {subprocess.py:62} INFO - Tmp dir root location: 
 /tmp
[2022-01-11 16:37:58,992] {subprocess.py:74} INFO - Running command: ['bash', '-c', 'date']
[2022-01-11 16:37:59,005] {subprocess.py:85} INFO - Output:
[2022-01-11 16:37:59,010] {subprocess.py:89} INFO - Tue Jan 11 16:37:59 UTC 2022
[2022-01-11 16:37:59,011] {subprocess.py:93} INFO - Command exited with return code 0
[2022-01-11 16:37:59,038] {taskinstance.py:1277} INFO - Marking task as SUCCESS. dag_id=stocks_dag, task_id=print_date, execution_date=20220111T163757, start_date=20220111T163758, end_date=20220111T163759
[2022-01-11 16:37:59,065] {local_task_job.py:154} INFO - Task exited with return code 0
[2022-01-11 16:37:59,108] {local_task_job.py:264} INFO - 0 downstream tasks scheduled from follow-on schedule check
